Log file open, 01/04/21 20:04:46
LogInit:Display: Running engine for game: Supervivencia
LogPlatformFile: Not using cached read wrapper
LogInit:Display: RandInit(1089175481) SRandInit(1089175482).
LogTaskGraph: Started task graph with 5 named threads and 10 total threads with 1 sets of task threads.
LogStats: Stats thread started at 0.141202
LogInit: Using libcurl 7.47.1
LogInit:  - built for x86_64-pc-win32
LogInit:  - supports SSL with OpenSSL/1.0.2g
LogInit:  - supports HTTP deflate (compression) using libz 1.2.8
LogInit:  - other features:
LogInit:      CURL_VERSION_SSL
LogInit:      CURL_VERSION_LIBZ
LogInit:      CURL_VERSION_IPV6
LogInit:      CURL_VERSION_ASYNCHDNS
LogInit:      CURL_VERSION_LARGEFILE
LogInit:      CURL_VERSION_IDN
LogInit:  CurlRequestOptions (configurable via config and command line):
LogInit:  - bVerifyPeer = false  - Libcurl will NOT verify peer certificate
LogInit:  - bUseHttpProxy = false  - Libcurl will NOT use HTTP proxy
LogInit:  - bDontReuseConnections = false  - Libcurl will reuse connections
LogInit:  - CertBundlePath = nullptr  - Libcurl will use whatever was configured at build time.
LogInit: Build: ++UE4+Release-4.16-CL-3561208
LogInit: Engine Version: 4.16.3-3561208+++UE4+Release-4.16
LogInit: Compatible Engine Version: 4.16.0-3452394+++UE4+Release-4.16
LogInit: Net CL: 3452394
LogDevObjectVersion: Number of dev versions registered: 16
LogDevObjectVersion:   Dev-Blueprints (B0D832E4-1F89-4F0D-ACCF-7EB736FD4AA2): 9
LogDevObjectVersion:   Dev-Build (E1C64328-A22C-4D53-A36C-8E866417BD8C): 0
LogDevObjectVersion:   Dev-Core (375EC13C-06E4-48FB-B500-84F0262A717E): 2
LogDevObjectVersion:   Dev-Editor (E4B068ED-F494-42E9-A231-DA0B2E46BB41): 17
LogDevObjectVersion:   Dev-Framework (CFFC743F-43B0-4480-9391-14DF171D2073): 23
LogDevObjectVersion:   Dev-Mobile (B02B49B5-BB20-44E9-A304-32B752E40360): 0
LogDevObjectVersion:   Dev-Networking (A4E4105C-59A1-49B5-A7C5-40C4547EDFEE): 0
LogDevObjectVersion:   Dev-Online (39C831C9-5AE6-47DC-9A44-9C173E1C8E7C): 0
LogDevObjectVersion:   Dev-Physics (78F01B33-EBEA-4F98-B9B4-84EACCB95AA2): 0
LogDevObjectVersion:   Dev-Platform (6631380F-2D4D-43E0-8009-CF276956A95A): 0
LogDevObjectVersion:   Dev-Rendering (12F88B9F-8875-4AFC-A67C-D90C383ABD29): 15
LogDevObjectVersion:   Dev-Sequencer (7B5AE74C-D270-4C10-A958-57980B212A5A): 4
LogDevObjectVersion:   Dev-VR (D7296918-1DD6-4BDD-9DE2-64A83CC13884): 0
LogDevObjectVersion:   Dev-LoadTimes (C2A15278-BFE7-4AFE-6C17-90FF531DF755): 1
LogDevObjectVersion:   Private-Geometry (6EACA3D4-40EC-4CC1-B786-8BED09428FC5): 1
LogDevObjectVersion:   Dev-AnimPhys (29E575DD-E0A3-4627-9D10-D276232CDCEA): 3
LogInit: Compiled (64-bit): Jul 28 2017 11:49:47
LogInit: Compiled with Visual C++: 19.00.24215.01
LogInit: Build Configuration: Development
LogInit: Branch Name: ++UE4+Release-4.16
LogInit: Command line: 
LogInit: Base directory: D:/PROGRAMAS/UNREAL/UE_4.16/Engine/Binaries/Win64/
LogInit: Installed Engine Build: 1
LogInit: Presizing for max 8388607 objects, including 0 objects not considered by GC, pre-allocating 0 bytes for permanent pool.
LogInit: Object subsystem initialized
[2021.01.04-19.04.46:624][  0]LogInit: Selected Device Profile: [Windows]
[2021.01.04-19.04.46:624][  0]LogInit: Applying CVar settings loaded from the selected device profile: [Windows]
[2021.01.04-19.04.46:643][  0]LogInit: Computer: DESKTOP-IQLRGCS
[2021.01.04-19.04.46:643][  0]LogInit: User: Sofía
[2021.01.04-19.04.46:643][  0]LogInit: CPU Page size=4096, Cores=6
[2021.01.04-19.04.46:643][  0]LogInit: High frequency timer resolution =10.000000 MHz
[2021.01.04-19.04.46:643][  0]LogMemory: Memory total: Physical=16.0GB (16GB approx)
[2021.01.04-19.04.46:643][  0]LogMemory: Platform Memory Stats for Windows
[2021.01.04-19.04.46:643][  0]LogMemory: Process Physical Memory: 275.85 MB used, 275.85 MB peak
[2021.01.04-19.04.46:643][  0]LogMemory: Process Virtual Memory: 267.27 MB used, 267.27 MB peak
[2021.01.04-19.04.46:643][  0]LogMemory: Physical Memory: 6446.14 MB used,  9887.48 MB free, 16333.62 MB total
[2021.01.04-19.04.46:643][  0]LogMemory: Virtual Memory: 4767.56 MB used,  9887.48 MB free, 134217728.00 MB total
[2021.01.04-19.04.46:697][  0]LogInit: Overriding language with editor language configuration option (en).
[2021.01.04-19.04.46:697][  0]LogInit: Overriding locale with editor locale configuration option (en).
[2021.01.04-19.04.47:494][  0]LogD3D11RHI: D3D11 adapters:
[2021.01.04-19.04.47:591][  0]LogD3D11RHI:    0. 'NVIDIA GeForce GTX 1650 SUPER' (Feature Level 11_0)
[2021.01.04-19.04.47:591][  0]LogD3D11RHI:       3955/0/8166 MB DedicatedVideo/DedicatedSystem/SharedSystem, Outputs:1, VendorId:0x10de
[2021.01.04-19.04.47:592][  0]LogD3D11RHI:    1. 'Microsoft Basic Render Driver' (Feature Level 11_0)
[2021.01.04-19.04.47:592][  0]LogD3D11RHI:       0/0/8166 MB DedicatedVideo/DedicatedSystem/SharedSystem, Outputs:0, VendorId:0x1414
[2021.01.04-19.04.47:592][  0]LogD3D11RHI: Chosen D3D11 Adapter: 0
[2021.01.04-19.04.47:597][  0]LogD3D11RHI: Creating new Direct3DDevice
[2021.01.04-19.04.47:597][  0]LogD3D11RHI:     GPU DeviceId: 0x2187 (for the marketing name, search the web for "GPU Device Id")
[2021.01.04-19.04.47:597][  0]LogWindows: EnumDisplayDevices:
[2021.01.04-19.04.47:597][  0]LogWindows:    0. 'NVIDIA GeForce GTX 1650 SUPER' (P:1 D:1)
[2021.01.04-19.04.47:597][  0]LogWindows:    1. 'NVIDIA GeForce GTX 1650 SUPER' (P:0 D:0)
[2021.01.04-19.04.47:597][  0]LogWindows:    2. 'NVIDIA GeForce GTX 1650 SUPER' (P:0 D:0)
[2021.01.04-19.04.47:597][  0]LogWindows:    3. 'NVIDIA GeForce GTX 1650 SUPER' (P:0 D:0)
[2021.01.04-19.04.47:598][  0]LogWindows: DebugString: GetVideoDriverDetailsInvalid PrimaryIsNotTheChoosenAdapter GetVideoDriverDetailsInvalid PrimaryIsNotTheChoosenAdapter GetVideoDriverDetailsInvalid PrimaryIsNotTheChoosenAdapter GetVideoDriverDetailsInvalid PrimaryIsNotTheChoosenAdapter FoundDriverCount:0 
[2021.01.04-19.04.47:598][  0]LogD3D11RHI:     Adapter Name: NVIDIA GeForce GTX 1650 SUPER
[2021.01.04-19.04.47:598][  0]LogD3D11RHI:   Driver Version: Unknown (internal:Unknown, unified:Unknown)
[2021.01.04-19.04.47:598][  0]LogD3D11RHI:      Driver Date: Unknown
[2021.01.04-19.04.47:598][  0]LogRHI: Texture pool is 1361 MB (70% of 1945 MB)
[2021.01.04-19.04.47:669][  0]LogD3D11RHI: Async texture creation enabled
[2021.01.04-19.04.47:687][  0]LogD3D11RHI: GPU Timing Frequency: 1000.000000 (Debug: 2 2)
[2021.01.04-19.04.47:688][  0]LogShaderCompilers: Guid format shader working directory is -27 characters bigger than the processId version (../../../../../../CLASE/VIDEOJUEGOS/LAB/JUEGO LIBRE UNREAL/Supervivencia/Intermediate/Shaders/WorkingDirectory/14000/).
[2021.01.04-19.04.47:688][  0]LogShaderCompilers: Cleaned the shader compiler working directory 'C:/Users/Sofía/AppData/Local/Temp/UnrealShaderWorkingDir/76CA4724416C50B8ED13DB87FFE795E5/'.
[2021.01.04-19.04.47:688][  0]LogShaderCompilers:Display: Using Local Shader Compiler.
[2021.01.04-19.04.48:449][  0]LogTemp:Display: Loaded TP AllDesktopTargetPlatform
[2021.01.04-19.04.48:487][  0]LogTemp:Display: Loaded TP MacClientTargetPlatform
