Log file open, 01/05/21 16:55:48
LogInit:Display: Running engine for game: Supervivencia
LogPlatformFile: Not using cached read wrapper
LogInit:Display: RandInit(-1322421372) SRandInit(-1322421372).
LogTaskGraph: Started task graph with 5 named threads and 10 total threads with 1 sets of task threads.
LogStats: Stats thread started at 0.133943
LogInit: Using libcurl 7.47.1
LogInit:  - built for x86_64-pc-win32
LogInit:  - supports SSL with OpenSSL/1.0.2g
LogInit:  - supports HTTP deflate (compression) using libz 1.2.8
LogInit:  - other features:
LogInit:      CURL_VERSION_SSL
LogInit:      CURL_VERSION_LIBZ
LogInit:      CURL_VERSION_IPV6
LogInit:      CURL_VERSION_ASYNCHDNS
LogInit:      CURL_VERSION_LARGEFILE
LogInit:      CURL_VERSION_IDN
LogInit:  CurlRequestOptions (configurable via config and command line):
LogInit:  - bVerifyPeer = false  - Libcurl will NOT verify peer certificate
LogInit:  - bUseHttpProxy = false  - Libcurl will NOT use HTTP proxy
LogInit:  - bDontReuseConnections = false  - Libcurl will reuse connections
LogInit:  - CertBundlePath = nullptr  - Libcurl will use whatever was configured at build time.
LogInit: Build: ++UE4+Release-4.16-CL-3561208
LogInit: Engine Version: 4.16.3-3561208+++UE4+Release-4.16
LogInit: Compatible Engine Version: 4.16.0-3452394+++UE4+Release-4.16
LogInit: Net CL: 3452394
LogDevObjectVersion: Number of dev versions registered: 16
LogDevObjectVersion:   Dev-Blueprints (B0D832E4-1F89-4F0D-ACCF-7EB736FD4AA2): 9
LogDevObjectVersion:   Dev-Build (E1C64328-A22C-4D53-A36C-8E866417BD8C): 0
LogDevObjectVersion:   Dev-Core (375EC13C-06E4-48FB-B500-84F0262A717E): 2
LogDevObjectVersion:   Dev-Editor (E4B068ED-F494-42E9-A231-DA0B2E46BB41): 17
LogDevObjectVersion:   Dev-Framework (CFFC743F-43B0-4480-9391-14DF171D2073): 23
LogDevObjectVersion:   Dev-Mobile (B02B49B5-BB20-44E9-A304-32B752E40360): 0
LogDevObjectVersion:   Dev-Networking (A4E4105C-59A1-49B5-A7C5-40C4547EDFEE): 0
LogDevObjectVersion:   Dev-Online (39C831C9-5AE6-47DC-9A44-9C173E1C8E7C): 0
LogDevObjectVersion:   Dev-Physics (78F01B33-EBEA-4F98-B9B4-84EACCB95AA2): 0
LogDevObjectVersion:   Dev-Platform (6631380F-2D4D-43E0-8009-CF276956A95A): 0
LogDevObjectVersion:   Dev-Rendering (12F88B9F-8875-4AFC-A67C-D90C383ABD29): 15
LogDevObjectVersion:   Dev-Sequencer (7B5AE74C-D270-4C10-A958-57980B212A5A): 4
LogDevObjectVersion:   Dev-VR (D7296918-1DD6-4BDD-9DE2-64A83CC13884): 0
LogDevObjectVersion:   Dev-LoadTimes (C2A15278-BFE7-4AFE-6C17-90FF531DF755): 1
LogDevObjectVersion:   Private-Geometry (6EACA3D4-40EC-4CC1-B786-8BED09428FC5): 1
LogDevObjectVersion:   Dev-AnimPhys (29E575DD-E0A3-4627-9D10-D276232CDCEA): 3
LogInit: Compiled (64-bit): Jul 28 2017 11:49:47
LogInit: Compiled with Visual C++: 19.00.24215.01
LogInit: Build Configuration: Development
LogInit: Branch Name: ++UE4+Release-4.16
LogInit: Command line: 
LogInit: Base directory: D:/PROGRAMAS/UNREAL/UE_4.16/Engine/Binaries/Win64/
LogInit: Installed Engine Build: 1
LogInit: Presizing for max 8388607 objects, including 0 objects not considered by GC, pre-allocating 0 bytes for permanent pool.
LogInit: Object subsystem initialized
[2021.01.05-15.55.49:340][  0]LogInit: Selected Device Profile: [Windows]
[2021.01.05-15.55.49:340][  0]LogInit: Applying CVar settings loaded from the selected device profile: [Windows]
[2021.01.05-15.55.49:351][  0]LogInit: Computer: DESKTOP-IQLRGCS
[2021.01.05-15.55.49:351][  0]LogInit: User: Sofía
[2021.01.05-15.55.49:351][  0]LogInit: CPU Page size=4096, Cores=6
[2021.01.05-15.55.49:351][  0]LogInit: High frequency timer resolution =10.000000 MHz
[2021.01.05-15.55.49:352][  0]LogMemory: Memory total: Physical=16.0GB (16GB approx)
[2021.01.05-15.55.49:352][  0]LogMemory: Platform Memory Stats for Windows
[2021.01.05-15.55.49:352][  0]LogMemory: Process Physical Memory: 275.31 MB used, 275.31 MB peak
[2021.01.05-15.55.49:352][  0]LogMemory: Process Virtual Memory: 267.39 MB used, 267.39 MB peak
[2021.01.05-15.55.49:352][  0]LogMemory: Physical Memory: 6428.23 MB used,  9905.38 MB free, 16333.62 MB total
[2021.01.05-15.55.49:352][  0]LogMemory: Virtual Memory: 4767.56 MB used,  9905.38 MB free, 134217728.00 MB total
[2021.01.05-15.55.49:406][  0]LogInit: Overriding language with editor language configuration option (en).
[2021.01.05-15.55.49:406][  0]LogInit: Overriding locale with editor locale configuration option (en).
[2021.01.05-15.55.50:195][  0]LogD3D11RHI: D3D11 adapters:
[2021.01.05-15.55.50:289][  0]LogD3D11RHI:    0. 'NVIDIA GeForce GTX 1650 SUPER' (Feature Level 11_0)
[2021.01.05-15.55.50:289][  0]LogD3D11RHI:       3955/0/8166 MB DedicatedVideo/DedicatedSystem/SharedSystem, Outputs:1, VendorId:0x10de
[2021.01.05-15.55.50:291][  0]LogD3D11RHI:    1. 'Microsoft Basic Render Driver' (Feature Level 11_0)
[2021.01.05-15.55.50:291][  0]LogD3D11RHI:       0/0/8166 MB DedicatedVideo/DedicatedSystem/SharedSystem, Outputs:0, VendorId:0x1414
[2021.01.05-15.55.50:291][  0]LogD3D11RHI: Chosen D3D11 Adapter: 0
[2021.01.05-15.55.50:296][  0]LogD3D11RHI: Creating new Direct3DDevice
[2021.01.05-15.55.50:296][  0]LogD3D11RHI:     GPU DeviceId: 0x2187 (for the marketing name, search the web for "GPU Device Id")
[2021.01.05-15.55.50:296][  0]LogWindows: EnumDisplayDevices:
[2021.01.05-15.55.50:296][  0]LogWindows:    0. 'NVIDIA GeForce GTX 1650 SUPER' (P:1 D:1)
[2021.01.05-15.55.50:296][  0]LogWindows:    1. 'NVIDIA GeForce GTX 1650 SUPER' (P:0 D:0)
[2021.01.05-15.55.50:297][  0]LogWindows:    2. 'NVIDIA GeForce GTX 1650 SUPER' (P:0 D:0)
[2021.01.05-15.55.50:297][  0]LogWindows:    3. 'NVIDIA GeForce GTX 1650 SUPER' (P:0 D:0)
[2021.01.05-15.55.50:297][  0]LogWindows: DebugString: GetVideoDriverDetailsInvalid PrimaryIsNotTheChoosenAdapter GetVideoDriverDetailsInvalid PrimaryIsNotTheChoosenAdapter GetVideoDriverDetailsInvalid PrimaryIsNotTheChoosenAdapter GetVideoDriverDetailsInvalid PrimaryIsNotTheChoosenAdapter FoundDriverCount:0 
[2021.01.05-15.55.50:297][  0]LogD3D11RHI:     Adapter Name: NVIDIA GeForce GTX 1650 SUPER
[2021.01.05-15.55.50:297][  0]LogD3D11RHI:   Driver Version: Unknown (internal:Unknown, unified:Unknown)
[2021.01.05-15.55.50:297][  0]LogD3D11RHI:      Driver Date: Unknown
[2021.01.05-15.55.50:297][  0]LogRHI: Texture pool is 1361 MB (70% of 1945 MB)
[2021.01.05-15.55.50:372][  0]LogD3D11RHI: Async texture creation enabled
[2021.01.05-15.55.50:391][  0]LogD3D11RHI: GPU Timing Frequency: 1000.000000 (Debug: 2 2)
[2021.01.05-15.55.50:392][  0]LogShaderCompilers: Guid format shader working directory is -26 characters bigger than the processId version (../../../../../../CLASE/VIDEOJUEGOS/LAB/JUEGO LIBRE UNREAL/Supervivencia/Intermediate/Shaders/WorkingDirectory/9312/).
[2021.01.05-15.55.50:392][  0]LogShaderCompilers: Cleaned the shader compiler working directory 'C:/Users/Sofía/AppData/Local/Temp/UnrealShaderWorkingDir/D353974C4175E6D7FE70B8AF9679B395/'.
[2021.01.05-15.55.50:392][  0]LogShaderCompilers:Display: Using Local Shader Compiler.
[2021.01.05-15.55.51:180][  0]LogTemp:Display: Loaded TP AllDesktopTargetPlatform
[2021.01.05-15.55.51:219][  0]LogTemp:Display: Loaded TP MacClientTargetPlatform
[2021.01.05-15.55.51:258][  0]LogTemp:Display: Loaded TP MacNoEditorTargetPlatform
[2021.01.05-15.55.51:297][  0]LogTemp:Display: Loaded TP MacServerTargetPlatform
[2021.01.05-15.55.51:336][  0]LogTemp:Display: Loaded TP MacTargetPlatform
[2021.01.05-15.55.51:375][  0]LogTemp:Display: Loaded TP WindowsClientTargetPlatform
[2021.01.05-15.55.51:414][  0]LogTemp:Display: Loaded TP WindowsNoEditorTargetPlatform
[2021.01.05-15.55.51:452][  0]LogTemp:Display: Loaded TP WindowsServerTargetPlatform
[2021.01.05-15.55.51:486][  0]LogTemp:Display: Loaded TP WindowsTargetPlatform
[2021.01.05-15.55.51:524][  0]LogTemp:Display: Loaded TP AndroidTargetPlatform
[2021.01.05-15.55.51:563][  0]LogTemp:Display: Loaded TP Android_ASTCTargetPlatform
[2021.01.05-15.55.51:601][  0]LogTemp:Display: Loaded TP Android_ATCTargetPlatform
[2021.01.05-15.55.51:639][  0]LogTemp:Display: Loaded TP Android_DXTTargetPlatform
[2021.01.05-15.55.51:678][  0]LogTemp:Display: Loaded TP Android_ETC1TargetPlatform
[2021.01.05-15.55.51:716][  0]LogTemp:Display: Loaded TP Android_ETC2TargetPlatform
[2021.01.05-15.55.51:792][  0]LogTemp:Display: Loaded TP Android_MultiTargetPlatform
[2021.01.05-15.55.51:792][  0]LogTemp:Display: Loaded TP Android_PVRTCTargetPlatform
[2021.01.05-15.55.51:822][  0]LogTemp:Display: Loaded TP HTML5TargetPlatform
[2021.01.05-15.55.51:899][  0]LogTemp:Display: Loaded TP IOSTargetPlatform
[2021.01.05-15.55.51:922][  0]LogTemp:Display: Loaded TP TVOSTargetPlatform
[2021.01.05-15.55.51:960][  0]LogTemp:Display: Loaded TP LinuxClientTargetPlatform
[2021.01.05-15.55.51:998][  0]LogTemp:Display: Loaded TP LinuxNoEditorTargetPlatform
[2021.01.05-15.55.52:036][  0]LogTemp:Display: Loaded TP LinuxServerTargetPlatform
[2021.01.05-15.55.52:074][  0]LogTemp:Display: Loaded TP LinuxTargetPlatform
[2021.01.05-15.55.52:074][  0]LogTargetPlatformManager:Display: Building Assets For Windows
[2021.01.05-15.55.52:444][  0]LogDerivedDataCache:Display: Max Cache Size: 512 MB
[2021.01.05-15.55.52:496][  0]LogDerivedDataCache: Loaded boot cache 0.05s 90MB C:/Users/Sofía/AppData/Local/UnrealEngine/4.16/DerivedDataCache/Boot.ddc.
[2021.01.05-15.55.52:496][  0]LogDerivedDataCache:Display: Loaded Boot cache: C:/Users/Sofía/AppData/Local/UnrealEngine/4.16/DerivedDataCache/Boot.ddc
[2021.01.05-15.55.52:496][  0]LogDerivedDataCache: FDerivedDataBackendGraph:  Pak pak cache file ../../../../../../CLASE/VIDEOJUEGOS/LAB/JUEGO LIBRE UNREAL/Supervivencia/DerivedDataCache/DDC.ddp not found, will not use a pak cache.
[2021.01.05-15.55.52:496][  0]LogDerivedDataCache: Unable to find inner node Pak for hierarchical cache Hierarchy.
[2021.01.05-15.55.52:496][  0]LogDerivedDataCache: FDerivedDataBackendGraph:  CompressedPak pak cache file ../../../../../../CLASE/VIDEOJUEGOS/LAB/JUEGO LIBRE UNREAL/Supervivencia/DerivedDataCache/Compressed.ddp not found, will not use a pak cache.
[2021.01.05-15.55.52:496][  0]LogDerivedDataCache: Unable to find inner node CompressedPak for hierarchical cache Hierarchy.
[2021.01.05-15.55.52:512][  0]LogDerivedDataCache:Display: Pak cache opened for reading ../../../Engine/DerivedDataCache/Compressed.ddp.
[2021.01.05-15.55.52:524][  0]LogDerivedDataCache: Using Local data cache path C:/Users/Sofía/AppData/Local/UnrealEngine/Common/DerivedDataCache: Writable
[2021.01.05-15.55.52:531][  0]LogMaterial: Verifying Global Shaders for PCD3D_SM5
[2021.01.05-15.55.52:531][  0]LogSlate: Using Freetype 2.6.0
[2021.01.05-15.55.52:532][  0]LogSlate: SlateFontCache - WITH_FREETYPE: 1, WITH_HARFBUZZ: 1
[2021.01.05-15.55.52:532][  0]LogSlate: SlateFontCache - WITH_FREETYPE: 1, WITH_HARFBUZZ: 1
[2021.01.05-15.55.52:793][  0]LogInit: Selected Device Profile: [Windows]
[2021.01.05-15.55.52:839][  0]LogContentStreaming: Texture pool size is 0.00 MB
[2021.01.05-15.55.52:953][  0]LogMeshUtilities: Using QuadricMeshReduction for automatic static mesh reduction
[2021.01.05-15.55.52:986][  0]LogSimplygon: Simplygon DLL not present - disabling.
[2021.01.05-15.55.53:024][  0]LogMeshUtilities: Using SimplygonSwarm for distributed automatic mesh merging
[2021.01.05-15.55.53:024][  0]LogMeshUtilities: No automatic skeletal mesh reduction module available
[2021.01.05-15.55.53:024][  0]LogMeshUtilities: No automatic mesh merging module available
[2021.01.05-15.55.53:406][  0]LogNetVersion: Supervivencia , NetCL: 3452394, EngineNetVer: 2, GameNetVer: 0 (Checksum: 1556410374)
[2021.01.05-15.55.53:457][  0]LogAssetRegistry: FAssetRegistry took 0.0249 seconds to start up
[2021.01.05-15.55.53:490][  0]LogPackageLocalizationCache: Processed 4 localized package path(s) for 1 prioritized culture(s) in 0.016292 seconds
[2021.01.05-15.55.53:495][  0]LogUObjectArray: 34194 objects as part of root set at end of initial load.
[2021.01.05-15.55.53:495][  0]LogUObjectAllocator: 7260416 out of 0 bytes used by permanent object pool.
[2021.01.05-15.55.53:495][  0]LogUObjectArray: CloseDisregardForGC: 0/0 objects in disregard for GC pool
[2021.01.05-15.55.53:542][  0]LogInit: WinSock: version 1.1 (2.2), MaxSocks=32767, MaxUdp=65467
[2021.01.05-15.55.55:349][  0]LogTcpMessaging: Initializing TcpMessaging bridge
[2021.01.05-15.55.55:383][  0]LogUdpMessaging: Initializing bridge on interface 0.0.0.0:0 to multicast group 230.0.0.1:6666.
[2021.01.05-15.55.55:802][  0]LogMaterial: Uniform references updated for custom material expression Custom.
[2021.01.05-15.55.56:100][  0]SourceControl: Info Source control is disabled
[2021.01.05-15.55.56:101][  0]SourceControl: Info Source control is disabled
[2021.01.05-15.55.56:140][  0]SourceControl: Info Source control is disabled
[2021.01.05-15.55.56:178][  0]SourceControl: Info Source control is disabled
[2021.01.05-15.55.56:717][  0]LogAndroidPermission: UAndroidPermissionCallbackProxy::GetInstance
[2021.01.05-15.55.57:186][  0]LogEngine: Initializing Engine...
[2021.01.05-15.55.57:187][  0]LogHMD: Failed to initialize OpenVR with code 110
[2021.01.05-15.55.57:307][  0]LogStats: UGameplayTagsManager::ConstructGameplayTagTree: Construct from data asset -  0.000 s
[2021.01.05-15.55.57:307][  0]LogStats: UGameplayTagsManager::ConstructGameplayTagTree: GameplayTagTreeChangedEvent.Broadcast -  0.000 s
[2021.01.05-15.55.57:404][  0]LogAIModule: Creating AISystem for world Untitled
[2021.01.05-15.55.57:415][  0]LogInit: XAudio2 using 'cascos (Realtek(R) Audio)' : 2 channels at 48 kHz using 32 bits per sample (channel mask 0x3)
[2021.01.05-15.55.57:430][  0]LogInit: FAudioDevice initialized.
[2021.01.05-15.55.57:467][  0]LogDerivedDataCache: Saved boot cache 0.04s 90MB C:/Users/Sofía/AppData/Local/UnrealEngine/4.16/DerivedDataCache/Boot.ddc.
[2021.01.05-15.55.57:477][  0]LogInit: Texture streaming: Enabled
[2021.01.05-15.55.57:548][  0]LogEngineSessionManager: EngineSessionManager initialized
[2021.01.05-15.55.57:713][  0]LogInit: Transaction tracking system initialized
[2021.01.05-15.55.57:947][  0]BlueprintLog: New page: Editor Load
[2021.01.05-15.55.58:647][  0]LocalizationService: Info Localization service is disabled
[2021.01.05-15.55.59:166][  0]LogConsoleResponse:Display: 
[2021.01.05-15.55.59:257][  0]LogCook:Display: Max memory allowance for cook 16384mb min free memory 0mb
[2021.01.05-15.55.59:257][  0]LogCook:Display: Mobile HDR setting 1
[2021.01.05-15.56.00:046][  0]LogFileCache: Scanning file cache for directory 'D:/CLASE/VIDEOJUEGOS/LAB/JUEGO LIBRE UNREAL/Supervivencia/Content/' took 0.02s
[2021.01.05-15.56.00:046][  0]SourceControl: Info Source control is disabled
[2021.01.05-15.56.00:046][  0]Cmd: MAP LOAD FILE="../../../../../../CLASE/VIDEOJUEGOS/LAB/JUEGO LIBRE UNREAL/Supervivencia/Content/Levels/Menu.umap" TEMPLATE=0 SHOWPROGRESS=1 FEATURELEVEL=3
[2021.01.05-15.56.00:046][  0]LightingResults: New page: Lighting Build
[2021.01.05-15.56.00:077][  0]MapCheck: New page: Map Check
[2021.01.05-15.56.00:077][  0]LightingResults: New page: Lighting Build
[2021.01.05-15.56.00:102][  0]LogAIModule: Creating AISystem for world Menu
[2021.01.05-15.56.00:102][  0]LogEditorServer: Finished looking for orphan Actors (0.000 secs)
[2021.01.05-15.56.00:107][  0]Cmd: MAP CHECKDEP NOCLEARLOG
[2021.01.05-15.56.00:145][  0]MapCheck: Info Map check complete: 0 Error(s), 0 Warning(s), took 37.655ms to complete.
[2021.01.05-15.56.00:145][  0]LogFileHelpers: Loading map 'Menu' took 0.099
[2021.01.05-15.56.00:269][  0]LogCollectionManager: Loaded 0 collections in 0.000842 seconds
[2021.01.05-15.56.00:337][  0]LogFileCache: Scanning file cache for directory 'D:/CLASE/VIDEOJUEGOS/LAB/JUEGO LIBRE UNREAL/Supervivencia/Saved/Collections/' took 0.01s
[2021.01.05-15.56.00:337][  0]LogFileCache: Scanning file cache for directory 'D:/CLASE/VIDEOJUEGOS/LAB/JUEGO LIBRE UNREAL/Supervivencia/Content/Developers/Sofía/Collections/' took 0.01s
[2021.01.05-15.56.00:337][  0]LogFileCache: Scanning file cache for directory 'D:/CLASE/VIDEOJUEGOS/LAB/JUEGO LIBRE UNREAL/Supervivencia/Content/Collections/' took 0.01s
[2021.01.05-15.56.00:337][  0]LogCollectionManager: Rebuilt the GUID cache for 0 collections in 0.000002 seconds
[2021.01.05-15.56.00:345][  0]LogContentBrowser: Native class hierarchy populated in 0.0079 seconds. Added 2329 classes and 491 folders.
[2021.01.05-15.56.00:393][  0]LogContentBrowser: Native class hierarchy updated for 'WidgetCarousel' in 0.0006 seconds. Added 0 classes and 0 folders.
[2021.01.05-15.56.00:437][  0]LogContentBrowser: Native class hierarchy updated for 'AddContentDialog' in 0.0006 seconds. Added 0 classes and 0 folders.
[2021.01.05-15.56.00:469][  0]LogContentBrowser: Native class hierarchy updated for 'SceneOutliner' in 0.0006 seconds. Added 1 classes and 2 folders.
[2021.01.05-15.56.00:498][  0]LogCrashTracker: Crashtracker disabled due to settings.
[2021.01.05-15.56.00:506][  0]LogSlate: Took 0.000193 seconds to synchronously load lazily loaded font '../../../Engine/Content/Slate/Fonts/Roboto-Regular.ttf' (155K)
[2021.01.05-15.56.00:507][  0]LogSlate: Took 0.000180 seconds to synchronously load lazily loaded font '../../../Engine/Content/Slate/Fonts/Roboto-Bold.ttf' (160K)
[2021.01.05-15.56.00:511][  0]LogSlate: Took 0.000202 seconds to synchronously load lazily loaded font '../../../Engine/Content/Editor/Slate/Fonts/FontAwesome.ttf' (139K)
[2021.01.05-15.56.00:583][  0]LogRenderer: Reallocating scene render targets to support 1076x488 NumSamples 1 (Frame:1).
[2021.01.05-15.56.00:682][  0]LogUObjectGlobals:Warning: Failed to find object 'Class None.'
[2021.01.05-15.56.00:737][  0]LogContentBrowser: Native class hierarchy updated for 'HierarchicalLODOutliner' in 0.0006 seconds. Added 1 classes and 2 folders.
[2021.01.05-15.56.00:737][  0]LogLoad: (Engine Initialization) Total time: 12.95 seconds
[2021.01.05-15.56.00:737][  0]LogLoad: (Engine Initialization) Total Blueprint compile time: 0.04 seconds
[2021.01.05-15.56.00:737][  0]LogExternalProfiler: No external profilers were discovered.  External profiling features will not be available.
[2021.01.05-15.56.00:747][  0]LogOcInput: OculusInput pre-init called
[2021.01.05-15.56.00:747][  0]LogHMD: Starting GearVRController plugin
[2021.01.05-15.56.00:777][  0]LogContentStreaming: Texture pool size now 1000 MB
[2021.01.05-15.56.00:803][  0]LogSlate: Took 0.000234 seconds to synchronously load lazily loaded font '../../../Engine/Content/Slate/Fonts/Roboto-Light.ttf' (159K)
[2021.01.05-15.56.00:811][  1]LogFileCache: Retrieving MD5 hashes for directory 'D:/CLASE/VIDEOJUEGOS/LAB/JUEGO LIBRE UNREAL/Supervivencia/Content/' took 0.05s
[2021.01.05-15.56.00:819][  1]LogAssetRegistry: Asset discovery search completed in 7.3835 seconds
[2021.01.05-15.56.00:820][  1]LogCollectionManager: Rebuilt the object cache for 0 collections in 0.000001 seconds (found 0 objects)
[2021.01.05-15.56.00:820][  1]LogCollectionManager: Fixed up redirectors for 0 collections in 0.000015 seconds (updated 0 objects)
[2021.01.05-15.56.17:561][  3]LogSlate: Took 0.000196 seconds to synchronously load lazily loaded font '../../../Engine/Content/Slate/Fonts/Roboto-Light.ttf' (159K)
[2021.01.05-15.56.18:340][  3]LogAIModule: Creating AISystem for world Level2
[2021.01.05-15.56.18:366][  3]Cmd: MAP LOAD FILE="../../../../../../CLASE/VIDEOJUEGOS/LAB/JUEGO LIBRE UNREAL/Supervivencia/Content/Levels/Level2.umap" TEMPLATE=0 SHOWPROGRESS=1 FEATURELEVEL=3
[2021.01.05-15.56.18:366][  3]LightingResults: New page: Lighting Build
[2021.01.05-15.56.18:367][  3]LoadErrors: New page: Loading map: Level2.umap
[2021.01.05-15.56.18:367][  3]MapCheck: New page: Map Check
[2021.01.05-15.56.18:367][  3]LightingResults: New page: Lighting Build
[2021.01.05-15.56.18:392][  3]LogEditorServer: Finished looking for orphan Actors (0.000 secs)
[2021.01.05-15.56.18:426][  3]Cmd: MAP CHECKDEP NOCLEARLOG
[2021.01.05-15.56.18:477][  3]MapCheck: Info Map check complete: 0 Error(s), 0 Warning(s), took 51.556ms to complete.
[2021.01.05-15.56.18:477][  3]LogFileHelpers: Loading map 'Level2' took 0.112
[2021.01.05-15.56.23:555][593]LogTemp: Repeting last play command: Selected Viewport
[2021.01.05-15.56.23:622][593]LogPlayLevel: PlayLevel: No blueprints needed recompiling
[2021.01.05-15.56.23:623][593]PIE: New page: PIE session: Level2 (Jan 5, 2021, 5:56:23 PM)
[2021.01.05-15.56.23:623][593]LogPlayLevel: Creating play world package: /Game/Levels/UEDPIE_0_Level2
[2021.01.05-15.56.23:636][593]LogPlayLevel: PIE: StaticDuplicateObject took: (0.013436s)
[2021.01.05-15.56.23:637][593]LogAIModule: Creating AISystem for world Level2
[2021.01.05-15.56.23:637][593]LogPlayLevel: PIE: World Init took: (0.000612s)
[2021.01.05-15.56.23:637][593]LogPlayLevel: PIE: Created PIE world by copying editor world from /Game/Levels/Level2.Level2 to /Game/Levels/UEDPIE_0_Level2.Level2 (0.014198s)
[2021.01.05-15.56.23:648][593]LogInit: XAudio2 using 'cascos (Realtek(R) Audio)' : 2 channels at 48 kHz using 32 bits per sample (channel mask 0x3)
[2021.01.05-15.56.23:658][593]LogInit: FAudioDevice initialized.
[2021.01.05-15.56.23:697][593]LogLoad: Game class is 'ModoSupervivencia_C'
[2021.01.05-15.56.23:703][593]LogWorld: Bringing World /Game/Levels/UEDPIE_0_Level2.Level2 up for play (max tick rate 0) at 2021.01.05-16.56.23
[2021.01.05-15.56.23:704][593]LogWorld: Bringing up level for play took: 0.005179
[2021.01.05-15.56.23:735][593]LogContentBrowser: Native class hierarchy updated for 'MovieSceneCapture' in 0.0006 seconds. Added 11 classes and 0 folders.
[2021.01.05-15.56.23:737][593]PIE: Info Play in editor start time for /Game/Levels/UEDPIE_0_Level2 -0.418
[2021.01.05-15.56.26:207][887]LogBlueprintUserMessages: [Shape_Cube_DM_Blueprint5] colision true
[2021.01.05-15.56.26:207][887]LogBlueprintUserMessages: [Shape_Cube_DM_Blueprint3] colision true
[2021.01.05-15.56.26:216][888]LogBlueprintUserMessages: [Shape_Cube_DM_Blueprint2] colision true
[2021.01.05-15.56.26:282][896]LogBlueprintUserMessages: [Shape_Cube_DM_Blueprint_2] colision true
[2021.01.05-15.56.27:576][ 51]LogBlueprintUserMessages: [Shape_Cube_DM_Blueprint7] colision true
[2021.01.05-15.56.27:576][ 51]LogBlueprintUserMessages: [Shape_Cube_DM_Blueprint4] colision true
[2021.01.05-15.56.27:576][ 51]LogBlueprintUserMessages: [Shape_Cube_DM_Blueprint6] colision true
[2021.01.05-15.56.33:042][707]LogBlueprintUserMessages: [Shape_Cube_DM_Blueprint8] colision true
[2021.01.05-15.57.05:790][630]LogTemp: Repeting last play command: Selected Viewport
[2021.01.05-15.57.05:804][630]LogPlayLevel: PlayLevel: No blueprints needed recompiling
[2021.01.05-15.57.05:804][630]PIE: New page: PIE session: Level2 (Jan 5, 2021, 5:57:05 PM)
[2021.01.05-15.57.05:804][630]LogPlayLevel: Creating play world package: /Game/Levels/UEDPIE_0_Level2
[2021.01.05-15.57.05:816][630]LogPlayLevel: PIE: StaticDuplicateObject took: (0.012211s)
[2021.01.05-15.57.05:817][630]LogAIModule: Creating AISystem for world Level2
[2021.01.05-15.57.05:817][630]LogPlayLevel: PIE: World Init took: (0.000628s)
[2021.01.05-15.57.05:817][630]LogPlayLevel: PIE: Created PIE world by copying editor world from /Game/Levels/Level2.Level2 to /Game/Levels/UEDPIE_0_Level2.Level2 (0.013027s)
[2021.01.05-15.57.05:827][630]LogInit: XAudio2 using 'cascos (Realtek(R) Audio)' : 2 channels at 48 kHz using 32 bits per sample (channel mask 0x3)
[2021.01.05-15.57.05:838][630]LogInit: FAudioDevice initialized.
[2021.01.05-15.57.05:870][630]LogLoad: Game class is 'ModoSupervivencia_C'
[2021.01.05-15.57.05:875][630]LogWorld: Bringing World /Game/Levels/UEDPIE_0_Level2.Level2 up for play (max tick rate 0) at 2021.01.05-16.57.05
[2021.01.05-15.57.05:876][630]LogWorld: Bringing up level for play took: 0.004329
[2021.01.05-15.57.05:878][630]PIE: Info Play in editor start time for /Game/Levels/UEDPIE_0_Level2 -0.277
[2021.01.05-15.57.25:423][772]LogFactory: FactoryCreateFile: StaticMesh with FbxFactory (0 0 ../../../../../../CLASE/VIDEOJUEGOS/LAB/assets/bullets/source/bala.fbx)
[2021.01.05-15.57.25:433][772]LogFbx: ItemName: GlobalSettings, ItemCount : 1
[2021.01.05-15.57.25:433][772]LogFbx: ItemName: AnimationStack, ItemCount : 1
[2021.01.05-15.57.25:433][772]LogFbx: ItemName: AnimationLayer, ItemCount : 1
[2021.01.05-15.57.25:433][772]LogFbx: ItemName: Model, ItemCount : 1
[2021.01.05-15.57.25:433][772]LogFbx: ItemName: Geometry, ItemCount : 1
[2021.01.05-15.57.25:433][772]LogFbx: ItemName: Material, ItemCount : 1
[2021.01.05-15.57.25:437][772]LogFbx: Loading FBX Scene from ../../../../../../CLASE/VIDEOJUEGOS/LAB/assets/bullets/source/bala.fbx
[2021.01.05-15.57.25:445][772]LogFbx: FBX Scene Loaded Succesfully
[2021.01.05-15.57.26:842][772]LogFbx: Loading FBX Scene from ../../../../../../CLASE/VIDEOJUEGOS/LAB/assets/bullets/source/bala.fbx
[2021.01.05-15.57.26:850][772]LogFbx: FBX Scene Loaded Succesfully
[2021.01.05-15.57.26:852][772]LogLinker: Can't find file '/Game/Material__47'
[2021.01.05-15.57.26:852][772]LogLinker: Can't find file '/Game/Material__47'
[2021.01.05-15.57.26:857][772]LogMaterial: Missing cached shader map for material Material__47, compiling. 
[2021.01.05-15.57.26:887][772]LogStaticMesh: Building static mesh bala...
[2021.01.05-15.57.26:954][772]LogStaticMesh: Built static mesh [0.07s] /Game/bala.bala
[2021.01.05-15.57.29:787][ 37]LogContentBrowser: Native class hierarchy updated for 'BlueprintGraph' in 0.0009 seconds. Added 112 classes and 0 folders.
[2021.01.05-15.57.30:192][ 37]LogSlate: Took 0.000178 seconds to synchronously load lazily loaded font '../../../Engine/Content/Slate/Fonts/Roboto-Regular.ttf' (155K)
[2021.01.05-15.57.30:233][ 37]LogSlate: Took 0.000233 seconds to synchronously load lazily loaded font '../../../Engine/Content/Editor/Slate/Fonts/Roboto-BoldCondensed.ttf' (158K)
[2021.01.05-15.57.30:275][ 38]LogSlate: Took 0.000214 seconds to synchronously load lazily loaded font '../../../Engine/Content/Editor/Slate/Fonts/Roboto-Italic.ttf' (157K)
[2021.01.05-15.57.32:668][302]LogRenderer: Reallocating scene render targets to support 1096x712 NumSamples 1 (Frame:1).
[2021.01.05-15.57.34:182][468]LogSlate: Took 0.000200 seconds to synchronously load lazily loaded font '../../../Engine/Content/Slate/Fonts/Roboto-Light.ttf' (159K)
[2021.01.05-15.58.06:469][244]BlueprintLog: New page: Compile RecolectableBalas
[2021.01.05-15.58.07:145][307]Cmd: OBJ SAVEPACKAGE PACKAGE="/Game/RecolectableBalas" FILE="../../../../../../CLASE/VIDEOJUEGOS/LAB/JUEGO LIBRE UNREAL/Supervivencia/Content/RecolectableBalas.uasset" SILENT=true
[2021.01.05-15.58.07:179][307]LogSavePackage: Save=24.76ms
[2021.01.05-15.58.07:179][307]LogSavePackage: Moving '../../../../../../CLASE/VIDEOJUEGOS/LAB/JUEGO LIBRE UNREAL/Supervivencia/Saved/RecolectableBalas990BC7E7463E5BE3832AB6B008E6006B.tmp' to '../../../../../../CLASE/VIDEOJUEGOS/LAB/JUEGO LIBRE UNREAL/Supervivencia/Content/RecolectableBalas.uasset'
[2021.01.05-15.58.07:182][307]LogSavePackage:Display: Finished SavePackage ../../../../../../CLASE/VIDEOJUEGOS/LAB/JUEGO LIBRE UNREAL/Supervivencia/Content/RecolectableBalas.uasset
[2021.01.05-15.58.16:534][257]LogTexture:Display: Building textures: Cha_SlimYellow (AutoDXT, 512X512)
[2021.01.05-15.58.16:616][257]LogMaterial: Missing cached shader map for material cha_material_monstruo_cuerpo_amarillo, compiling. 
[2021.01.05-15.58.25:639][153]LogTexture:Display: Building textures: BarkDecidious0107_thumbhuge (AutoDXT, 1024X1024)
[2021.01.05-15.58.25:837][153]LogMaterial: Missing cached shader map for material Bark, compiling. 
[2021.01.05-15.58.29:881][600]BlueprintLog: New page: Compile RecolectableBalas
[2021.01.05-15.58.30:441][650]Cmd: OBJ SAVEPACKAGE PACKAGE="/Game/RecolectableBalas" FILE="../../../../../../CLASE/VIDEOJUEGOS/LAB/JUEGO LIBRE UNREAL/Supervivencia/Content/RecolectableBalas.uasset" SILENT=true
[2021.01.05-15.58.30:469][650]LogSavePackage: Save=24.65ms
[2021.01.05-15.58.30:469][650]LogSavePackage: Moving '../../../../../../CLASE/VIDEOJUEGOS/LAB/JUEGO LIBRE UNREAL/Supervivencia/Saved/RecolectableBalas10F19B7F47A1B60FE74064B638B724F8.tmp' to '../../../../../../CLASE/VIDEOJUEGOS/LAB/JUEGO LIBRE UNREAL/Supervivencia/Content/RecolectableBalas.uasset'
[2021.01.05-15.58.30:472][650]LogSavePackage:Display: Finished SavePackage ../../../../../../CLASE/VIDEOJUEGOS/LAB/JUEGO LIBRE UNREAL/Supervivencia/Content/RecolectableBalas.uasset
[2021.01.05-15.59.32:615][892]BlueprintLog: New page: Compile RecolectableBalas
[2021.01.05-15.59.33:093][898]Cmd: OBJ SAVEPACKAGE PACKAGE="/Game/RecolectableBalas" FILE="../../../../../../CLASE/VIDEOJUEGOS/LAB/JUEGO LIBRE UNREAL/Supervivencia/Content/RecolectableBalas.uasset" SILENT=true
[2021.01.05-15.59.33:121][898]LogSavePackage: Save=25.41ms
[2021.01.05-15.59.33:121][898]LogSavePackage: Moving '../../../../../../CLASE/VIDEOJUEGOS/LAB/JUEGO LIBRE UNREAL/Supervivencia/Saved/RecolectableBalasEB6E6A98489215818409C4A80150CCF4.tmp' to '../../../../../../CLASE/VIDEOJUEGOS/LAB/JUEGO LIBRE UNREAL/Supervivencia/Content/RecolectableBalas.uasset'
[2021.01.05-15.59.33:124][898]LogSavePackage:Display: Finished SavePackage ../../../../../../CLASE/VIDEOJUEGOS/LAB/JUEGO LIBRE UNREAL/Supervivencia/Content/RecolectableBalas.uasset
[2021.01.05-15.59.57:266][780]LogTemp: Repeting last play command: Selected Viewport
[2021.01.05-15.59.57:289][780]LogPlayLevel: PlayLevel: No blueprints needed recompiling
[2021.01.05-15.59.57:289][780]PIE: New page: PIE session: Level2 (Jan 5, 2021, 5:59:57 PM)
[2021.01.05-15.59.57:290][780]LogPlayLevel: Creating play world package: /Game/Levels/UEDPIE_0_Level2
[2021.01.05-15.59.57:303][780]LogPlayLevel: PIE: StaticDuplicateObject took: (0.012721s)
[2021.01.05-15.59.57:303][780]LogAIModule: Creating AISystem for world Level2
[2021.01.05-15.59.57:303][780]LogPlayLevel: PIE: World Init took: (0.000568s)
[2021.01.05-15.59.57:303][780]LogPlayLevel: PIE: Created PIE world by copying editor world from /Game/Levels/Level2.Level2 to /Game/Levels/UEDPIE_0_Level2.Level2 (0.013479s)
[2021.01.05-15.59.57:319][780]LogInit: XAudio2 using 'cascos (Realtek(R) Audio)' : 2 channels at 48 kHz using 32 bits per sample (channel mask 0x3)
[2021.01.05-15.59.57:330][780]LogInit: FAudioDevice initialized.
[2021.01.05-15.59.57:358][780]LogLoad: Game class is 'ModoSupervivencia_C'
[2021.01.05-15.59.57:363][780]LogWorld: Bringing World /Game/Levels/UEDPIE_0_Level2.Level2 up for play (max tick rate 0) at 2021.01.05-16.59.57
[2021.01.05-15.59.57:363][780]LogWorld: Bringing up level for play took: 0.004651
[2021.01.05-15.59.57:365][780]PIE: Info Play in editor start time for /Game/Levels/UEDPIE_0_Level2 -0.791
[2021.01.05-16.00.06:974][931]LogBlueprintUserMessages: [Shape_Cube_DM_Blueprint3] colision true
[2021.01.05-16.00.06:974][931]LogBlueprintUserMessages: [Shape_Cube_DM_Blueprint5] colision true
[2021.01.05-16.00.07:023][937]LogBlueprintUserMessages: [Shape_Cube_DM_Blueprint2] colision true
[2021.01.05-16.00.07:106][947]LogBlueprintUserMessages: [Shape_Cube_DM_Blueprint4] colision true
[2021.01.05-16.00.07:198][958]LogBlueprintUserMessages: [Shape_Cube_DM_Blueprint_2] colision true
[2021.01.05-16.00.07:291][969]LogBlueprintUserMessages: [Shape_Cube_DM_Blueprint7] colision true
[2021.01.05-16.00.07:366][978]LogBlueprintUserMessages: [Shape_Cube_DM_Blueprint6] colision true
[2021.01.05-16.00.26:233][219]LogEditorViewport: Clicking on Actor (LMB): Landscape (Landscape)
[2021.01.05-16.00.29:819][644]LogEditorViewport: Clicking on Actor (LMB): RecolectableBalas_C (Recolectable3)
[2021.01.05-16.00.35:823][359]LogTemp: Repeting last play command: Selected Viewport
[2021.01.05-16.00.35:836][359]LogPlayLevel: PlayLevel: No blueprints needed recompiling
[2021.01.05-16.00.35:836][359]PIE: New page: PIE session: Level2 (Jan 5, 2021, 6:00:35 PM)
[2021.01.05-16.00.35:837][359]LogPlayLevel: Creating play world package: /Game/Levels/UEDPIE_0_Level2
[2021.01.05-16.00.35:849][359]LogPlayLevel: PIE: StaticDuplicateObject took: (0.012287s)
[2021.01.05-16.00.35:850][359]LogAIModule: Creating AISystem for world Level2
[2021.01.05-16.00.35:850][359]LogPlayLevel: PIE: World Init took: (0.000764s)
[2021.01.05-16.00.35:850][359]LogPlayLevel: PIE: Created PIE world by copying editor world from /Game/Levels/Level2.Level2 to /Game/Levels/UEDPIE_0_Level2.Level2 (0.013259s)
[2021.01.05-16.00.35:865][359]LogInit: XAudio2 using 'cascos (Realtek(R) Audio)' : 2 channels at 48 kHz using 32 bits per sample (channel mask 0x3)
[2021.01.05-16.00.35:876][359]LogInit: FAudioDevice initialized.
[2021.01.05-16.00.35:909][359]LogLoad: Game class is 'ModoSupervivencia_C'
[2021.01.05-16.00.35:914][359]LogWorld: Bringing World /Game/Levels/UEDPIE_0_Level2.Level2 up for play (max tick rate 0) at 2021.01.05-17.00.35
[2021.01.05-16.00.35:914][359]LogWorld: Bringing up level for play took: 0.004286
[2021.01.05-16.00.35:916][359]PIE: Info Play in editor start time for /Game/Levels/UEDPIE_0_Level2 -0.239
[2021.01.05-16.07.21:394][216]LogSavePackage: Save=174.83ms
[2021.01.05-16.07.21:394][216]LogSavePackage: Moving '../../../../../../CLASE/VIDEOJUEGOS/LAB/JUEGO LIBRE UNREAL/Supervivencia/Saved/Level2_Auto16240776049060B4496183BB25DC4A071.tmp' to '../../../../../../CLASE/VIDEOJUEGOS/LAB/JUEGO LIBRE UNREAL/Supervivencia/Saved/Autosaves/Game/Levels/Level2_Auto1.umap'
[2021.01.05-16.07.21:395][216]LogSavePackage:Display: Finished SavePackage ../../../../../../CLASE/VIDEOJUEGOS/LAB/JUEGO LIBRE UNREAL/Supervivencia/Saved/Autosaves/Game/Levels/Level2_Auto1.umap
[2021.01.05-16.07.21:396][216]LogFileHelpers: Editor autosave (incl. sublevels) for '/Game/Levels/Level2' took 0.198
[2021.01.05-16.07.21:396][216]LogFileHelpers: Editor autosave (incl. sublevels) for all levels took 0.198
[2021.01.05-16.07.21:398][216]OBJ SavePackage: Generating thumbnails for [1] asset(s) in package [/Game/bala] ([1] browsable assets)...
[2021.01.05-16.07.21:406][216]OBJ SavePackage:     Rendered thumbnail for [StaticMesh /Game/bala.bala]
[2021.01.05-16.07.21:406][216]OBJ SavePackage: Finished generating thumbnails for package [/Game/bala]
[2021.01.05-16.07.21:406][216]Cmd: OBJ SAVEPACKAGE PACKAGE="/Game/bala" FILE="../../../../../../CLASE/VIDEOJUEGOS/LAB/JUEGO LIBRE UNREAL/Supervivencia/Saved/Autosaves/Game/bala_Auto1.uasset" SILENT=false AUTOSAVING=true
[2021.01.05-16.07.21:419][216]LogSavePackage: Save=11.38ms
[2021.01.05-16.07.21:419][216]LogSavePackage: Moving '../../../../../../CLASE/VIDEOJUEGOS/LAB/JUEGO LIBRE UNREAL/Supervivencia/Saved/bala_Auto1821287A747C0BADE7D46D188F0B5AA72.tmp' to '../../../../../../CLASE/VIDEOJUEGOS/LAB/JUEGO LIBRE UNREAL/Supervivencia/Saved/Autosaves/Game/bala_Auto1.uasset'
[2021.01.05-16.07.21:420][216]LogSavePackage:Display: Finished SavePackage ../../../../../../CLASE/VIDEOJUEGOS/LAB/JUEGO LIBRE UNREAL/Supervivencia/Saved/Autosaves/Game/bala_Auto1.uasset
[2021.01.05-16.07.21:421][216]OBJ SavePackage: Generating thumbnails for [1] asset(s) in package [/Game/Material__47] ([1] browsable assets)...
[2021.01.05-16.07.21:429][216]OBJ SavePackage:     Rendered thumbnail for [Material /Game/Material__47.Material__47]
[2021.01.05-16.07.21:429][216]OBJ SavePackage: Finished generating thumbnails for package [/Game/Material__47]
[2021.01.05-16.07.21:443][216]LogSavePackage: Save=12.17ms
[2021.01.05-16.07.21:443][216]LogSavePackage: Moving '../../../../../../CLASE/VIDEOJUEGOS/LAB/JUEGO LIBRE UNREAL/Supervivencia/Saved/Material__47_Auto15A2FBBF140C1D000CF50E895019A6425.tmp' to '../../../../../../CLASE/VIDEOJUEGOS/LAB/JUEGO LIBRE UNREAL/Supervivencia/Saved/Autosaves/Game/Material__47_Auto1.uasset'
[2021.01.05-16.07.21:444][216]LogSavePackage:Display: Finished SavePackage ../../../../../../CLASE/VIDEOJUEGOS/LAB/JUEGO LIBRE UNREAL/Supervivencia/Saved/Autosaves/Game/Material__47_Auto1.uasset
[2021.01.05-16.07.21:444][216]LogFileHelpers: Auto-saving content packages took 0.047
[2021.01.05-16.13.59:654][834]LogFactory: FactoryCreateFile: FileMediaSource with WmfFileMediaSourceFactory (0 0 D:\DESCARGAS\RECOGER_BALAS.mp3)
[2021.01.05-16.14.35:406][716]LogFactory: FactoryCreateFile: FileMediaSource with AvfFileMediaSourceFactory (0 0 ../../../../../../DESCARGAS/RECOGER_BALAS.mp3)
[2021.01.05-16.28.36:247][827]LogFactory: FactoryCreateFile: SoundWave with ReimportSoundFactory (0 0 D:\DESCARGAS\RECOGER_BALAS.wav)
[2021.01.05-16.28.36:259][827]LogAudioDerivedData:Display: Building compressed audio format OGG wave RECOGER_BALAS...
[2021.01.05-16.28.36:300][827]LogAudioDerivedData:Warning: Updated SoundWave->RawPCMDataSize during cooking SoundWave /Game/Sonidos/RECOGER_BALAS.RECOGER_BALAS.
[2021.01.05-16.29.52:863][480]LogActorComponent: UnregisterComponent: (/Engine/Transient.EditorFloorComp) Not registered. Aborting.
[2021.01.05-16.30.37:384][304]BlueprintLog: New page: Compile RecolectableBalas
[2021.01.05-16.30.37:871][342]Cmd: OBJ SAVEPACKAGE PACKAGE="/Game/RecolectableBalas" FILE="../../../../../../CLASE/VIDEOJUEGOS/LAB/JUEGO LIBRE UNREAL/Supervivencia/Content/RecolectableBalas.uasset" SILENT=true
[2021.01.05-16.30.37:907][342]LogSavePackage: Save=27.55ms
[2021.01.05-16.30.37:907][342]LogSavePackage: Moving '../../../../../../CLASE/VIDEOJUEGOS/LAB/JUEGO LIBRE UNREAL/Supervivencia/Saved/RecolectableBalas42A8B7E840AF51448364DA82F073B560.tmp' to '../../../../../../CLASE/VIDEOJUEGOS/LAB/JUEGO LIBRE UNREAL/Supervivencia/Content/RecolectableBalas.uasset'
[2021.01.05-16.30.37:910][342]LogSavePackage:Display: Finished SavePackage ../../../../../../CLASE/VIDEOJUEGOS/LAB/JUEGO LIBRE UNREAL/Supervivencia/Content/RecolectableBalas.uasset
[2021.01.05-16.30.39:436][512]LogTemp: Repeting last play command: Selected Viewport
[2021.01.05-16.30.39:453][512]LogPlayLevel: PlayLevel: No blueprints needed recompiling
[2021.01.05-16.30.39:453][512]PIE: New page: PIE session: Level2 (Jan 5, 2021, 6:30:39 PM)
[2021.01.05-16.30.39:454][512]LogPlayLevel: Creating play world package: /Game/Levels/UEDPIE_0_Level2
[2021.01.05-16.30.39:466][512]LogPlayLevel: PIE: StaticDuplicateObject took: (0.012524s)
[2021.01.05-16.30.39:467][512]LogAIModule: Creating AISystem for world Level2
[2021.01.05-16.30.39:467][512]LogPlayLevel: PIE: World Init took: (0.000579s)
[2021.01.05-16.30.39:467][512]LogPlayLevel: PIE: Created PIE world by copying editor world from /Game/Levels/Level2.Level2 to /Game/Levels/UEDPIE_0_Level2.Level2 (0.013265s)
[2021.01.05-16.30.39:483][512]LogInit: XAudio2 using 'cascos (Realtek(R) Audio)' : 2 channels at 48 kHz using 32 bits per sample (channel mask 0x3)
[2021.01.05-16.30.39:495][512]LogInit: FAudioDevice initialized.
[2021.01.05-16.30.39:522][512]LogLoad: Game class is 'ModoSupervivencia_C'
[2021.01.05-16.30.39:526][512]LogWorld: Bringing World /Game/Levels/UEDPIE_0_Level2.Level2 up for play (max tick rate 0) at 2021.01.05-17.30.39
[2021.01.05-16.30.39:527][512]LogWorld: Bringing up level for play took: 0.004349
[2021.01.05-16.30.39:529][512]PIE: Info Play in editor start time for /Game/Levels/UEDPIE_0_Level2 -0.627
[2021.01.05-16.30.42:738][895]LogBlueprintUserMessages: [Shape_Cube_DM_Blueprint3] colision true
[2021.01.05-16.30.42:921][917]LogBlueprintUserMessages: [Shape_Cube_DM_Blueprint8] colision true
[2021.01.05-16.31.18:607][ 84]LogSavePackage: Save=173.48ms
[2021.01.05-16.31.18:608][ 84]LogSavePackage: Moving '../../../../../../CLASE/VIDEOJUEGOS/LAB/JUEGO LIBRE UNREAL/Supervivencia/Saved/Level2_Auto29A8273EC4E26B65D1EEEF18C076B168C.tmp' to '../../../../../../CLASE/VIDEOJUEGOS/LAB/JUEGO LIBRE UNREAL/Supervivencia/Saved/Autosaves/Game/Levels/Level2_Auto2.umap'
[2021.01.05-16.31.18:609][ 84]LogSavePackage:Display: Finished SavePackage ../../../../../../CLASE/VIDEOJUEGOS/LAB/JUEGO LIBRE UNREAL/Supervivencia/Saved/Autosaves/Game/Levels/Level2_Auto2.umap
[2021.01.05-16.31.18:611][ 84]LogFileHelpers: Editor autosave (incl. sublevels) for '/Game/Levels/Level2' took 0.196
[2021.01.05-16.31.18:611][ 84]LogFileHelpers: Editor autosave (incl. sublevels) for all levels took 0.196
[2021.01.05-16.31.18:613][ 84]OBJ SavePackage: Generating thumbnails for [1] asset(s) in package [/Game/Sonidos/RECOGER_BALAS] ([1] browsable assets)...
[2021.01.05-16.31.18:617][ 84]OBJ SavePackage:     Rendered thumbnail for [SoundWave /Game/Sonidos/RECOGER_BALAS.RECOGER_BALAS]
[2021.01.05-16.31.18:617][ 84]OBJ SavePackage: Finished generating thumbnails for package [/Game/Sonidos/RECOGER_BALAS]
[2021.01.05-16.31.18:624][ 84]LogSavePackage: Save=6.01ms
[2021.01.05-16.31.18:624][ 84]LogSavePackage: Moving '../../../../../../CLASE/VIDEOJUEGOS/LAB/JUEGO LIBRE UNREAL/Supervivencia/Saved/RECOGER_BALAS_Auto21D0214F345516EABB45393A03F53D032.tmp' to '../../../../../../CLASE/VIDEOJUEGOS/LAB/JUEGO LIBRE UNREAL/Supervivencia/Saved/Autosaves/Game/Sonidos/RECOGER_BALAS_Auto2.uasset'
[2021.01.05-16.31.18:625][ 84]LogSavePackage:Display: Finished SavePackage ../../../../../../CLASE/VIDEOJUEGOS/LAB/JUEGO LIBRE UNREAL/Supervivencia/Saved/Autosaves/Game/Sonidos/RECOGER_BALAS_Auto2.uasset
[2021.01.05-16.31.18:625][ 84]LogFileHelpers: Auto-saving content packages took 0.013
[2021.01.05-16.31.38:933][519]LogFactory: FactoryCreateFile: SoundWave with ReimportSoundFactory (0 0 D:\DESCARGAS\recogiendo_balas_1_videojuegos_efecto_de_sonido_-6058515304133243063 (mp3cut.net).wav)
[2021.01.05-16.31.38:936][519]LogAudioDerivedData:Display: Building compressed audio format OGG wave recogiendo_balas_1_videojuegos_efecto_de_sonido_-6058515304133243063__mp3cut_net_...
[2021.01.05-16.31.38:951][519]LogAudioDerivedData:Warning: Updated SoundWave->RawPCMDataSize during cooking SoundWave /Game/Sonidos/recogiendo_balas_1_videojuegos_efecto_de_sonido_-6058515304133243063__mp3cut_net_.recogiendo_balas_1_videojuegos_efecto_de_sonido_-6058515304133243063__mp3cut_net_.
[2021.01.05-16.31.49:059][252]LogObjectTools:Warning: ForceReplaceReferences replaced references for a transient object 'K2Node_CallFunction_35' or package '/Game/RecolectableBalas'.
[2021.01.05-16.31.54:147][708]Cmd: OBJ SAVEPACKAGE PACKAGE="/Game/Sonidos/RECOGER_BALAS" FILE="../../../../../../CLASE/VIDEOJUEGOS/LAB/JUEGO LIBRE UNREAL/Supervivencia/Content/Sonidos/RECOGER_BALAS.uasset" SILENT=true
[2021.01.05-16.31.54:155][708]LogSavePackage: Save=6.21ms
[2021.01.05-16.31.54:155][708]LogSavePackage: Moving '../../../../../../CLASE/VIDEOJUEGOS/LAB/JUEGO LIBRE UNREAL/Supervivencia/Saved/RECOGER_BALAS3D2CD743456E8A68AF30B9BCC29CB097.tmp' to '../../../../../../CLASE/VIDEOJUEGOS/LAB/JUEGO LIBRE UNREAL/Supervivencia/Content/Sonidos/RECOGER_BALAS.uasset'
[2021.01.05-16.31.54:160][708]LogSavePackage:Display: Finished SavePackage ../../../../../../CLASE/VIDEOJUEGOS/LAB/JUEGO LIBRE UNREAL/Supervivencia/Content/Sonidos/RECOGER_BALAS.uasset
[2021.01.05-16.31.55:476][830]LogEditorViewport: Clicking on Actor (LMB): StaticMeshActor (Platform2Elevator)
[2021.01.05-16.32.09:415][ 16]BlueprintLog: New page: Compile RecolectableBalas
[2021.01.05-16.32.09:870][ 50]Cmd: OBJ SAVEPACKAGE PACKAGE="/Game/RecolectableBalas" FILE="../../../../../../CLASE/VIDEOJUEGOS/LAB/JUEGO LIBRE UNREAL/Supervivencia/Content/RecolectableBalas.uasset" SILENT=true
[2021.01.05-16.32.09:903][ 50]LogSavePackage: Save=28.59ms
[2021.01.05-16.32.09:903][ 50]LogSavePackage: Moving '../../../../../../CLASE/VIDEOJUEGOS/LAB/JUEGO LIBRE UNREAL/Supervivencia/Saved/RecolectableBalas863695824C6D686C06782FB0289222FB.tmp' to '../../../../../../CLASE/VIDEOJUEGOS/LAB/JUEGO LIBRE UNREAL/Supervivencia/Content/RecolectableBalas.uasset'
[2021.01.05-16.32.09:906][ 50]LogSavePackage:Display: Finished SavePackage ../../../../../../CLASE/VIDEOJUEGOS/LAB/JUEGO LIBRE UNREAL/Supervivencia/Content/RecolectableBalas.uasset
[2021.01.05-16.32.11:283][201]LogTemp: Repeting last play command: Selected Viewport
[2021.01.05-16.32.11:296][201]LogPlayLevel: PlayLevel: No blueprints needed recompiling
[2021.01.05-16.32.11:296][201]PIE: New page: PIE session: Level2 (Jan 5, 2021, 6:32:11 PM)
[2021.01.05-16.32.11:297][201]LogPlayLevel: Creating play world package: /Game/Levels/UEDPIE_0_Level2
[2021.01.05-16.32.11:310][201]LogPlayLevel: PIE: StaticDuplicateObject took: (0.012563s)
[2021.01.05-16.32.11:310][201]LogAIModule: Creating AISystem for world Level2
[2021.01.05-16.32.11:311][201]LogPlayLevel: PIE: World Init took: (0.000671s)
[2021.01.05-16.32.11:311][201]LogPlayLevel: PIE: Created PIE world by copying editor world from /Game/Levels/Level2.Level2 to /Game/Levels/UEDPIE_0_Level2.Level2 (0.013405s)
[2021.01.05-16.32.11:326][201]LogInit: XAudio2 using 'cascos (Realtek(R) Audio)' : 2 channels at 48 kHz using 32 bits per sample (channel mask 0x3)
[2021.01.05-16.32.11:337][201]LogInit: FAudioDevice initialized.
[2021.01.05-16.32.11:363][201]LogLoad: Game class is 'ModoSupervivencia_C'
[2021.01.05-16.32.11:368][201]LogWorld: Bringing World /Game/Levels/UEDPIE_0_Level2.Level2 up for play (max tick rate 0) at 2021.01.05-17.32.11
[2021.01.05-16.32.11:369][201]LogWorld: Bringing up level for play took: 0.004271
[2021.01.05-16.32.11:371][201]PIE: Info Play in editor start time for /Game/Levels/UEDPIE_0_Level2 -0.785
[2021.01.05-16.32.18:571][ 63]LogBlueprintUserMessages: [Shape_Cube_DM_Blueprint6] colision true
[2021.01.05-16.32.18:596][ 66]LogBlueprintUserMessages: [Shape_Cube_DM_Blueprint_2] colision true
[2021.01.05-16.32.18:638][ 71]LogBlueprintUserMessages: [Shape_Cube_DM_Blueprint4] colision true
[2021.01.05-16.32.18:646][ 72]LogBlueprintUserMessages: [Shape_Cube_DM_Blueprint2] colision true
[2021.01.05-16.32.20:322][273]LogBlueprintUserMessages: [Shape_Cube_DM_Blueprint7] colision true
[2021.01.05-16.32.20:380][280]LogBlueprintUserMessages: [Shape_Cube_DM_Blueprint3] colision true
[2021.01.05-16.32.20:389][281]LogBlueprintUserMessages: [Shape_Cube_DM_Blueprint5] colision true
[2021.01.05-16.32.21:955][469]LogBlueprintUserMessages: [Shape_Cube_DM_Blueprint8] colision true
[2021.01.05-16.41.44:076][ 39]LogSavePackage: Save=203.26ms
[2021.01.05-16.41.44:076][ 39]LogSavePackage: Moving '../../../../../../CLASE/VIDEOJUEGOS/LAB/JUEGO LIBRE UNREAL/Supervivencia/Saved/Level2_Auto373AA3CEE4F6220DB44AADB98278A2312.tmp' to '../../../../../../CLASE/VIDEOJUEGOS/LAB/JUEGO LIBRE UNREAL/Supervivencia/Saved/Autosaves/Game/Levels/Level2_Auto3.umap'
[2021.01.05-16.41.44:078][ 39]LogSavePackage:Display: Finished SavePackage ../../../../../../CLASE/VIDEOJUEGOS/LAB/JUEGO LIBRE UNREAL/Supervivencia/Saved/Autosaves/Game/Levels/Level2_Auto3.umap
[2021.01.05-16.41.44:080][ 39]LogFileHelpers: Editor autosave (incl. sublevels) for '/Game/Levels/Level2' took 0.229
[2021.01.05-16.41.44:080][ 39]LogFileHelpers: Editor autosave (incl. sublevels) for all levels took 0.229
[2021.01.05-17.05.06:052][812]LogHttp:Warning: 0000016120F42680: request failed, libcurl error: 6 (Couldn't resolve host name)
[2021.01.05-17.05.06:052][812]LogHttp:Warning: 0000016120F42680: libcurl info message cache 0 (Found bundle for host datarouter.ol.epicgames.com: 0x1611e51bfe8 [can pipeline])
[2021.01.05-17.05.06:052][812]LogHttp:Warning: 0000016120F42680: libcurl info message cache 1 (Re-using existing connection! (#24) with host datarouter.ol.epicgames.com)
[2021.01.05-17.05.06:052][812]LogHttp:Warning: 0000016120F42680: libcurl info message cache 2 (Connected to datarouter.ol.epicgames.com (52.55.47.67) port 443 (#24))
[2021.01.05-17.05.06:052][812]LogHttp:Warning: 0000016120F42680: libcurl info message cache 3 (upload completely sent off: 364 out of 364 bytes)
[2021.01.05-17.05.06:052][812]LogHttp:Warning: 0000016120F42680: libcurl info message cache 4 (TLSv1.2 (IN), TLS alert, Client hello (1):)
[2021.01.05-17.05.06:052][812]LogHttp:Warning: 0000016120F42680: libcurl info message cache 5 (Connection died, retrying a fresh connect)
[2021.01.05-17.05.06:052][812]LogHttp:Warning: 0000016120F42680: libcurl info message cache 6 (Closing connection 24)
[2021.01.05-17.05.06:052][812]LogHttp:Warning: 0000016120F42680: libcurl info message cache 7 (TLSv1.2 (OUT), TLS alert, Client hello (1):)
[2021.01.05-17.05.06:052][812]LogHttp:Warning: 0000016120F42680: libcurl info message cache 8 (Issue another request to this URL: 'https://datarouter.ol.epicgames.com/datarouter/api/v1/public/data?SessionID=%7B17D488F6-4D51-45D6-8B03-E9AFC1D3200A%7D&AppID=UEEditor.Rocket.Release&AppVersion=4.16.3-3561208%2B%2B%2BUE4%2BRelease-4.16&UserID=e501a7c44c841f62f7de50abe6de14c6%7C277c8d9923434d3bb8920cc7c789e26e%7C7a263120-b56e-4687-b57b-11107039a0b9&AppEnvironment=datacollector-binary&UploadType=eteventstream')
[2021.01.05-17.05.06:052][812]LogHttp:Warning: 0000016120F42680: libcurl info message cache 9 (Could not resolve host: datarouter.ol.epicgames.com)
[2021.01.05-17.05.06:052][812]LogHttp:Warning: 0000016120F42680: libcurl info message cache 10 (Closing connection 25)
[2021.01.05-18.54.12:417][451]LogHttp:Warning: 0000016120F42E00: request failed, libcurl error: 6 (Couldn't resolve host name)
[2021.01.05-18.54.12:417][451]LogHttp:Warning: 0000016120F42E00: libcurl info message cache 0 (Connection 61 seems to be dead!)
[2021.01.05-18.54.12:417][451]LogHttp:Warning: 0000016120F42E00: libcurl info message cache 1 (Closing connection 61)
[2021.01.05-18.54.12:417][451]LogHttp:Warning: 0000016120F42E00: libcurl info message cache 2 (TLSv1.2 (OUT), TLS alert, Client hello (1):)
[2021.01.05-18.54.12:417][451]LogHttp:Warning: 0000016120F42E00: libcurl info message cache 3 (Could not resolve host: datarouter.ol.epicgames.com)
[2021.01.05-18.54.12:417][451]LogHttp:Warning: 0000016120F42E00: libcurl info message cache 4 (Closing connection 62)
[2021.01.05-19.20.22:752][162]LogHttp:Warning: 0000016120F41900: request failed, libcurl error: 6 (Couldn't resolve host name)
[2021.01.05-19.20.22:752][162]LogHttp:Warning: 0000016120F41900: libcurl info message cache 0 (Found bundle for host datarouter.ol.epicgames.com: 0x1611e51a908 [can pipeline])
[2021.01.05-19.20.22:752][162]LogHttp:Warning: 0000016120F41900: libcurl info message cache 1 (Re-using existing connection! (#74) with host datarouter.ol.epicgames.com)
[2021.01.05-19.20.22:752][162]LogHttp:Warning: 0000016120F41900: libcurl info message cache 2 (Connected to datarouter.ol.epicgames.com (54.224.4.128) port 443 (#74))
[2021.01.05-19.20.22:752][162]LogHttp:Warning: 0000016120F41900: libcurl info message cache 3 (upload completely sent off: 716 out of 716 bytes)
[2021.01.05-19.20.22:752][162]LogHttp:Warning: 0000016120F41900: libcurl info message cache 4 (SSL read: error:00000000:lib(0):func(0):reason(0), errno 10054)
[2021.01.05-19.20.22:752][162]LogHttp:Warning: 0000016120F41900: libcurl info message cache 5 (Connection died, retrying a fresh connect)
[2021.01.05-19.20.22:752][162]LogHttp:Warning: 0000016120F41900: libcurl info message cache 6 (Closing connection 74)
[2021.01.05-19.20.22:752][162]LogHttp:Warning: 0000016120F41900: libcurl info message cache 7 (Issue another request to this URL: 'https://datarouter.ol.epicgames.com/datarouter/api/v1/public/data?SessionID=%7B17D488F6-4D51-45D6-8B03-E9AFC1D3200A%7D&AppID=UEEditor.Rocket.Release&AppVersion=4.16.3-3561208%2B%2B%2BUE4%2BRelease-4.16&UserID=e501a7c44c841f62f7de50abe6de14c6%7C277c8d9923434d3bb8920cc7c789e26e%7C7a263120-b56e-4687-b57b-11107039a0b9&AppEnvironment=datacollector-binary&UploadType=eteventstream')
[2021.01.05-19.20.22:752][162]LogHttp:Warning: 0000016120F41900: libcurl info message cache 8 (Could not resolve host: datarouter.ol.epicgames.com)
[2021.01.05-19.20.22:752][162]LogHttp:Warning: 0000016120F41900: libcurl info message cache 9 (Closing connection 75)
[2021.01.05-19.22.12:085][490]LogHttp:Warning: 0000016120F41C00: request failed, libcurl error: 6 (Couldn't resolve host name)
[2021.01.05-19.22.12:085][490]LogHttp:Warning: 0000016120F41C00: libcurl info message cache 0 (Could not resolve host: datarouter.ol.epicgames.com)
[2021.01.05-19.22.12:085][490]LogHttp:Warning: 0000016120F41C00: libcurl info message cache 1 (Closing connection 76)
[2021.01.05-21.50.33:756][195]LogHttp:Warning: 0000016120F41900: request failed, libcurl error: 6 (Couldn't resolve host name)
[2021.01.05-21.50.33:756][195]LogHttp:Warning: 0000016120F41900: libcurl info message cache 0 (Found bundle for host datarouter.ol.epicgames.com: 0x1611e51a638 [can pipeline])
[2021.01.05-21.50.33:756][195]LogHttp:Warning: 0000016120F41900: libcurl info message cache 1 (Re-using existing connection! (#149) with host datarouter.ol.epicgames.com)
[2021.01.05-21.50.33:756][195]LogHttp:Warning: 0000016120F41900: libcurl info message cache 2 (Connected to datarouter.ol.epicgames.com (54.167.14.174) port 443 (#149))
[2021.01.05-21.50.33:756][195]LogHttp:Warning: 0000016120F41900: libcurl info message cache 3 (upload completely sent off: 711 out of 711 bytes)
[2021.01.05-21.50.33:756][195]LogHttp:Warning: 0000016120F41900: libcurl info message cache 4 (SSL read: error:00000000:lib(0):func(0):reason(0), errno 10054)
[2021.01.05-21.50.33:756][195]LogHttp:Warning: 0000016120F41900: libcurl info message cache 5 (Connection died, retrying a fresh connect)
[2021.01.05-21.50.33:756][195]LogHttp:Warning: 0000016120F41900: libcurl info message cache 6 (Closing connection 149)
[2021.01.05-21.50.33:756][195]LogHttp:Warning: 0000016120F41900: libcurl info message cache 7 (Issue another request to this URL: 'https://datarouter.ol.epicgames.com/datarouter/api/v1/public/data?SessionID=%7B17D488F6-4D51-45D6-8B03-E9AFC1D3200A%7D&AppID=UEEditor.Rocket.Release&AppVersion=4.16.3-3561208%2B%2B%2BUE4%2BRelease-4.16&UserID=e501a7c44c841f62f7de50abe6de14c6%7C277c8d9923434d3bb8920cc7c789e26e%7C7a263120-b56e-4687-b57b-11107039a0b9&AppEnvironment=datacollector-binary&UploadType=eteventstream')
[2021.01.05-21.50.33:756][195]LogHttp:Warning: 0000016120F41900: libcurl info message cache 8 (Could not resolve host: datarouter.ol.epicgames.com)
[2021.01.05-21.50.33:756][195]LogHttp:Warning: 0000016120F41900: libcurl info message cache 9 (Closing connection 150)
[2021.01.05-21.52.01:089][457]LogHttp:Warning: 0000016120F42680: request failed, libcurl error: 6 (Couldn't resolve host name)
[2021.01.05-21.52.01:089][457]LogHttp:Warning: 0000016120F42680: libcurl info message cache 0 (Could not resolve host: datarouter.ol.epicgames.com)
[2021.01.05-21.52.01:089][457]LogHttp:Warning: 0000016120F42680: libcurl info message cache 1 (Closing connection 151)
[2021.01.05-21.54.01:090][817]LogHttp:Warning: 0000016120F40700: request failed, libcurl error: 6 (Couldn't resolve host name)
[2021.01.05-21.54.01:090][817]LogHttp:Warning: 0000016120F40700: libcurl info message cache 0 (Could not resolve host: datarouter.ol.epicgames.com)
[2021.01.05-21.54.01:090][817]LogHttp:Warning: 0000016120F40700: libcurl info message cache 1 (Closing connection 152)
[2021.01.05-22.46.12:091][210]LogHttp:Warning: 0000016120F42680: request failed, libcurl error: 6 (Couldn't resolve host name)
[2021.01.05-22.46.12:091][210]LogHttp:Warning: 0000016120F42680: libcurl info message cache 0 (Connection 177 seems to be dead!)
[2021.01.05-22.46.12:091][210]LogHttp:Warning: 0000016120F42680: libcurl info message cache 1 (Closing connection 177)
[2021.01.05-22.46.12:091][210]LogHttp:Warning: 0000016120F42680: libcurl info message cache 2 (TLSv1.2 (OUT), TLS alert, Client hello (1):)
[2021.01.05-22.46.12:091][210]LogHttp:Warning: 0000016120F42680: libcurl info message cache 3 (Could not resolve host: datarouter.ol.epicgames.com)
[2021.01.05-22.46.12:091][210]LogHttp:Warning: 0000016120F42680: libcurl info message cache 4 (Closing connection 178)
[2021.01.05-23.10.13:883][530]LogHttp:Warning: 0000016120F42980: request failed, libcurl error: 6 (Couldn't resolve host name)
[2021.01.05-23.10.13:883][530]LogHttp:Warning: 0000016120F42980: libcurl info message cache 0 (Connection 189 seems to be dead!)
[2021.01.05-23.10.13:883][530]LogHttp:Warning: 0000016120F42980: libcurl info message cache 1 (Closing connection 189)
[2021.01.05-23.10.13:883][530]LogHttp:Warning: 0000016120F42980: libcurl info message cache 2 (TLSv1.2 (OUT), TLS alert, Client hello (1):)
[2021.01.05-23.10.13:883][530]LogHttp:Warning: 0000016120F42980: libcurl info message cache 3 (Could not resolve host: datarouter.ol.epicgames.com)
[2021.01.05-23.10.13:883][530]LogHttp:Warning: 0000016120F42980: libcurl info message cache 4 (Closing connection 190)
[2021.01.06-01.58.53:519][ 40]Cmd: OBJ SAVEPACKAGE PACKAGE="/Game/Levels/Level2" FILE="../../../../../../CLASE/VIDEOJUEGOS/LAB/JUEGO LIBRE UNREAL/Supervivencia/Content/Levels/Level2.umap" SILENT=true AUTOSAVING=false KEEPDIRTY=false
[2021.01.06-01.58.53:735][ 40]LogSavePackage: Save=178.45ms
[2021.01.06-01.58.53:735][ 40]LogSavePackage: Moving '../../../../../../CLASE/VIDEOJUEGOS/LAB/JUEGO LIBRE UNREAL/Supervivencia/Saved/Level279D8BA56432D19CC73E2E284FE957448.tmp' to '../../../../../../CLASE/VIDEOJUEGOS/LAB/JUEGO LIBRE UNREAL/Supervivencia/Content/Levels/Level2.umap'
[2021.01.06-01.58.53:741][ 40]LogSavePackage:Display: Finished SavePackage ../../../../../../CLASE/VIDEOJUEGOS/LAB/JUEGO LIBRE UNREAL/Supervivencia/Content/Levels/Level2.umap
[2021.01.06-01.58.53:766][ 40]Cmd: OBJ SAVEPACKAGE PACKAGE="/Game/Levels/Level2_BuiltData" FILE="../../../../../../CLASE/VIDEOJUEGOS/LAB/JUEGO LIBRE UNREAL/Supervivencia/Content/Levels/Level2_BuiltData.uasset" SILENT=true
[2021.01.06-01.58.53:946][ 40]LogSavePackage: Save=168.41ms
[2021.01.06-01.58.53:946][ 40]LogSavePackage: Moving '../../../../../../CLASE/VIDEOJUEGOS/LAB/JUEGO LIBRE UNREAL/Supervivencia/Saved/Level2_BuiltData75C452C34C7457D021742482E7614550.tmp' to '../../../../../../CLASE/VIDEOJUEGOS/LAB/JUEGO LIBRE UNREAL/Supervivencia/Content/Levels/Level2_BuiltData.uasset'
[2021.01.06-01.58.53:947][ 40]LogSavePackage:Display: Finished SavePackage ../../../../../../CLASE/VIDEOJUEGOS/LAB/JUEGO LIBRE UNREAL/Supervivencia/Content/Levels/Level2_BuiltData.uasset
[2021.01.06-01.58.55:508][100]Cmd: OBJ SAVEPACKAGE PACKAGE="/Game/bala" FILE="../../../../../../CLASE/VIDEOJUEGOS/LAB/JUEGO LIBRE UNREAL/Supervivencia/Content/bala.uasset" SILENT=true
[2021.01.06-01.58.55:523][100]LogSavePackage: Save=12.77ms
[2021.01.06-01.58.55:523][100]LogSavePackage: Moving '../../../../../../CLASE/VIDEOJUEGOS/LAB/JUEGO LIBRE UNREAL/Supervivencia/Saved/bala740E17CB470DEC3C4149B6849DB0B395.tmp' to '../../../../../../CLASE/VIDEOJUEGOS/LAB/JUEGO LIBRE UNREAL/Supervivencia/Content/bala.uasset'
[2021.01.06-01.58.55:527][100]LogSavePackage:Display: Finished SavePackage ../../../../../../CLASE/VIDEOJUEGOS/LAB/JUEGO LIBRE UNREAL/Supervivencia/Content/bala.uasset
[2021.01.06-01.58.55:540][100]Cmd: OBJ SAVEPACKAGE PACKAGE="/Game/Material__47" FILE="../../../../../../CLASE/VIDEOJUEGOS/LAB/JUEGO LIBRE UNREAL/Supervivencia/Content/Material__47.uasset" SILENT=true
[2021.01.06-01.58.55:553][100]LogSavePackage: Save=11.55ms
[2021.01.06-01.58.55:553][100]LogSavePackage: Moving '../../../../../../CLASE/VIDEOJUEGOS/LAB/JUEGO LIBRE UNREAL/Supervivencia/Saved/Material__47C610DE4B4C3F4CD3770028967E5B75BD.tmp' to '../../../../../../CLASE/VIDEOJUEGOS/LAB/JUEGO LIBRE UNREAL/Supervivencia/Content/Material__47.uasset'
[2021.01.06-01.58.55:557][100]LogSavePackage:Display: Finished SavePackage ../../../../../../CLASE/VIDEOJUEGOS/LAB/JUEGO LIBRE UNREAL/Supervivencia/Content/Material__47.uasset
[2021.01.06-01.58.55:847][101]Cmd: QUIT_EDITOR
[2021.01.06-01.58.56:698][101]LogWindowsTextInputMethodSystem:Display: IME system now deactivated.
[2021.01.06-01.58.56:720][101]LogExit: Preparing to exit.
[2021.01.06-01.58.57:749][101]LogDirectoryWatcher: A directory notification for 'D:/CLASE/VIDEOJUEGOS/LAB/JUEGO LIBRE UNREAL/Supervivencia/Content/' was aborted.
[2021.01.06-01.58.57:844][101]LogExit: Editor shut down
[2021.01.06-01.58.57:869][101]LogExit: Transaction tracking system shut down
[2021.01.06-01.58.58:268][101]LogObj: Freed 0b from 0 cluster array pools.
[2021.01.06-01.58.58:269][101]LogExit: Object subsystem successfully closed.
[2021.01.06-01.58.58:324][101]LogD3D11RHI: Shutdown
[2021.01.06-01.58.58:324][101]LogD3D11RHI: CleanupD3DDevice
[2021.01.06-01.58.58:439][101]LogD3D11RHI: ~FD3D11DynamicRHI
[2021.01.06-01.58.58:449][101]LogModuleManager: Shutting down and abandoning module HierarchicalLODUtilities (532)
[2021.01.06-01.58.58:449][101]LogModuleManager: Shutting down and abandoning module BlueprintGraph (530)
[2021.01.06-01.58.58:449][101]LogModuleManager: Shutting down and abandoning module BlueprintProfiler (528)
[2021.01.06-01.58.58:449][101]LogModuleManager: Shutting down and abandoning module MovieSceneCapture (526)
[2021.01.06-01.58.58:449][101]LogModuleManager: Shutting down and abandoning module HierarchicalLODOutliner (524)
[2021.01.06-01.58.58:449][101]LogModuleManager: Shutting down and abandoning module CrashTracker (522)
[2021.01.06-01.58.58:449][101]LogModuleManager: Shutting down and abandoning module SceneOutliner (520)
[2021.01.06-01.58.58:449][101]LogModuleManager: Shutting down and abandoning module AddContentDialog (518)
[2021.01.06-01.58.58:449][101]LogDirectoryWatcher: A directory notification for 'D:/PROGRAMAS/UNREAL/UE_4.16/FeaturePacks/' was aborted.
[2021.01.06-01.58.58:454][101]LogModuleManager: Shutting down and abandoning module WidgetCarousel (517)
[2021.01.06-01.58.58:454][101]LogModuleManager: Shutting down and abandoning module EditorWidgets (514)
[2021.01.06-01.58.58:454][101]LogModuleManager: Shutting down and abandoning module CollectionManager (512)
[2021.01.06-01.58.58:454][101]LogDirectoryWatcher: A directory notification for 'D:/CLASE/VIDEOJUEGOS/LAB/JUEGO LIBRE UNREAL/Supervivencia/Content/Collections/' was aborted.
[2021.01.06-01.58.58:454][101]LogDirectoryWatcher: A directory notification for 'D:/CLASE/VIDEOJUEGOS/LAB/JUEGO LIBRE UNREAL/Supervivencia/Content/Developers/Sofía/Collections/' was aborted.
[2021.01.06-01.58.58:454][101]LogDirectoryWatcher: A directory notification for 'D:/CLASE/VIDEOJUEGOS/LAB/JUEGO LIBRE UNREAL/Supervivencia/Saved/Collections/' was aborted.
[2021.01.06-01.58.58:454][101]LogModuleManager: Shutting down and abandoning module StatsViewer (510)
[2021.01.06-01.58.58:454][101]LogModuleManager: Shutting down and abandoning module FoliageEdit (508)
[2021.01.06-01.58.58:454][101]LogModuleManager: Shutting down and abandoning module LandscapeEditor (506)
[2021.01.06-01.58.58:454][101]LogModuleManager: Shutting down and abandoning module MeshPaintMode (504)
[2021.01.06-01.58.58:454][101]LogModuleManager: Shutting down and abandoning module SceneDepthPickerMode (502)
[2021.01.06-01.58.58:454][101]LogModuleManager: Shutting down and abandoning module ActorPickerMode (500)
[2021.01.06-01.58.58:454][101]LogModuleManager: Shutting down and abandoning module GeometryMode (498)
[2021.01.06-01.58.58:454][101]LogModuleManager: Shutting down and abandoning module TextureAlignMode (496)
[2021.01.06-01.58.58:454][101]LogModuleManager: Shutting down and abandoning module BspMode (494)
[2021.01.06-01.58.58:454][101]LogModuleManager: Shutting down and abandoning module HardwareSurvey (492)
[2021.01.06-01.58.58:454][101]LogModuleManager: Shutting down and abandoning module SequenceRecorderSections (490)
[2021.01.06-01.58.58:454][101]LogModuleManager: Shutting down and abandoning module AutomationWorker (488)
[2021.01.06-01.58.58:454][101]LogModuleManager: Shutting down and abandoning module MatineeToLevelSequence (486)
[2021.01.06-01.58.58:454][101]LogModuleManager: Shutting down and abandoning module LevelSequenceEditor (484)
[2021.01.06-01.58.58:455][101]LogModuleManager: Shutting down and abandoning module PlacementMode (483)
[2021.01.06-01.58.58:455][101]LogModuleManager: Shutting down and abandoning module WmfMediaFactory (480)
[2021.01.06-01.58.58:455][101]LogModuleManager: Shutting down and abandoning module WmfMediaEditor (478)
[2021.01.06-01.58.58:455][101]LogModuleManager: Shutting down and abandoning module AvfMediaFactory (476)
[2021.01.06-01.58.58:455][101]LogModuleManager: Shutting down and abandoning module AvfMediaEditor (474)
[2021.01.06-01.58.58:455][101]LogModuleManager: Shutting down and abandoning module AndroidMediaFactory (472)
[2021.01.06-01.58.58:455][101]LogModuleManager: Shutting down and abandoning module Media (471)
[2021.01.06-01.58.58:455][101]LogModuleManager: Shutting down and abandoning module AndroidMediaEditor (468)
[2021.01.06-01.58.58:455][101]LogModuleManager: Shutting down and abandoning module CharacterAI (466)
[2021.01.06-01.58.58:455][101]LogModuleManager: Shutting down and abandoning module AudioCapture (464)
[2021.01.06-01.58.58:455][101]LogModuleManager: Shutting down and abandoning module SequenceRecorder (463)
[2021.01.06-01.58.58:455][101]LogModuleManager: Shutting down and abandoning module SmartSnapping (460)
[2021.01.06-01.58.58:455][101]LogModuleManager: Shutting down and abandoning module SessionServices (458)
[2021.01.06-01.58.58:455][101]LogModuleManager: Shutting down and abandoning module ViewportSnapping (456)
[2021.01.06-01.58.58:455][101]LogModuleManager: Shutting down and abandoning module ViewportInteraction (454)
[2021.01.06-01.58.58:455][101]LogModuleManager: Shutting down and abandoning module ClothPainter (452)
[2021.01.06-01.58.58:455][101]LogModuleManager: Shutting down and abandoning module LogVisualizer (450)
[2021.01.06-01.58.58:455][101]LogModuleManager: Shutting down and abandoning module IntroTutorials (448)
[2021.01.06-01.58.58:455][101]LogModuleManager: Shutting down and abandoning module GameProjectGeneration (447)
[2021.01.06-01.58.58:455][101]LogModuleManager: Shutting down and abandoning module EditorLiveStreaming (444)
[2021.01.06-01.58.58:455][101]LogModuleManager: Shutting down and abandoning module IOSPlatformEditor (442)
[2021.01.06-01.58.58:455][101]LogModuleManager: Shutting down and abandoning module HTML5PlatformEditor (440)
[2021.01.06-01.58.58:455][101]LogModuleManager: Shutting down and abandoning module AndroidPlatformEditor (438)
[2021.01.06-01.58.58:455][101]LogModuleManager: Shutting down and abandoning module AndroidDeviceDetection (437)
[2021.01.06-01.58.58:797][101]LogModuleManager: Shutting down and abandoning module IOSRuntimeSettings (434)
[2021.01.06-01.58.58:797][101]LogModuleManager: Shutting down and abandoning module AndroidRuntimeSettings (432)
[2021.01.06-01.58.58:797][101]LogModuleManager: Shutting down and abandoning module InputBindingEditor (430)
[2021.01.06-01.58.58:797][101]LogModuleManager: Shutting down and abandoning module MergeActors (428)
[2021.01.06-01.58.58:797][101]LogModuleManager: Shutting down and abandoning module SizeMap (426)
[2021.01.06-01.58.58:797][101]LogModuleManager: Shutting down and abandoning module TreeMap (424)
[2021.01.06-01.58.58:797][101]LogModuleManager: Shutting down and abandoning module ReferenceViewer (422)
[2021.01.06-01.58.58:797][101]LogModuleManager: Shutting down and abandoning module LocalizationDashboard (420)
[2021.01.06-01.58.58:797][101]LogModuleManager: Shutting down and abandoning module LocalizationService (419)
[2021.01.06-01.58.58:797][101]LogModuleManager: Shutting down and abandoning module HardwareTargeting (416)
[2021.01.06-01.58.58:797][101]LogModuleManager: Shutting down and abandoning module DeviceProfileEditor (414)
[2021.01.06-01.58.58:797][101]LogModuleManager: Shutting down and abandoning module UndoHistory (412)
[2021.01.06-01.58.58:797][101]LogModuleManager: Shutting down and abandoning module UserFeedback (410)
[2021.01.06-01.58.58:797][101]LogModuleManager: Shutting down and abandoning module XmlParser (408)
[2021.01.06-01.58.58:797][101]LogModuleManager: Shutting down and abandoning module Blutility (406)
[2021.01.06-01.58.58:797][101]LogModuleManager: Shutting down and abandoning module ProjectSettingsViewer (404)
[2021.01.06-01.58.58:797][101]LogModuleManager: Shutting down and abandoning module ProjectTargetPlatformEditor (403)
[2021.01.06-01.58.58:798][101]LogModuleManager: Shutting down and abandoning module EditorSettingsViewer (400)
[2021.01.06-01.58.58:798][101]LogModuleManager: Shutting down and abandoning module SettingsEditor (398)
[2021.01.06-01.58.58:798][101]LogModuleManager: Shutting down and abandoning module ProjectLauncher (396)
[2021.01.06-01.58.58:798][101]LogModuleManager: Shutting down and abandoning module SessionFrontend (394)
[2021.01.06-01.58.58:798][101]LogModuleManager: Shutting down and abandoning module ProfilerClient (392)
[2021.01.06-01.58.58:798][101]LogModuleManager: Shutting down and abandoning module DeviceManager (390)
[2021.01.06-01.58.58:798][101]LogModuleManager: Shutting down and abandoning module TargetDeviceServices (389)
[2021.01.06-01.58.58:842][101]LogModuleManager: Shutting down and abandoning module AutomationController (386)
[2021.01.06-01.58.58:842][101]LogModuleManager: Shutting down and abandoning module AutomationWindow (384)
[2021.01.06-01.58.58:842][101]LogModuleManager: Shutting down and abandoning module Layers (382)
[2021.01.06-01.58.58:842][101]LogModuleManager: Shutting down and abandoning module ComponentVisualizers (380)
[2021.01.06-01.58.58:842][101]LogModuleManager: Shutting down and abandoning module DetailCustomizations (378)
[2021.01.06-01.58.58:842][101]LogModuleManager: Shutting down and abandoning module PackagesDialog (376)
[2021.01.06-01.58.58:842][101]LogModuleManager: Shutting down and abandoning module Persona (374)
[2021.01.06-01.58.58:842][101]LogModuleManager: Shutting down and abandoning module AdvancedPreviewScene (373)
[2021.01.06-01.58.58:842][101]LogModuleManager: Shutting down and abandoning module AnimGraph (371)
[2021.01.06-01.58.58:842][101]LogModuleManager: Shutting down and abandoning module Kismet (368)
[2021.01.06-01.58.58:850][101]LogModuleManager: Shutting down and abandoning module ClassViewer (366)
[2021.01.06-01.58.58:850][101]LogModuleManager: Shutting down and abandoning module Toolbox (364)
[2021.01.06-01.58.58:850][101]LogModuleManager: Shutting down and abandoning module ModuleUI (362)
[2021.01.06-01.58.58:850][101]LogModuleManager: Shutting down and abandoning module MovieSceneTools (360)
[2021.01.06-01.58.58:850][101]LogModuleManager: Shutting down and abandoning module OutputLog (358)
[2021.01.06-01.58.58:850][101]LogModuleManager: Shutting down and abandoning module GammaUI (356)
[2021.01.06-01.58.58:850][101]LogModuleManager: Shutting down and abandoning module Documentation (354)
[2021.01.06-01.58.58:850][101]LogModuleManager: Shutting down and abandoning module MovieSceneTracks (352)
[2021.01.06-01.58.58:850][101]LogModuleManager: Shutting down and abandoning module MovieScene (350)
[2021.01.06-01.58.58:850][101]LogModuleManager: Shutting down and abandoning module Niagara (348)
[2021.01.06-01.58.58:850][101]LogModuleManager: Shutting down and abandoning module NiagaraEditor (347)
[2021.01.06-01.58.58:850][101]LogModuleManager: Shutting down and abandoning module StreamingPauseRendering (344)
[2021.01.06-01.58.58:850][101]LogModuleManager: Shutting down and abandoning module AnalyticsET (342)
[2021.01.06-01.58.58:850][101]LogModuleManager: Shutting down and abandoning module PortalServices (340)
[2021.01.06-01.58.58:850][101]LogModuleManager: Shutting down and abandoning module PortalRpc (338)
[2021.01.06-01.58.58:850][101]LogModuleManager: Shutting down and abandoning module MessagingRpc (336)
[2021.01.06-01.58.58:850][101]LogModuleManager: Shutting down and abandoning module AIModule (334)
[2021.01.06-01.58.58:850][101]LogModuleManager: Shutting down and abandoning module GameplayDebugger (333)
[2021.01.06-01.58.58:850][101]LogModuleManager: Shutting down and abandoning module AITestSuite (331)
[2021.01.06-01.58.58:850][101]LogModuleManager: Shutting down and abandoning module ProfilerService (328)
[2021.01.06-01.58.58:956][101]LogModuleManager: Shutting down and abandoning module TaskGraph (326)
[2021.01.06-01.58.58:956][101]LogModuleManager: Shutting down and abandoning module SteamVRController (324)
[2021.01.06-01.58.58:956][101]LogModuleManager: Shutting down and abandoning module SteamVR (322)
[2021.01.06-01.58.58:956][101]LogModuleManager: Shutting down and abandoning module ProceduralMeshComponentEditor (320)
[2021.01.06-01.58.58:956][101]LogModuleManager: Shutting down and abandoning module ProceduralMeshComponent (318)
[2021.01.06-01.58.58:956][101]LogModuleManager: Shutting down and abandoning module OculusLibrary (316)
[2021.01.06-01.58.58:956][101]LogModuleManager: Shutting down and abandoning module OculusInput (314)
[2021.01.06-01.58.58:956][101]LogModuleManager: Shutting down and abandoning module MobilePatchingUtils (312)
[2021.01.06-01.58.58:956][101]LogModuleManager: Shutting down and abandoning module CustomMeshComponent (310)
[2021.01.06-01.58.58:956][101]LogModuleManager: Shutting down and abandoning module CableComponent (308)
[2021.01.06-01.58.58:956][101]LogModuleManager: Shutting down and abandoning module ArchVisCharacter (306)
[2021.01.06-01.58.58:956][101]LogModuleManager: Shutting down and abandoning module AndroidPermission (304)
[2021.01.06-01.58.58:956][101]LogModuleManager: Shutting down and abandoning module MediaPlayerEditor (300)
[2021.01.06-01.58.58:956][101]LogModuleManager: Shutting down and abandoning module HTML5Networking (298)
[2021.01.06-01.58.58:956][101]LogModuleManager: Shutting down and abandoning module AlembicImporter (296)
[2021.01.06-01.58.58:956][101]LogModuleManager: Shutting down and abandoning module AlembicLibrary (295)
[2021.01.06-01.58.58:956][101]LogModuleManager: Shutting down and abandoning module GeometryCache (294)
[2021.01.06-01.58.58:956][101]LogModuleManager: Shutting down and abandoning module GeometryCacheEd (293)
[2021.01.06-01.58.58:956][101]LogModuleManager: Shutting down and abandoning module SuperSearchEditor (288)
[2021.01.06-01.58.58:956][101]LogModuleManager: Shutting down and abandoning module SuperSearch (287)
[2021.01.06-01.58.58:956][101]LogModuleManager: Shutting down and abandoning module SpeedTreeImporter (284)
[2021.01.06-01.58.58:956][101]LogModuleManager: Shutting down and abandoning module PluginBrowser (282)
[2021.01.06-01.58.58:957][101]LogModuleManager: Shutting down and abandoning module MobileLauncherProfileWizard (280)
[2021.01.06-01.58.58:957][101]LogModuleManager: Shutting down and abandoning module VisualStudioSourceCodeAccess (278)
[2021.01.06-01.58.58:957][101]LogModuleManager: Shutting down and abandoning module DesktopPlatform (277)
[2021.01.06-01.58.58:957][101]LogModuleManager: Shutting down and abandoning module UObjectPlugin (274)
[2021.01.06-01.58.58:957][101]LogModuleManager: Shutting down and abandoning module SubversionSourceControl (272)
[2021.01.06-01.58.58:957][101]LogModuleManager: Shutting down and abandoning module PerforceSourceControl (270)
[2021.01.06-01.58.58:957][101]LogModuleManager: Shutting down and abandoning module GitSourceControl (268)
[2021.01.06-01.58.58:957][101]LogModuleManager: Shutting down and abandoning module SourceControl (267)
[2021.01.06-01.58.58:957][101]LogModuleManager: Shutting down and abandoning module LightPropagationVolumeEditor (264)
[2021.01.06-01.58.58:957][101]LogModuleManager: Shutting down and abandoning module PaperTiledImporter (262)
[2021.01.06-01.58.58:957][101]LogModuleManager: Shutting down and abandoning module PaperSpriteSheetImporter (260)
[2021.01.06-01.58.58:957][101]LogModuleManager: Shutting down and abandoning module Paper2DEditor (258)
[2021.01.06-01.58.58:957][101]LogModuleManager: Shutting down and abandoning module MeshPaint (257)
[2021.01.06-01.58.58:957][101]LogModuleManager: Shutting down and abandoning module LevelEditor (255)
[2021.01.06-01.58.58:958][101]LogModuleManager: Shutting down and abandoning module PixelInspectorModule (254)
[2021.01.06-01.58.58:958][101]LogModuleManager: Shutting down and abandoning module MainFrame (252)
[2021.01.06-01.58.58:958][101]LogModuleManager: Shutting down and abandoning module HotReload (251)
[2021.01.06-01.58.58:958][101]LogModuleManager: Shutting down and abandoning module PhysXVehiclesEditor (246)
[2021.01.06-01.58.58:958][101]LogModuleManager: Shutting down and abandoning module PhysXVehicles (244)
[2021.01.06-01.58.58:958][101]LogModuleManager: Shutting down and abandoning module LocationServicesBPLibrary (242)
[2021.01.06-01.58.58:958][101]LogModuleManager: Shutting down and abandoning module ImmediatePhysicsEditor (240)
[2021.01.06-01.58.58:958][101]LogModuleManager: Shutting down and abandoning module ImmediatePhysics (238)
[2021.01.06-01.58.58:958][101]LogModuleManager: Shutting down and abandoning module UdpMessaging (236)
[2021.01.06-01.58.59:059][101]LogModuleManager: Shutting down and abandoning module TcpMessaging (234)
[2021.01.06-01.58.59:160][101]LogModuleManager: Shutting down and abandoning module GameplayTagsEditor (232)
[2021.01.06-01.58.59:160][101]LogModuleManager: Shutting down and abandoning module FacialAnimationEditor (230)
[2021.01.06-01.58.59:160][101]LogModuleManager: Shutting down and abandoning module FacialAnimation (228)
[2021.01.06-01.58.59:160][101]LogModuleManager: Shutting down and abandoning module AssetManagerEditor (226)
[2021.01.06-01.58.59:160][101]LogModuleManager: Shutting down and abandoning module GraphEditor (225)
[2021.01.06-01.58.59:160][101]LogModuleManager: Shutting down and abandoning module ContentBrowser (223)
[2021.01.06-01.58.59:161][101]LogModuleManager: Shutting down and abandoning module LightPropagationVolumeRuntime (220)
[2021.01.06-01.58.59:161][101]LogModuleManager: Shutting down and abandoning module Paper2D (218)
[2021.01.06-01.58.59:161][101]LogModuleManager: Shutting down and abandoning module WindowsMoviePlayer (216)
[2021.01.06-01.58.59:161][101]LogModuleManager: Shutting down and abandoning module WmfMedia (214)
[2021.01.06-01.58.59:162][101]LogModuleManager: Shutting down and abandoning module ClothingSystemEditor (212)
[2021.01.06-01.58.59:162][101]LogModuleManager: Shutting down and abandoning module ClothingSystemRuntime (210)
[2021.01.06-01.58.59:162][101]LogModuleManager: Shutting down and abandoning module MediaAssets (208)
[2021.01.06-01.58.59:162][101]LogModuleManager: Shutting down and abandoning module GameLiveStreaming (206)
[2021.01.06-01.58.59:162][101]LogModuleManager: Shutting down and abandoning module VREditor (204)
[2021.01.06-01.58.59:162][101]LogModuleManager: Shutting down and abandoning module StringTableEditor (202)
[2021.01.06-01.58.59:162][101]LogModuleManager: Shutting down and abandoning module GameplayTasksEditor (200)
[2021.01.06-01.58.59:162][101]LogModuleManager: Shutting down and abandoning module BehaviorTreeEditor (198)
[2021.01.06-01.58.59:162][101]LogModuleManager: Shutting down and abandoning module FunctionalTesting (196)
[2021.01.06-01.58.59:162][101]LogModuleManager: Shutting down and abandoning module CollisionAnalyzer (194)
[2021.01.06-01.58.59:162][101]LogModuleManager: Shutting down and abandoning module UMG (192)
[2021.01.06-01.58.59:162][101]LogModuleManager: Shutting down and abandoning module UMGEditor (191)
[2021.01.06-01.58.59:162][101]LogModuleManager: Shutting down and abandoning module Sequencer (190)
[2021.01.06-01.58.59:163][101]LogModuleManager: Shutting down and abandoning module AssetTools (188)
[2021.01.06-01.58.59:163][101]LogModuleManager: Shutting down and abandoning module MessageLog (187)
[2021.01.06-01.58.59:163][101]LogModuleManager: Shutting down and abandoning module WorkspaceMenuStructure (186)
[2021.01.06-01.58.59:163][101]LogModuleManager: Shutting down and abandoning module SlateReflector (180)
[2021.01.06-01.58.59:163][101]LogModuleManager: Shutting down and abandoning module Slate (178)
[2021.01.06-01.58.59:163][101]LogModuleManager: Shutting down and abandoning module EditorStyle (176)
[2021.01.06-01.58.59:174][101]LogModuleManager: Shutting down and abandoning module SourceCodeAccess (174)
[2021.01.06-01.58.59:174][101]LogModuleManager: Shutting down and abandoning module HeadMountedDisplay (172)
[2021.01.06-01.58.59:174][101]LogModuleManager: Shutting down and abandoning module XAudio2 (170)
[2021.01.06-01.58.59:174][101]LogModuleManager: Shutting down and abandoning module Networking (168)
[2021.01.06-01.58.59:174][101]LogModuleManager: Shutting down and abandoning module Core (164)
[2021.01.06-01.58.59:174][101]LogModuleManager: Shutting down and abandoning module AssetRegistry (162)
[2021.01.06-01.58.59:281][101]LogDirectoryWatcher: A directory notification for '../../../Engine/Content/' was aborted.
[2021.01.06-01.58.59:281][101]LogDirectoryWatcher: A directory notification for '../../../../../../CLASE/VIDEOJUEGOS/LAB/JUEGO LIBRE UNREAL/Supervivencia/Content/' was aborted.
[2021.01.06-01.58.59:281][101]LogDirectoryWatcher: A directory notification for '../../../Engine/Plugins/2D/Paper2D/Content/' was aborted.
[2021.01.06-01.58.59:281][101]LogDirectoryWatcher: A directory notification for '../../../Engine/Plugins/Runtime/GearVR/Content/' was aborted.
[2021.01.06-01.58.59:287][101]LogModuleManager: Shutting down and abandoning module DirectoryWatcher (161)
[2021.01.06-01.58.59:292][101]LogModuleManager: Shutting down and abandoning module KismetCompiler (158)
[2021.01.06-01.58.59:292][101]LogModuleManager: Shutting down and abandoning module LevelSequence (156)
[2021.01.06-01.58.59:292][101]LogModuleManager: Shutting down and abandoning module PhysXFormats (154)
[2021.01.06-01.58.59:292][101]LogModuleManager: Shutting down and abandoning module MeshUtilities (152)
[2021.01.06-01.58.59:292][101]LogModuleManager: Shutting down and abandoning module SimplygonSwarm (151)
[2021.01.06-01.58.59:292][101]LogModuleManager: Shutting down and abandoning module SimplygonMeshReduction (149)
[2021.01.06-01.58.59:292][101]LogModuleManager: Shutting down and abandoning module QuadricMeshReduction (147)
[2021.01.06-01.58.59:292][101]LogModuleManager: Shutting down and abandoning module DerivedDataCache (144)
[2021.01.06-01.58.59:391][101]LogDerivedDataCache: Shutdown
[2021.01.06-01.58.59:391][101]LogModuleManager: Shutting down and abandoning module TargetPlatform (142)
[2021.01.06-01.58.59:391][101]LogModuleManager: Shutting down and abandoning module VulkanShaderFormat (141)
[2021.01.06-01.58.59:391][101]LogModuleManager: Shutting down and abandoning module ShaderFormatVectorVM (139)
[2021.01.06-01.58.59:391][101]LogModuleManager: Shutting down and abandoning module ShaderFormatOpenGL (137)
[2021.01.06-01.58.59:391][101]LogModuleManager: Shutting down and abandoning module ShaderFormatD3D (135)
[2021.01.06-01.58.59:391][101]LogModuleManager: Shutting down and abandoning module MetalShaderFormat (133)
[2021.01.06-01.58.59:391][101]LogModuleManager: Shutting down and abandoning module TextureFormatUncompressed (131)
[2021.01.06-01.58.59:391][101]LogModuleManager: Shutting down and abandoning module TextureFormatPVR (129)
[2021.01.06-01.58.59:391][101]LogModuleManager: Shutting down and abandoning module TextureFormatDXT (127)
[2021.01.06-01.58.59:392][101]LogModuleManager: Shutting down and abandoning module TextureFormatIntelISPCTexComp (125)
[2021.01.06-01.58.59:392][101]LogModuleManager: Shutting down and abandoning module TextureFormatASTC (123)
[2021.01.06-01.58.59:392][101]LogModuleManager: Shutting down and abandoning module ImageWrapper (122)
[2021.01.06-01.58.59:392][101]LogModuleManager: Shutting down and abandoning module TextureFormatAndroid (119)
[2021.01.06-01.58.59:392][101]LogModuleManager: Shutting down and abandoning module AudioFormatOpus (117)
[2021.01.06-01.58.59:392][101]LogModuleManager: Shutting down and abandoning module AudioFormatOgg (115)
[2021.01.06-01.58.59:392][101]LogModuleManager: Shutting down and abandoning module AudioFormatADPCM (113)
[2021.01.06-01.58.59:392][101]LogModuleManager: Shutting down and abandoning module LinuxTargetPlatform (111)
[2021.01.06-01.58.59:392][101]LogModuleManager: Shutting down and abandoning module LinuxServerTargetPlatform (109)
[2021.01.06-01.58.59:392][101]LogModuleManager: Shutting down and abandoning module LinuxNoEditorTargetPlatform (107)
[2021.01.06-01.58.59:392][101]LogModuleManager: Shutting down and abandoning module LinuxClientTargetPlatform (105)
[2021.01.06-01.58.59:392][101]LogModuleManager: Shutting down and abandoning module TVOSTargetPlatform (103)
[2021.01.06-01.58.59:392][101]LogModuleManager: Shutting down and abandoning module Messaging (101)
[2021.01.06-01.58.59:392][101]LogModuleManager: Shutting down and abandoning module IOSTargetPlatform (99)
[2021.01.06-01.58.59:392][101]LogModuleManager: Shutting down and abandoning module HTML5TargetPlatform (97)
[2021.01.06-01.58.59:392][101]LogModuleManager: Shutting down and abandoning module Android_PVRTCTargetPlatform (95)
[2021.01.06-01.58.59:392][101]LogModuleManager: Shutting down and abandoning module Android_MultiTargetPlatform (93)
[2021.01.06-01.58.59:392][101]LogModuleManager: Shutting down and abandoning module Android_ETC2TargetPlatform (91)
[2021.01.06-01.58.59:392][101]LogModuleManager: Shutting down and abandoning module Android_ETC1TargetPlatform (89)
[2021.01.06-01.58.59:392][101]LogModuleManager: Shutting down and abandoning module Android_DXTTargetPlatform (87)
[2021.01.06-01.58.59:392][101]LogModuleManager: Shutting down and abandoning module Android_ATCTargetPlatform (85)
[2021.01.06-01.58.59:392][101]LogModuleManager: Shutting down and abandoning module Android_ASTCTargetPlatform (83)
[2021.01.06-01.58.59:392][101]LogModuleManager: Shutting down and abandoning module AndroidTargetPlatform (81)
[2021.01.06-01.58.59:392][101]LogModuleManager: Shutting down and abandoning module WindowsTargetPlatform (79)
[2021.01.06-01.58.59:392][101]LogModuleManager: Shutting down and abandoning module WindowsServerTargetPlatform (77)
[2021.01.06-01.58.59:392][101]LogModuleManager: Shutting down and abandoning module WindowsNoEditorTargetPlatform (75)
[2021.01.06-01.58.59:392][101]LogModuleManager: Shutting down and abandoning module WindowsClientTargetPlatform (73)
[2021.01.06-01.58.59:392][101]LogModuleManager: Shutting down and abandoning module MacTargetPlatform (71)
[2021.01.06-01.58.59:392][101]LogModuleManager: Shutting down and abandoning module MacServerTargetPlatform (69)
[2021.01.06-01.58.59:392][101]LogModuleManager: Shutting down and abandoning module MacNoEditorTargetPlatform (67)
[2021.01.06-01.58.59:392][101]LogModuleManager: Shutting down and abandoning module MacClientTargetPlatform (65)
[2021.01.06-01.58.59:392][101]LogModuleManager: Shutting down and abandoning module AllDesktopTargetPlatform (63)
[2021.01.06-01.58.59:392][101]LogModuleManager: Shutting down and abandoning module InputCore (60)
[2021.01.06-01.58.59:392][101]LogModuleManager: Shutting down and abandoning module Settings (58)
[2021.01.06-01.58.59:392][101]LogModuleManager: Shutting down and abandoning module OculusRift (56)
[2021.01.06-01.58.59:392][101]LogModuleManager: Shutting down and abandoning module GearVRController (54)
[2021.01.06-01.58.59:392][101]LogModuleManager: Shutting down and abandoning module GearVR (52)
[2021.01.06-01.58.59:392][101]LogModuleManager: Shutting down and abandoning module ExampleDeviceProfileSelector (50)
[2021.01.06-01.58.59:392][101]LogModuleManager: Shutting down and abandoning module OnlineBlueprintSupport (48)
[2021.01.06-01.58.59:392][101]LogModuleManager: Shutting down and abandoning module OnlineSubsystem (44)
[2021.01.06-01.58.59:392][101]LogOnline:Display: Unloading online subsystem: NULL
[2021.01.06-01.58.59:392][101]LogModuleManager: Shutting down and abandoning module XMPP (43)
[2021.01.06-01.58.59:392][101]LogModuleManager: Shutting down and abandoning module HTTP (41)
[2021.01.06-01.58.59:392][101]LogHttp:Display: Http module shutting down, but needs to wait on 1 outstanding Http requests:
[2021.01.06-01.58.59:392][101]LogHttp:Display: 	verb=[POST] url=[https://datarouter.ol.epicgames.com/datarouter/api/v1/public/data?SessionID=%7B17D488F6-4D51-45D6-8B03-E9AFC1D3200A%7D&AppID=UEEditor.Rocket.Release&AppVersion=4.16.3-3561208%2B%2B%2BUE4%2BRelease-4.16&UserID=e501a7c44c841f62f7de50abe6de14c6%7C277c8d9923434d3bb8920cc7c789e26e%7C7a263120-b56e-4687-b57b-11107039a0b9&AppEnvironment=datacollector-binary&UploadType=eteventstream] status=Processing
[2021.01.06-01.58.59:419][101]LogModuleManager: Shutting down and abandoning module SSL (40)
[2021.01.06-01.58.59:420][101]LogModuleManager: Shutting down and abandoning module HTTPChunkInstaller (36)
[2021.01.06-01.58.59:420][101]LogModuleManager: Shutting down and abandoning module AnimationModifiers (34)
[2021.01.06-01.58.59:420][101]LogModuleManager: Shutting down and abandoning module PropertyEditor (33)
[2021.01.06-01.58.59:420][101]LogModuleManager: Shutting down and abandoning module AudioEditor (30)
[2021.01.06-01.58.59:420][101]LogModuleManager: Shutting down and abandoning module TextureCompressor (28)
[2021.01.06-01.58.59:420][101]LogModuleManager: Shutting down and abandoning module ShaderCore (26)
[2021.01.06-01.58.59:420][101]LogModuleManager: Shutting down and abandoning module Landscape (24)
[2021.01.06-01.58.59:420][101]LogModuleManager: Shutting down and abandoning module SlateRHIRenderer (22)
[2021.01.06-01.58.59:425][101]LogModuleManager: Shutting down and abandoning module OpenGLDrv (20)
[2021.01.06-01.58.59:425][101]LogModuleManager: Shutting down and abandoning module D3D11RHI (18)
[2021.01.06-01.58.59:425][101]LogModuleManager: Shutting down and abandoning module AnimGraphRuntime (16)
[2021.01.06-01.58.59:425][101]LogModuleManager: Shutting down and abandoning module Renderer (14)
[2021.01.06-01.58.59:425][101]LogModuleManager: Shutting down and abandoning module Engine (12)
[2021.01.06-01.58.59:425][101]LogModuleManager: Shutting down and abandoning module CoreUObject (10)
[2021.01.06-01.58.59:425][101]LogModuleManager: Shutting down and abandoning module NetworkFile (8)
[2021.01.06-01.58.59:425][101]LogModuleManager: Shutting down and abandoning module StreamingFile (6)
[2021.01.06-01.58.59:425][101]LogModuleManager: Shutting down and abandoning module SandboxFile (4)
[2021.01.06-01.58.59:425][101]LogModuleManager: Shutting down and abandoning module PakFile (2)
[2021.01.06-01.58.59:428][101]LogExit: Exiting.
[2021.01.06-01.58.59:443][101]Log file closed, 01/06/21 02:58:59
