Log file open, 01/12/21 21:42:29
LogInit:Display: Running engine for game: Supervivencia
LogPlatformFile: Not using cached read wrapper
LogInit:Display: RandInit(-1648398273) SRandInit(-1648398273).
LogTaskGraph: Started task graph with 5 named threads and 10 total threads with 1 sets of task threads.
LogStats: Stats thread started at 0.129273
LogInit: Using libcurl 7.47.1
LogInit:  - built for x86_64-pc-win32
LogInit:  - supports SSL with OpenSSL/1.0.2g
LogInit:  - supports HTTP deflate (compression) using libz 1.2.8
LogInit:  - other features:
LogInit:      CURL_VERSION_SSL
LogInit:      CURL_VERSION_LIBZ
LogInit:      CURL_VERSION_IPV6
LogInit:      CURL_VERSION_ASYNCHDNS
LogInit:      CURL_VERSION_LARGEFILE
LogInit:      CURL_VERSION_IDN
LogInit:  CurlRequestOptions (configurable via config and command line):
LogInit:  - bVerifyPeer = false  - Libcurl will NOT verify peer certificate
LogInit:  - bUseHttpProxy = false  - Libcurl will NOT use HTTP proxy
LogInit:  - bDontReuseConnections = false  - Libcurl will reuse connections
LogInit:  - CertBundlePath = nullptr  - Libcurl will use whatever was configured at build time.
LogInit: Build: ++UE4+Release-4.16-CL-3561208
LogInit: Engine Version: 4.16.3-3561208+++UE4+Release-4.16
LogInit: Compatible Engine Version: 4.16.0-3452394+++UE4+Release-4.16
LogInit: Net CL: 3452394
LogDevObjectVersion: Number of dev versions registered: 16
LogDevObjectVersion:   Dev-Blueprints (B0D832E4-1F89-4F0D-ACCF-7EB736FD4AA2): 9
LogDevObjectVersion:   Dev-Build (E1C64328-A22C-4D53-A36C-8E866417BD8C): 0
LogDevObjectVersion:   Dev-Core (375EC13C-06E4-48FB-B500-84F0262A717E): 2
LogDevObjectVersion:   Dev-Editor (E4B068ED-F494-42E9-A231-DA0B2E46BB41): 17
LogDevObjectVersion:   Dev-Framework (CFFC743F-43B0-4480-9391-14DF171D2073): 23
LogDevObjectVersion:   Dev-Mobile (B02B49B5-BB20-44E9-A304-32B752E40360): 0
LogDevObjectVersion:   Dev-Networking (A4E4105C-59A1-49B5-A7C5-40C4547EDFEE): 0
LogDevObjectVersion:   Dev-Online (39C831C9-5AE6-47DC-9A44-9C173E1C8E7C): 0
LogDevObjectVersion:   Dev-Physics (78F01B33-EBEA-4F98-B9B4-84EACCB95AA2): 0
LogDevObjectVersion:   Dev-Platform (6631380F-2D4D-43E0-8009-CF276956A95A): 0
LogDevObjectVersion:   Dev-Rendering (12F88B9F-8875-4AFC-A67C-D90C383ABD29): 15
LogDevObjectVersion:   Dev-Sequencer (7B5AE74C-D270-4C10-A958-57980B212A5A): 4
LogDevObjectVersion:   Dev-VR (D7296918-1DD6-4BDD-9DE2-64A83CC13884): 0
LogDevObjectVersion:   Dev-LoadTimes (C2A15278-BFE7-4AFE-6C17-90FF531DF755): 1
LogDevObjectVersion:   Private-Geometry (6EACA3D4-40EC-4CC1-B786-8BED09428FC5): 1
LogDevObjectVersion:   Dev-AnimPhys (29E575DD-E0A3-4627-9D10-D276232CDCEA): 3
LogInit: Compiled (64-bit): Jul 28 2017 11:49:47
LogInit: Compiled with Visual C++: 19.00.24215.01
LogInit: Build Configuration: Development
LogInit: Branch Name: ++UE4+Release-4.16
LogInit: Command line: 
LogInit: Base directory: D:/PROGRAMAS/UNREAL/UE_4.16/Engine/Binaries/Win64/
LogInit: Installed Engine Build: 1
LogInit: Presizing for max 8388607 objects, including 0 objects not considered by GC, pre-allocating 0 bytes for permanent pool.
LogInit: Object subsystem initialized
[2021.01.12-20.42.29:691][  0]LogInit: Selected Device Profile: [Windows]
[2021.01.12-20.42.29:691][  0]LogInit: Applying CVar settings loaded from the selected device profile: [Windows]
[2021.01.12-20.42.29:702][  0]LogInit: Computer: DESKTOP-IQLRGCS
[2021.01.12-20.42.29:702][  0]LogInit: User: Sofía
[2021.01.12-20.42.29:702][  0]LogInit: CPU Page size=4096, Cores=6
[2021.01.12-20.42.29:702][  0]LogInit: High frequency timer resolution =10.000000 MHz
[2021.01.12-20.42.29:703][  0]LogMemory: Memory total: Physical=16.0GB (16GB approx)
[2021.01.12-20.42.29:703][  0]LogMemory: Platform Memory Stats for Windows
[2021.01.12-20.42.29:703][  0]LogMemory: Process Physical Memory: 274.89 MB used, 274.89 MB peak
[2021.01.12-20.42.29:703][  0]LogMemory: Process Virtual Memory: 267.47 MB used, 267.47 MB peak
[2021.01.12-20.42.29:703][  0]LogMemory: Physical Memory: 7398.14 MB used,  8935.48 MB free, 16333.62 MB total
[2021.01.12-20.42.29:703][  0]LogMemory: Virtual Memory: 4767.56 MB used,  8935.48 MB free, 134217728.00 MB total
[2021.01.12-20.42.29:757][  0]LogInit: Overriding language with editor language configuration option (en).
[2021.01.12-20.42.29:757][  0]LogInit: Overriding locale with editor locale configuration option (en).
[2021.01.12-20.42.30:542][  0]LogD3D11RHI: D3D11 adapters:
[2021.01.12-20.42.30:640][  0]LogD3D11RHI:    0. 'NVIDIA GeForce GTX 1650 SUPER' (Feature Level 11_0)
[2021.01.12-20.42.30:640][  0]LogD3D11RHI:       3955/0/8166 MB DedicatedVideo/DedicatedSystem/SharedSystem, Outputs:1, VendorId:0x10de
[2021.01.12-20.42.30:642][  0]LogD3D11RHI:    1. 'Microsoft Basic Render Driver' (Feature Level 11_0)
[2021.01.12-20.42.30:642][  0]LogD3D11RHI:       0/0/8166 MB DedicatedVideo/DedicatedSystem/SharedSystem, Outputs:0, VendorId:0x1414
[2021.01.12-20.42.30:642][  0]LogD3D11RHI: Chosen D3D11 Adapter: 0
[2021.01.12-20.42.30:647][  0]LogD3D11RHI: Creating new Direct3DDevice
[2021.01.12-20.42.30:647][  0]LogD3D11RHI:     GPU DeviceId: 0x2187 (for the marketing name, search the web for "GPU Device Id")
[2021.01.12-20.42.30:647][  0]LogWindows: EnumDisplayDevices:
[2021.01.12-20.42.30:647][  0]LogWindows:    0. 'NVIDIA GeForce GTX 1650 SUPER' (P:1 D:1)
[2021.01.12-20.42.30:648][  0]LogWindows:    1. 'NVIDIA GeForce GTX 1650 SUPER' (P:0 D:0)
[2021.01.12-20.42.30:648][  0]LogWindows:    2. 'NVIDIA GeForce GTX 1650 SUPER' (P:0 D:0)
[2021.01.12-20.42.30:648][  0]LogWindows:    3. 'NVIDIA GeForce GTX 1650 SUPER' (P:0 D:0)
[2021.01.12-20.42.30:648][  0]LogWindows: DebugString: GetVideoDriverDetailsInvalid PrimaryIsNotTheChoosenAdapter GetVideoDriverDetailsInvalid PrimaryIsNotTheChoosenAdapter GetVideoDriverDetailsInvalid PrimaryIsNotTheChoosenAdapter GetVideoDriverDetailsInvalid PrimaryIsNotTheChoosenAdapter FoundDriverCount:0 
[2021.01.12-20.42.30:648][  0]LogD3D11RHI:     Adapter Name: NVIDIA GeForce GTX 1650 SUPER
[2021.01.12-20.42.30:648][  0]LogD3D11RHI:   Driver Version: Unknown (internal:Unknown, unified:Unknown)
[2021.01.12-20.42.30:648][  0]LogD3D11RHI:      Driver Date: Unknown
[2021.01.12-20.42.30:648][  0]LogRHI: Texture pool is 1361 MB (70% of 1945 MB)
[2021.01.12-20.42.30:718][  0]LogD3D11RHI: Async texture creation enabled
[2021.01.12-20.42.30:731][  0]LogD3D11RHI: GPU Timing Frequency: 1000.000000 (Debug: 2 1)
[2021.01.12-20.42.30:733][  0]LogShaderCompilers: Guid format shader working directory is -26 characters bigger than the processId version (../../../../../../CLASE/VIDEOJUEGOS/LAB/JUEGO LIBRE UNREAL/Supervivencia/Intermediate/Shaders/WorkingDirectory/2320/).
[2021.01.12-20.42.30:733][  0]LogShaderCompilers: Cleaned the shader compiler working directory 'C:/Users/Sofía/AppData/Local/Temp/UnrealShaderWorkingDir/9CA5F9E442542C44798636965C20D2D5/'.
[2021.01.12-20.42.30:733][  0]LogShaderCompilers:Display: Using Local Shader Compiler.
[2021.01.12-20.42.31:498][  0]LogTemp:Display: Loaded TP AllDesktopTargetPlatform
[2021.01.12-20.42.31:537][  0]LogTemp:Display: Loaded TP MacClientTargetPlatform
[2021.01.12-20.42.31:576][  0]LogTemp:Display: Loaded TP MacNoEditorTargetPlatform
[2021.01.12-20.42.31:616][  0]LogTemp:Display: Loaded TP MacServerTargetPlatform
[2021.01.12-20.42.31:656][  0]LogTemp:Display: Loaded TP MacTargetPlatform
[2021.01.12-20.42.31:695][  0]LogTemp:Display: Loaded TP WindowsClientTargetPlatform
[2021.01.12-20.42.31:734][  0]LogTemp:Display: Loaded TP WindowsNoEditorTargetPlatform
[2021.01.12-20.42.31:773][  0]LogTemp:Display: Loaded TP WindowsServerTargetPlatform
[2021.01.12-20.42.31:806][  0]LogTemp:Display: Loaded TP WindowsTargetPlatform
[2021.01.12-20.42.31:844][  0]LogTemp:Display: Loaded TP AndroidTargetPlatform
[2021.01.12-20.42.31:882][  0]LogTemp:Display: Loaded TP Android_ASTCTargetPlatform
[2021.01.12-20.42.31:921][  0]LogTemp:Display: Loaded TP Android_ATCTargetPlatform
[2021.01.12-20.42.31:959][  0]LogTemp:Display: Loaded TP Android_DXTTargetPlatform
[2021.01.12-20.42.31:998][  0]LogTemp:Display: Loaded TP Android_ETC1TargetPlatform
[2021.01.12-20.42.32:036][  0]LogTemp:Display: Loaded TP Android_ETC2TargetPlatform
[2021.01.12-20.42.32:111][  0]LogTemp:Display: Loaded TP Android_MultiTargetPlatform
[2021.01.12-20.42.32:111][  0]LogTemp:Display: Loaded TP Android_PVRTCTargetPlatform
[2021.01.12-20.42.32:141][  0]LogTemp:Display: Loaded TP HTML5TargetPlatform
[2021.01.12-20.42.32:218][  0]LogTemp:Display: Loaded TP IOSTargetPlatform
[2021.01.12-20.42.32:241][  0]LogTemp:Display: Loaded TP TVOSTargetPlatform
[2021.01.12-20.42.32:279][  0]LogTemp:Display: Loaded TP LinuxClientTargetPlatform
[2021.01.12-20.42.32:317][  0]LogTemp:Display: Loaded TP LinuxNoEditorTargetPlatform
[2021.01.12-20.42.32:358][  0]LogTemp:Display: Loaded TP LinuxServerTargetPlatform
[2021.01.12-20.42.32:397][  0]LogTemp:Display: Loaded TP LinuxTargetPlatform
[2021.01.12-20.42.32:397][  0]LogTargetPlatformManager:Display: Building Assets For Windows
[2021.01.12-20.42.32:771][  0]LogDerivedDataCache:Display: Max Cache Size: 512 MB
[2021.01.12-20.42.32:831][  0]LogDerivedDataCache: Loaded boot cache 0.06s 90MB C:/Users/Sofía/AppData/Local/UnrealEngine/4.16/DerivedDataCache/Boot.ddc.
[2021.01.12-20.42.32:831][  0]LogDerivedDataCache:Display: Loaded Boot cache: C:/Users/Sofía/AppData/Local/UnrealEngine/4.16/DerivedDataCache/Boot.ddc
[2021.01.12-20.42.32:831][  0]LogDerivedDataCache: FDerivedDataBackendGraph:  Pak pak cache file ../../../../../../CLASE/VIDEOJUEGOS/LAB/JUEGO LIBRE UNREAL/Supervivencia/DerivedDataCache/DDC.ddp not found, will not use a pak cache.
[2021.01.12-20.42.32:831][  0]LogDerivedDataCache: Unable to find inner node Pak for hierarchical cache Hierarchy.
[2021.01.12-20.42.32:831][  0]LogDerivedDataCache: FDerivedDataBackendGraph:  CompressedPak pak cache file ../../../../../../CLASE/VIDEOJUEGOS/LAB/JUEGO LIBRE UNREAL/Supervivencia/DerivedDataCache/Compressed.ddp not found, will not use a pak cache.
[2021.01.12-20.42.32:831][  0]LogDerivedDataCache: Unable to find inner node CompressedPak for hierarchical cache Hierarchy.
[2021.01.12-20.42.32:847][  0]LogDerivedDataCache:Display: Pak cache opened for reading ../../../Engine/DerivedDataCache/Compressed.ddp.
[2021.01.12-20.42.32:859][  0]LogDerivedDataCache: Using Local data cache path C:/Users/Sofía/AppData/Local/UnrealEngine/Common/DerivedDataCache: Writable
[2021.01.12-20.42.32:866][  0]LogMaterial: Verifying Global Shaders for PCD3D_SM5
[2021.01.12-20.42.32:867][  0]LogSlate: Using Freetype 2.6.0
[2021.01.12-20.42.32:867][  0]LogSlate: SlateFontCache - WITH_FREETYPE: 1, WITH_HARFBUZZ: 1
[2021.01.12-20.42.32:867][  0]LogSlate: SlateFontCache - WITH_FREETYPE: 1, WITH_HARFBUZZ: 1
[2021.01.12-20.42.33:130][  0]LogInit: Selected Device Profile: [Windows]
[2021.01.12-20.42.33:177][  0]LogContentStreaming: Texture pool size is 0.00 MB
[2021.01.12-20.42.33:291][  0]LogMeshUtilities: Using QuadricMeshReduction for automatic static mesh reduction
[2021.01.12-20.42.33:325][  0]LogSimplygon: Simplygon DLL not present - disabling.
[2021.01.12-20.42.33:364][  0]LogMeshUtilities: Using SimplygonSwarm for distributed automatic mesh merging
[2021.01.12-20.42.33:364][  0]LogMeshUtilities: No automatic skeletal mesh reduction module available
[2021.01.12-20.42.33:364][  0]LogMeshUtilities: No automatic mesh merging module available
[2021.01.12-20.42.33:769][  0]LogNetVersion: Supervivencia , NetCL: 3452394, EngineNetVer: 2, GameNetVer: 0 (Checksum: 1556410374)
[2021.01.12-20.42.33:823][  0]LogAssetRegistry: FAssetRegistry took 0.0265 seconds to start up
[2021.01.12-20.42.33:874][  0]LogPackageLocalizationCache: Processed 4 localized package path(s) for 1 prioritized culture(s) in 0.033140 seconds
[2021.01.12-20.42.33:884][  0]LogUObjectArray: 34194 objects as part of root set at end of initial load.
[2021.01.12-20.42.33:884][  0]LogUObjectAllocator: 7260424 out of 0 bytes used by permanent object pool.
[2021.01.12-20.42.33:884][  0]LogUObjectArray: CloseDisregardForGC: 0/0 objects in disregard for GC pool
[2021.01.12-20.42.33:949][  0]LogInit: WinSock: version 1.1 (2.2), MaxSocks=32767, MaxUdp=65467
[2021.01.12-20.42.35:762][  0]LogTcpMessaging: Initializing TcpMessaging bridge
[2021.01.12-20.42.35:797][  0]LogUdpMessaging: Initializing bridge on interface 0.0.0.0:0 to multicast group 230.0.0.1:6666.
[2021.01.12-20.42.36:211][  0]LogMaterial: Uniform references updated for custom material expression Custom.
[2021.01.12-20.42.36:507][  0]SourceControl: Info Source control is disabled
[2021.01.12-20.42.36:508][  0]SourceControl: Info Source control is disabled
[2021.01.12-20.42.36:546][  0]SourceControl: Info Source control is disabled
[2021.01.12-20.42.36:584][  0]SourceControl: Info Source control is disabled
[2021.01.12-20.42.37:117][  0]LogAndroidPermission: UAndroidPermissionCallbackProxy::GetInstance
[2021.01.12-20.42.37:597][  0]LogEngine: Initializing Engine...
[2021.01.12-20.42.37:598][  0]LogHMD: Failed to initialize OpenVR with code 110
[2021.01.12-20.42.37:719][  0]LogStats: UGameplayTagsManager::ConstructGameplayTagTree: Construct from data asset -  0.000 s
[2021.01.12-20.42.37:719][  0]LogStats: UGameplayTagsManager::ConstructGameplayTagTree: GameplayTagTreeChangedEvent.Broadcast -  0.000 s
[2021.01.12-20.42.37:813][  0]LogAIModule: Creating AISystem for world Untitled
[2021.01.12-20.42.37:824][  0]LogInit: XAudio2 using 'cascos (Realtek(R) Audio)' : 2 channels at 48 kHz using 32 bits per sample (channel mask 0x3)
[2021.01.12-20.42.37:840][  0]LogInit: FAudioDevice initialized.
[2021.01.12-20.42.37:879][  0]LogDerivedDataCache: Saved boot cache 0.04s 90MB C:/Users/Sofía/AppData/Local/UnrealEngine/4.16/DerivedDataCache/Boot.ddc.
[2021.01.12-20.42.37:889][  0]LogInit: Texture streaming: Enabled
[2021.01.12-20.42.37:960][  0]LogEngineSessionManager: EngineSessionManager initialized
[2021.01.12-20.42.38:125][  0]LogInit: Transaction tracking system initialized
[2021.01.12-20.42.38:354][  0]BlueprintLog: New page: Editor Load
[2021.01.12-20.42.39:065][  0]LocalizationService: Info Localization service is disabled
[2021.01.12-20.42.39:593][  0]LogConsoleResponse:Display: 
[2021.01.12-20.42.39:682][  0]LogCook:Display: Max memory allowance for cook 16384mb min free memory 0mb
[2021.01.12-20.42.39:682][  0]LogCook:Display: Mobile HDR setting 1
[2021.01.12-20.42.40:465][  0]LogFileCache: Scanning file cache for directory 'D:/CLASE/VIDEOJUEGOS/LAB/JUEGO LIBRE UNREAL/Supervivencia/Content/' took 0.03s
[2021.01.12-20.42.40:465][  0]SourceControl: Info Source control is disabled
[2021.01.12-20.42.40:465][  0]Cmd: MAP LOAD FILE="../../../../../../CLASE/VIDEOJUEGOS/LAB/JUEGO LIBRE UNREAL/Supervivencia/Content/Levels/Menu.umap" TEMPLATE=0 SHOWPROGRESS=1 FEATURELEVEL=3
[2021.01.12-20.42.40:465][  0]LightingResults: New page: Lighting Build
[2021.01.12-20.42.40:496][  0]MapCheck: New page: Map Check
[2021.01.12-20.42.40:496][  0]LightingResults: New page: Lighting Build
[2021.01.12-20.42.40:527][  0]LogAIModule: Creating AISystem for world Menu
[2021.01.12-20.42.40:528][  0]LogEditorServer: Finished looking for orphan Actors (0.000 secs)
[2021.01.12-20.42.40:533][  0]Cmd: MAP CHECKDEP NOCLEARLOG
[2021.01.12-20.42.40:570][  0]MapCheck: Info Map check complete: 0 Error(s), 0 Warning(s), took 37.129ms to complete.
[2021.01.12-20.42.40:570][  0]LogFileHelpers: Loading map 'Menu' took 0.105
[2021.01.12-20.42.40:706][  0]LogCollectionManager: Loaded 0 collections in 0.000865 seconds
[2021.01.12-20.42.40:773][  0]LogFileCache: Scanning file cache for directory 'D:/CLASE/VIDEOJUEGOS/LAB/JUEGO LIBRE UNREAL/Supervivencia/Saved/Collections/' took 0.01s
[2021.01.12-20.42.40:773][  0]LogFileCache: Scanning file cache for directory 'D:/CLASE/VIDEOJUEGOS/LAB/JUEGO LIBRE UNREAL/Supervivencia/Content/Developers/Sofía/Collections/' took 0.01s
[2021.01.12-20.42.40:773][  0]LogFileCache: Scanning file cache for directory 'D:/CLASE/VIDEOJUEGOS/LAB/JUEGO LIBRE UNREAL/Supervivencia/Content/Collections/' took 0.01s
[2021.01.12-20.42.40:773][  0]LogCollectionManager: Rebuilt the GUID cache for 0 collections in 0.000001 seconds
[2021.01.12-20.42.40:781][  0]LogContentBrowser: Native class hierarchy populated in 0.0079 seconds. Added 2329 classes and 491 folders.
[2021.01.12-20.42.40:829][  0]LogContentBrowser: Native class hierarchy updated for 'WidgetCarousel' in 0.0006 seconds. Added 0 classes and 0 folders.
[2021.01.12-20.42.41:153][  0]LogContentBrowser: Native class hierarchy updated for 'AddContentDialog' in 0.0006 seconds. Added 0 classes and 0 folders.
[2021.01.12-20.42.41:187][  0]LogContentBrowser: Native class hierarchy updated for 'SceneOutliner' in 0.0006 seconds. Added 1 classes and 2 folders.
[2021.01.12-20.42.41:215][  0]LogCrashTracker: Crashtracker disabled due to settings.
[2021.01.12-20.42.41:221][  0]LogSlate: Took 0.000203 seconds to synchronously load lazily loaded font '../../../Engine/Content/Slate/Fonts/Roboto-Regular.ttf' (155K)
[2021.01.12-20.42.41:222][  0]LogSlate: Took 0.000136 seconds to synchronously load lazily loaded font '../../../Engine/Content/Slate/Fonts/Roboto-Bold.ttf' (160K)
[2021.01.12-20.42.41:231][  0]LogSlate: Took 0.005249 seconds to synchronously load lazily loaded font '../../../Engine/Content/Editor/Slate/Fonts/FontAwesome.ttf' (139K)
[2021.01.12-20.42.41:238][  0]LogSlate: Took 0.005241 seconds to synchronously load lazily loaded font '../../../Engine/Content/Editor/Slate/Fonts/DroidSansMono.ttf' (77K)
[2021.01.12-20.42.41:350][  0]LogRenderer: Reallocating scene render targets to support 1192x484 NumSamples 1 (Frame:1).
[2021.01.12-20.42.41:435][  0]LogUObjectGlobals:Warning: Failed to find object 'Class None.'
[2021.01.12-20.42.41:490][  0]LogContentBrowser: Native class hierarchy updated for 'HierarchicalLODOutliner' in 0.0006 seconds. Added 1 classes and 2 folders.
[2021.01.12-20.42.41:490][  0]LogLoad: (Engine Initialization) Total time: 13.43 seconds
[2021.01.12-20.42.41:490][  0]LogLoad: (Engine Initialization) Total Blueprint compile time: 0.04 seconds
[2021.01.12-20.42.41:490][  0]LogExternalProfiler: No external profilers were discovered.  External profiling features will not be available.
[2021.01.12-20.42.41:499][  0]LogOcInput: OculusInput pre-init called
[2021.01.12-20.42.41:499][  0]LogHMD: Starting GearVRController plugin
[2021.01.12-20.42.41:531][  0]LogContentStreaming: Texture pool size now 1000 MB
[2021.01.12-20.42.41:572][  0]LogSlate: Took 0.000132 seconds to synchronously load lazily loaded font '../../../Engine/Content/Slate/Fonts/Roboto-Light.ttf' (159K)
[2021.01.12-20.42.41:579][  1]LogFileCache: Retrieving MD5 hashes for directory 'D:/CLASE/VIDEOJUEGOS/LAB/JUEGO LIBRE UNREAL/Supervivencia/Content/' took 0.07s
[2021.01.12-20.42.41:591][  1]LogAssetRegistry: Asset discovery search completed in 7.7909 seconds
[2021.01.12-20.42.41:595][  1]LogCollectionManager: Rebuilt the object cache for 0 collections in 0.000000 seconds (found 0 objects)
[2021.01.12-20.42.41:595][  1]LogCollectionManager: Fixed up redirectors for 0 collections in 0.000110 seconds (updated 0 objects)
[2021.01.12-21.16.03:210][180]LogHttp:Warning: 00000216B62C5900: request failed, libcurl error: 6 (Couldn't resolve host name)
[2021.01.12-21.16.03:210][180]LogHttp:Warning: 00000216B62C5900: libcurl info message cache 0 (Found bundle for host datarouter.ol.epicgames.com: 0x216b9f87fb8 [can pipeline])
[2021.01.12-21.16.03:210][180]LogHttp:Warning: 00000216B62C5900: libcurl info message cache 1 (Re-using existing connection! (#5) with host datarouter.ol.epicgames.com)
[2021.01.12-21.16.03:210][180]LogHttp:Warning: 00000216B62C5900: libcurl info message cache 2 (Connected to datarouter.ol.epicgames.com (34.206.104.10) port 443 (#5))
[2021.01.12-21.16.03:211][180]LogHttp:Warning: 00000216B62C5900: libcurl info message cache 3 (upload completely sent off: 358 out of 358 bytes)
[2021.01.12-21.16.03:211][180]LogHttp:Warning: 00000216B62C5900: libcurl info message cache 4 (SSL read: error:00000000:lib(0):func(0):reason(0), errno 10054)
[2021.01.12-21.16.03:211][180]LogHttp:Warning: 00000216B62C5900: libcurl info message cache 5 (Connection died, retrying a fresh connect)
[2021.01.12-21.16.03:211][180]LogHttp:Warning: 00000216B62C5900: libcurl info message cache 6 (Closing connection 5)
[2021.01.12-21.16.03:211][180]LogHttp:Warning: 00000216B62C5900: libcurl info message cache 7 (Issue another request to this URL: 'https://datarouter.ol.epicgames.com/datarouter/api/v1/public/data?SessionID=%7BE6C30BDF-4DB1-1CF1-0AF2-26BDB01C3A28%7D&AppID=UEEditor.Rocket.Release&AppVersion=4.16.3-3561208%2B%2B%2BUE4%2BRelease-4.16&UserID=e501a7c44c841f62f7de50abe6de14c6%7C277c8d9923434d3bb8920cc7c789e26e%7C7a263120-b56e-4687-b57b-11107039a0b9&AppEnvironment=datacollector-binary&UploadType=eteventstream')
[2021.01.12-21.16.03:211][180]LogHttp:Warning: 00000216B62C5900: libcurl info message cache 8 (Could not resolve host: datarouter.ol.epicgames.com)
[2021.01.12-21.16.03:211][180]LogHttp:Warning: 00000216B62C5900: libcurl info message cache 9 (Closing connection 6)
[2021.01.12-21.16.41:511][776]LogHttp:Warning: 00000216B62C5000: request failed, libcurl error: 6 (Couldn't resolve host name)
[2021.01.12-21.16.41:511][776]LogHttp:Warning: 00000216B62C5000: libcurl info message cache 0 (Could not resolve host: datarouter.ol.epicgames.com)
[2021.01.12-21.16.41:511][776]LogHttp:Warning: 00000216B62C5000: libcurl info message cache 1 (Closing connection 7)
[2021.01.12-21.18.52:589][505]LogHttp:Warning: 00000216B62C6E00: request failed, libcurl error: 6 (Couldn't resolve host name)
[2021.01.12-21.18.52:589][505]LogHttp:Warning: 00000216B62C6E00: libcurl info message cache 0 (Could not resolve host: datarouter.ol.epicgames.com)
[2021.01.12-21.18.52:589][505]LogHttp:Warning: 00000216B62C6E00: libcurl info message cache 1 (Closing connection 8)
[2021.01.12-21.19.41:515][376]LogHttp:Warning: 00000216B62C5D80: request failed, libcurl error: 6 (Couldn't resolve host name)
[2021.01.12-21.19.41:515][376]LogHttp:Warning: 00000216B62C5D80: libcurl info message cache 0 (Could not resolve host: datarouter.ol.epicgames.com)
[2021.01.12-21.19.41:516][376]LogHttp:Warning: 00000216B62C5D80: libcurl info message cache 1 (Closing connection 9)
[2021.01.12-21.38.26:343][351]LogAudio:Warning: Current Audio Device with ID {0.0.0.00000000}.{3cbbca7a-665d-4811-85cc-fb7e4777090c} was removed. Shutting down audio device.
[2021.01.12-21.38.39:297][745]LogSlate: Took 0.000196 seconds to synchronously load lazily loaded font '../../../Engine/Content/Slate/Fonts/Roboto-Light.ttf' (159K)
[2021.01.12-21.38.40:135][745]LogSlate: Took 0.000241 seconds to synchronously load lazily loaded font '../../../Engine/Content/Slate/Fonts/Roboto-Regular.ttf' (155K)
[2021.01.12-21.38.40:576][745]LogTexture:Display: Building textures: HQ_Lightmap0_1 (AutoDXT, 1024X1024)
[2021.01.12-21.38.40:656][745]LogTexture:Display: Building textures: HQ_Lightmap0_2 (AutoDXT, 512X512)
[2021.01.12-21.38.40:687][745]LogTexture:Display: Building textures: HQ_Lightmap0_3 (AutoDXT, 512X512)
[2021.01.12-21.38.40:717][745]LogTexture:Display: Building textures: HQ_Lightmap0_4 (AutoDXT, 256X256)
[2021.01.12-21.38.40:755][745]LogTexture:Display: Building textures: HQ_Lightmap0_5 (AutoDXT, 256X256)
[2021.01.12-21.38.40:774][745]LogTexture:Display: Building textures: HQ_Lightmap0_6 (AutoDXT, 256X256)
[2021.01.12-21.38.40:804][745]LogTexture:Display: Building textures: HQ_Lightmap0_7 (AutoDXT, 256X256)
[2021.01.12-21.38.40:820][745]LogTexture:Display: Building textures: HQ_Lightmap0_8 (AutoDXT, 64X64)
[2021.01.12-21.38.40:831][745]LogTexture:Display: Building textures: LQ_Lightmap_0_1 (DXT1, 1024X1024)
[2021.01.12-21.38.40:890][745]LogTexture:Display: Building textures: LQ_Lightmap_0_2 (DXT1, 512X512)
[2021.01.12-21.38.40:919][745]LogTexture:Display: Building textures: LQ_Lightmap_0_3 (DXT1, 512X512)
[2021.01.12-21.38.40:949][745]LogTexture:Display: Building textures: LQ_Lightmap_0_4 (DXT1, 256X256)
[2021.01.12-21.38.40:982][745]LogTexture:Display: Building textures: LQ_Lightmap_0_5 (DXT1, 256X256)
[2021.01.12-21.38.41:000][745]LogTexture:Display: Building textures: LQ_Lightmap_0_6 (DXT1, 256X256)
[2021.01.12-21.38.41:029][745]LogTexture:Display: Building textures: LQ_Lightmap_0_7 (DXT1, 256X256)
[2021.01.12-21.38.41:043][745]LogTexture:Display: Building textures: LQ_Lightmap_0_8 (DXT1, 64X64)
[2021.01.12-21.38.41:051][745]LogTexture:Display: Building textures: SkyOcclusion0_1 (AutoDXT, 1024X512)
[2021.01.12-21.38.41:094][745]LogTexture:Display: Building textures: SkyOcclusion0_2 (AutoDXT, 512X256)
[2021.01.12-21.38.41:114][745]LogTexture:Display: Building textures: SkyOcclusion0_3 (AutoDXT, 512X256)
[2021.01.12-21.38.41:136][745]LogTexture:Display: Building textures: SkyOcclusion0_4 (AutoDXT, 256X128)
[2021.01.12-21.38.41:166][745]LogTexture:Display: Building textures: SkyOcclusion0_5 (AutoDXT, 256X128)
[2021.01.12-21.38.41:184][745]LogTexture:Display: Building textures: SkyOcclusion0_6 (AutoDXT, 256X128)
[2021.01.12-21.38.41:211][745]LogTexture:Display: Building textures: SkyOcclusion0_7 (AutoDXT, 256X128)
[2021.01.12-21.38.41:223][745]LogTexture:Display: Building textures: SkyOcclusion0_8 (AutoDXT, 64X32)
[2021.01.12-21.38.41:474][745]LogAIModule: Creating AISystem for world Level2
[2021.01.12-21.38.41:513][745]Cmd: MAP LOAD FILE="../../../../../../CLASE/VIDEOJUEGOS/LAB/JUEGO LIBRE UNREAL/Supervivencia/Content/Levels/Level2.umap" TEMPLATE=0 SHOWPROGRESS=1 FEATURELEVEL=3
[2021.01.12-21.38.41:513][745]LightingResults: New page: Lighting Build
[2021.01.12-21.38.41:513][745]LoadErrors: New page: Loading map: Level2.umap
[2021.01.12-21.38.41:514][745]MapCheck: New page: Map Check
[2021.01.12-21.38.41:514][745]LightingResults: New page: Lighting Build
[2021.01.12-21.38.41:972][745]LogEditorServer: Finished looking for orphan Actors (0.000 secs)
[2021.01.12-21.38.42:020][745]Cmd: MAP CHECKDEP NOCLEARLOG
[2021.01.12-21.38.42:084][745]MapCheck: Info Map check complete: 0 Error(s), 0 Warning(s), took 63.477ms to complete.
[2021.01.12-21.38.42:084][745]LogFileHelpers: Loading map 'Level2' took 0.572
[2021.01.12-21.38.43:151][848]LogTemp: Repeting last play command: Selected Viewport
[2021.01.12-21.38.43:290][848]LogPlayLevel: PlayLevel: No blueprints needed recompiling
[2021.01.12-21.38.43:290][848]PIE: New page: PIE session: Level2 (Jan 12, 2021, 11:38:43 PM)
[2021.01.12-21.38.43:291][848]LogPlayLevel: Creating play world package: /Game/Levels/UEDPIE_0_Level2
[2021.01.12-21.38.43:304][848]LogPlayLevel: PIE: StaticDuplicateObject took: (0.013456s)
[2021.01.12-21.38.43:305][848]LogAIModule: Creating AISystem for world Level2
[2021.01.12-21.38.43:305][848]LogPlayLevel: PIE: World Init took: (0.000613s)
[2021.01.12-21.38.43:305][848]LogPlayLevel: PIE: Created PIE world by copying editor world from /Game/Levels/Level2.Level2 to /Game/Levels/UEDPIE_0_Level2.Level2 (0.014477s)
[2021.01.12-21.38.43:316][848]LogInit: XAudio2 using 'cascos (Realtek(R) Audio)' : 2 channels at 48 kHz using 32 bits per sample (channel mask 0x3)
[2021.01.12-21.38.43:339][848]LogInit: FAudioDevice initialized.
[2021.01.12-21.38.43:383][848]LogLoad: Game class is 'ModoSupervivencia_C'
[2021.01.12-21.38.43:388][848]LogWorld: Bringing World /Game/Levels/UEDPIE_0_Level2.Level2 up for play (max tick rate 0) at 2021.01.12-22.38.43
[2021.01.12-21.38.43:389][848]LogWorld: Bringing up level for play took: 0.004734
[2021.01.12-21.38.43:420][848]LogContentBrowser: Native class hierarchy updated for 'MovieSceneCapture' in 0.0006 seconds. Added 11 classes and 0 folders.
[2021.01.12-21.38.43:423][848]PIE: Info Play in editor start time for /Game/Levels/UEDPIE_0_Level2 -0.733
