Log file open, 01/04/21 20:05:19
LogInit:Display: Running engine for game: Supervivencia
LogPlatformFile: Not using cached read wrapper
LogInit:Display: RandInit(1423998979) SRandInit(1423998979).
LogTaskGraph: Started task graph with 5 named threads and 10 total threads with 1 sets of task threads.
LogStats: Stats thread started at 0.132677
LogInit: Using libcurl 7.47.1
LogInit:  - built for x86_64-pc-win32
LogInit:  - supports SSL with OpenSSL/1.0.2g
LogInit:  - supports HTTP deflate (compression) using libz 1.2.8
LogInit:  - other features:
LogInit:      CURL_VERSION_SSL
LogInit:      CURL_VERSION_LIBZ
LogInit:      CURL_VERSION_IPV6
LogInit:      CURL_VERSION_ASYNCHDNS
LogInit:      CURL_VERSION_LARGEFILE
LogInit:      CURL_VERSION_IDN
LogInit:  CurlRequestOptions (configurable via config and command line):
LogInit:  - bVerifyPeer = false  - Libcurl will NOT verify peer certificate
LogInit:  - bUseHttpProxy = false  - Libcurl will NOT use HTTP proxy
LogInit:  - bDontReuseConnections = false  - Libcurl will reuse connections
LogInit:  - CertBundlePath = nullptr  - Libcurl will use whatever was configured at build time.
LogInit: Build: ++UE4+Release-4.16-CL-3561208
LogInit: Engine Version: 4.16.3-3561208+++UE4+Release-4.16
LogInit: Compatible Engine Version: 4.16.0-3452394+++UE4+Release-4.16
LogInit: Net CL: 3452394
LogDevObjectVersion: Number of dev versions registered: 16
LogDevObjectVersion:   Dev-Blueprints (B0D832E4-1F89-4F0D-ACCF-7EB736FD4AA2): 9
LogDevObjectVersion:   Dev-Build (E1C64328-A22C-4D53-A36C-8E866417BD8C): 0
LogDevObjectVersion:   Dev-Core (375EC13C-06E4-48FB-B500-84F0262A717E): 2
LogDevObjectVersion:   Dev-Editor (E4B068ED-F494-42E9-A231-DA0B2E46BB41): 17
LogDevObjectVersion:   Dev-Framework (CFFC743F-43B0-4480-9391-14DF171D2073): 23
LogDevObjectVersion:   Dev-Mobile (B02B49B5-BB20-44E9-A304-32B752E40360): 0
LogDevObjectVersion:   Dev-Networking (A4E4105C-59A1-49B5-A7C5-40C4547EDFEE): 0
LogDevObjectVersion:   Dev-Online (39C831C9-5AE6-47DC-9A44-9C173E1C8E7C): 0
LogDevObjectVersion:   Dev-Physics (78F01B33-EBEA-4F98-B9B4-84EACCB95AA2): 0
LogDevObjectVersion:   Dev-Platform (6631380F-2D4D-43E0-8009-CF276956A95A): 0
LogDevObjectVersion:   Dev-Rendering (12F88B9F-8875-4AFC-A67C-D90C383ABD29): 15
LogDevObjectVersion:   Dev-Sequencer (7B5AE74C-D270-4C10-A958-57980B212A5A): 4
LogDevObjectVersion:   Dev-VR (D7296918-1DD6-4BDD-9DE2-64A83CC13884): 0
LogDevObjectVersion:   Dev-LoadTimes (C2A15278-BFE7-4AFE-6C17-90FF531DF755): 1
LogDevObjectVersion:   Private-Geometry (6EACA3D4-40EC-4CC1-B786-8BED09428FC5): 1
LogDevObjectVersion:   Dev-AnimPhys (29E575DD-E0A3-4627-9D10-D276232CDCEA): 3
LogInit: Compiled (64-bit): Jul 28 2017 11:49:47
LogInit: Compiled with Visual C++: 19.00.24215.01
LogInit: Build Configuration: Development
LogInit: Branch Name: ++UE4+Release-4.16
LogInit: Command line: 
LogInit: Base directory: D:/PROGRAMAS/UNREAL/UE_4.16/Engine/Binaries/Win64/
LogInit: Installed Engine Build: 1
LogInit: Presizing for max 8388607 objects, including 0 objects not considered by GC, pre-allocating 0 bytes for permanent pool.
LogInit: Object subsystem initialized
[2021.01.04-19.05.19:957][  0]LogInit: Selected Device Profile: [Windows]
[2021.01.04-19.05.19:957][  0]LogInit: Applying CVar settings loaded from the selected device profile: [Windows]
[2021.01.04-19.05.19:968][  0]LogInit: Computer: DESKTOP-IQLRGCS
[2021.01.04-19.05.19:968][  0]LogInit: User: Sofía
[2021.01.04-19.05.19:968][  0]LogInit: CPU Page size=4096, Cores=6
[2021.01.04-19.05.19:968][  0]LogInit: High frequency timer resolution =10.000000 MHz
[2021.01.04-19.05.19:968][  0]LogMemory: Memory total: Physical=16.0GB (16GB approx)
[2021.01.04-19.05.19:968][  0]LogMemory: Platform Memory Stats for Windows
[2021.01.04-19.05.19:968][  0]LogMemory: Process Physical Memory: 275.82 MB used, 275.82 MB peak
[2021.01.04-19.05.19:968][  0]LogMemory: Process Virtual Memory: 267.24 MB used, 267.24 MB peak
[2021.01.04-19.05.19:968][  0]LogMemory: Physical Memory: 5662.90 MB used,  10670.72 MB free, 16333.62 MB total
[2021.01.04-19.05.19:968][  0]LogMemory: Virtual Memory: 4767.56 MB used,  10670.72 MB free, 134217728.00 MB total
[2021.01.04-19.05.20:029][  0]LogInit: Overriding language with editor language configuration option (en).
[2021.01.04-19.05.20:029][  0]LogInit: Overriding locale with editor locale configuration option (en).
[2021.01.04-19.05.20:813][  0]LogD3D11RHI: D3D11 adapters:
[2021.01.04-19.05.20:909][  0]LogD3D11RHI:    0. 'NVIDIA GeForce GTX 1650 SUPER' (Feature Level 11_0)
[2021.01.04-19.05.20:909][  0]LogD3D11RHI:       3955/0/8166 MB DedicatedVideo/DedicatedSystem/SharedSystem, Outputs:1, VendorId:0x10de
[2021.01.04-19.05.20:911][  0]LogD3D11RHI:    1. 'Microsoft Basic Render Driver' (Feature Level 11_0)
[2021.01.04-19.05.20:911][  0]LogD3D11RHI:       0/0/8166 MB DedicatedVideo/DedicatedSystem/SharedSystem, Outputs:0, VendorId:0x1414
[2021.01.04-19.05.20:911][  0]LogD3D11RHI: Chosen D3D11 Adapter: 0
[2021.01.04-19.05.20:918][  0]LogD3D11RHI: Creating new Direct3DDevice
[2021.01.04-19.05.20:918][  0]LogD3D11RHI:     GPU DeviceId: 0x2187 (for the marketing name, search the web for "GPU Device Id")
[2021.01.04-19.05.20:918][  0]LogWindows: EnumDisplayDevices:
[2021.01.04-19.05.20:918][  0]LogWindows:    0. 'NVIDIA GeForce GTX 1650 SUPER' (P:1 D:1)
[2021.01.04-19.05.20:918][  0]LogWindows:    1. 'NVIDIA GeForce GTX 1650 SUPER' (P:0 D:0)
[2021.01.04-19.05.20:918][  0]LogWindows:    2. 'NVIDIA GeForce GTX 1650 SUPER' (P:0 D:0)
[2021.01.04-19.05.20:918][  0]LogWindows:    3. 'NVIDIA GeForce GTX 1650 SUPER' (P:0 D:0)
[2021.01.04-19.05.20:918][  0]LogWindows: DebugString: GetVideoDriverDetailsInvalid PrimaryIsNotTheChoosenAdapter GetVideoDriverDetailsInvalid PrimaryIsNotTheChoosenAdapter GetVideoDriverDetailsInvalid PrimaryIsNotTheChoosenAdapter GetVideoDriverDetailsInvalid PrimaryIsNotTheChoosenAdapter FoundDriverCount:0 
[2021.01.04-19.05.20:918][  0]LogD3D11RHI:     Adapter Name: NVIDIA GeForce GTX 1650 SUPER
[2021.01.04-19.05.20:918][  0]LogD3D11RHI:   Driver Version: Unknown (internal:Unknown, unified:Unknown)
[2021.01.04-19.05.20:918][  0]LogD3D11RHI:      Driver Date: Unknown
[2021.01.04-19.05.20:918][  0]LogRHI: Texture pool is 1361 MB (70% of 1945 MB)
[2021.01.04-19.05.20:993][  0]LogD3D11RHI: Async texture creation enabled
[2021.01.04-19.05.21:005][  0]LogD3D11RHI: GPU Timing Frequency: 1000.000000 (Debug: 2 1)
[2021.01.04-19.05.21:006][  0]LogShaderCompilers: Guid format shader working directory is -26 characters bigger than the processId version (../../../../../../CLASE/VIDEOJUEGOS/LAB/JUEGO LIBRE UNREAL/Supervivencia/Intermediate/Shaders/WorkingDirectory/6720/).
[2021.01.04-19.05.21:006][  0]LogShaderCompilers: Cleaned the shader compiler working directory 'C:/Users/Sofía/AppData/Local/Temp/UnrealShaderWorkingDir/0879536C4872DA8EE6757DA9B4A5FCA8/'.
[2021.01.04-19.05.21:006][  0]LogShaderCompilers:Display: Using Local Shader Compiler.
[2021.01.04-19.05.21:802][  0]LogTemp:Display: Loaded TP AllDesktopTargetPlatform
[2021.01.04-19.05.21:841][  0]LogTemp:Display: Loaded TP MacClientTargetPlatform
[2021.01.04-19.05.21:881][  0]LogTemp:Display: Loaded TP MacNoEditorTargetPlatform
[2021.01.04-19.05.21:927][  0]LogTemp:Display: Loaded TP MacServerTargetPlatform
[2021.01.04-19.05.21:966][  0]LogTemp:Display: Loaded TP MacTargetPlatform
[2021.01.04-19.05.22:005][  0]LogTemp:Display: Loaded TP WindowsClientTargetPlatform
[2021.01.04-19.05.22:045][  0]LogTemp:Display: Loaded TP WindowsNoEditorTargetPlatform
[2021.01.04-19.05.22:084][  0]LogTemp:Display: Loaded TP WindowsServerTargetPlatform
[2021.01.04-19.05.22:119][  0]LogTemp:Display: Loaded TP WindowsTargetPlatform
[2021.01.04-19.05.22:159][  0]LogTemp:Display: Loaded TP AndroidTargetPlatform
[2021.01.04-19.05.22:198][  0]LogTemp:Display: Loaded TP Android_ASTCTargetPlatform
[2021.01.04-19.05.22:237][  0]LogTemp:Display: Loaded TP Android_ATCTargetPlatform
[2021.01.04-19.05.22:278][  0]LogTemp:Display: Loaded TP Android_DXTTargetPlatform
[2021.01.04-19.05.22:318][  0]LogTemp:Display: Loaded TP Android_ETC1TargetPlatform
[2021.01.04-19.05.22:360][  0]LogTemp:Display: Loaded TP Android_ETC2TargetPlatform
[2021.01.04-19.05.22:441][  0]LogTemp:Display: Loaded TP Android_MultiTargetPlatform
[2021.01.04-19.05.22:441][  0]LogTemp:Display: Loaded TP Android_PVRTCTargetPlatform
[2021.01.04-19.05.22:473][  0]LogTemp:Display: Loaded TP HTML5TargetPlatform
[2021.01.04-19.05.22:553][  0]LogTemp:Display: Loaded TP IOSTargetPlatform
[2021.01.04-19.05.22:577][  0]LogTemp:Display: Loaded TP TVOSTargetPlatform
[2021.01.04-19.05.22:618][  0]LogTemp:Display: Loaded TP LinuxClientTargetPlatform
[2021.01.04-19.05.22:659][  0]LogTemp:Display: Loaded TP LinuxNoEditorTargetPlatform
[2021.01.04-19.05.22:697][  0]LogTemp:Display: Loaded TP LinuxServerTargetPlatform
[2021.01.04-19.05.22:737][  0]LogTemp:Display: Loaded TP LinuxTargetPlatform
[2021.01.04-19.05.22:737][  0]LogTargetPlatformManager:Display: Building Assets For Windows
[2021.01.04-19.05.23:136][  0]LogDerivedDataCache:Display: Max Cache Size: 512 MB
[2021.01.04-19.05.23:192][  0]LogDerivedDataCache: Loaded boot cache 0.06s 90MB C:/Users/Sofía/AppData/Local/UnrealEngine/4.16/DerivedDataCache/Boot.ddc.
[2021.01.04-19.05.23:192][  0]LogDerivedDataCache:Display: Loaded Boot cache: C:/Users/Sofía/AppData/Local/UnrealEngine/4.16/DerivedDataCache/Boot.ddc
[2021.01.04-19.05.23:192][  0]LogDerivedDataCache: FDerivedDataBackendGraph:  Pak pak cache file ../../../../../../CLASE/VIDEOJUEGOS/LAB/JUEGO LIBRE UNREAL/Supervivencia/DerivedDataCache/DDC.ddp not found, will not use a pak cache.
[2021.01.04-19.05.23:192][  0]LogDerivedDataCache: Unable to find inner node Pak for hierarchical cache Hierarchy.
[2021.01.04-19.05.23:192][  0]LogDerivedDataCache: FDerivedDataBackendGraph:  CompressedPak pak cache file ../../../../../../CLASE/VIDEOJUEGOS/LAB/JUEGO LIBRE UNREAL/Supervivencia/DerivedDataCache/Compressed.ddp not found, will not use a pak cache.
[2021.01.04-19.05.23:192][  0]LogDerivedDataCache: Unable to find inner node CompressedPak for hierarchical cache Hierarchy.
[2021.01.04-19.05.23:207][  0]LogDerivedDataCache:Display: Pak cache opened for reading ../../../Engine/DerivedDataCache/Compressed.ddp.
[2021.01.04-19.05.23:219][  0]LogDerivedDataCache: Using Local data cache path C:/Users/Sofía/AppData/Local/UnrealEngine/Common/DerivedDataCache: Writable
[2021.01.04-19.05.23:226][  0]LogMaterial: Verifying Global Shaders for PCD3D_SM5
[2021.01.04-19.05.23:227][  0]LogSlate: Using Freetype 2.6.0
[2021.01.04-19.05.23:227][  0]LogSlate: SlateFontCache - WITH_FREETYPE: 1, WITH_HARFBUZZ: 1
[2021.01.04-19.05.23:227][  0]LogSlate: SlateFontCache - WITH_FREETYPE: 1, WITH_HARFBUZZ: 1
[2021.01.04-19.05.23:505][  0]LogInit: Selected Device Profile: [Windows]
[2021.01.04-19.05.23:552][  0]LogContentStreaming: Texture pool size is 0.00 MB
[2021.01.04-19.05.23:671][  0]LogMeshUtilities: Using QuadricMeshReduction for automatic static mesh reduction
[2021.01.04-19.05.23:707][  0]LogSimplygon: Simplygon DLL not present - disabling.
[2021.01.04-19.05.23:747][  0]LogMeshUtilities: Using SimplygonSwarm for distributed automatic mesh merging
[2021.01.04-19.05.23:747][  0]LogMeshUtilities: No automatic skeletal mesh reduction module available
[2021.01.04-19.05.23:747][  0]LogMeshUtilities: No automatic mesh merging module available
[2021.01.04-19.05.24:137][  0]LogNetVersion: Supervivencia , NetCL: 3452394, EngineNetVer: 2, GameNetVer: 0 (Checksum: 1556410374)
[2021.01.04-19.05.24:189][  0]LogAssetRegistry: FAssetRegistry took 0.0251 seconds to start up
[2021.01.04-19.05.24:226][  0]LogPackageLocalizationCache: Processed 4 localized package path(s) for 1 prioritized culture(s) in 0.016212 seconds
[2021.01.04-19.05.24:231][  0]LogUObjectArray: 34194 objects as part of root set at end of initial load.
[2021.01.04-19.05.24:231][  0]LogUObjectAllocator: 7260424 out of 0 bytes used by permanent object pool.
[2021.01.04-19.05.24:231][  0]LogUObjectArray: CloseDisregardForGC: 0/0 objects in disregard for GC pool
[2021.01.04-19.05.24:281][  0]LogInit: WinSock: version 1.1 (2.2), MaxSocks=32767, MaxUdp=65467
[2021.01.04-19.05.26:147][  0]LogTcpMessaging: Initializing TcpMessaging bridge
[2021.01.04-19.05.26:184][  0]LogUdpMessaging: Initializing bridge on interface 0.0.0.0:0 to multicast group 230.0.0.1:6666.
[2021.01.04-19.05.26:630][  0]LogMaterial: Uniform references updated for custom material expression Custom.
[2021.01.04-19.05.26:952][  0]SourceControl: Info Source control is disabled
[2021.01.04-19.05.26:953][  0]SourceControl: Info Source control is disabled
[2021.01.04-19.05.26:994][  0]SourceControl: Info Source control is disabled
[2021.01.04-19.05.27:033][  0]SourceControl: Info Source control is disabled
[2021.01.04-19.05.27:604][  0]LogAndroidPermission: UAndroidPermissionCallbackProxy::GetInstance
[2021.01.04-19.05.28:120][  0]LogEngine: Initializing Engine...
[2021.01.04-19.05.28:120][  0]LogHMD: Failed to initialize OpenVR with code 110
[2021.01.04-19.05.28:254][  0]LogStats: UGameplayTagsManager::ConstructGameplayTagTree: Construct from data asset -  0.000 s
[2021.01.04-19.05.28:254][  0]LogStats: UGameplayTagsManager::ConstructGameplayTagTree: GameplayTagTreeChangedEvent.Broadcast -  0.000 s
[2021.01.04-19.05.28:360][  0]LogAIModule: Creating AISystem for world Untitled
[2021.01.04-19.05.28:371][  0]LogInit: XAudio2 using 'cascos (Realtek(R) Audio)' : 2 channels at 48 kHz using 32 bits per sample (channel mask 0x3)
[2021.01.04-19.05.28:400][  0]LogInit: FAudioDevice initialized.
[2021.01.04-19.05.28:438][  0]LogDerivedDataCache: Saved boot cache 0.04s 90MB C:/Users/Sofía/AppData/Local/UnrealEngine/4.16/DerivedDataCache/Boot.ddc.
[2021.01.04-19.05.28:445][  0]LogInit: Texture streaming: Enabled
[2021.01.04-19.05.28:525][  0]LogEngineSessionManager: EngineSessionManager initialized
[2021.01.04-19.05.28:702][  0]LogInit: Transaction tracking system initialized
[2021.01.04-19.05.28:965][  0]BlueprintLog: New page: Editor Load
[2021.01.04-19.05.29:708][  0]LocalizationService: Info Localization service is disabled
[2021.01.04-19.05.30:288][  0]LogConsoleResponse:Display: 
[2021.01.04-19.05.30:379][  0]LogCook:Display: Max memory allowance for cook 16384mb min free memory 0mb
[2021.01.04-19.05.30:379][  0]LogCook:Display: Mobile HDR setting 1
[2021.01.04-19.05.30:810][  0]LogFileCache: Scanning file cache for directory 'D:/CLASE/VIDEOJUEGOS/LAB/JUEGO LIBRE UNREAL/Supervivencia/Content/' took 0.02s
[2021.01.04-19.05.31:206][  0]SourceControl: Info Source control is disabled
[2021.01.04-19.05.31:206][  0]Cmd: MAP LOAD FILE="../../../../../../CLASE/VIDEOJUEGOS/LAB/JUEGO LIBRE UNREAL/Supervivencia/Content/Levels/Menu.umap" TEMPLATE=0 SHOWPROGRESS=1 FEATURELEVEL=3
[2021.01.04-19.05.31:217][  0]LightingResults: New page: Lighting Build
[2021.01.04-19.05.31:249][  0]MapCheck: New page: Map Check
[2021.01.04-19.05.31:249][  0]LightingResults: New page: Lighting Build
[2021.01.04-19.05.31:280][  0]LogAIModule: Creating AISystem for world Menu
[2021.01.04-19.05.31:281][  0]LogEditorServer: Finished looking for orphan Actors (0.000 secs)
[2021.01.04-19.05.31:287][  0]Cmd: MAP CHECKDEP NOCLEARLOG
[2021.01.04-19.05.31:325][  0]MapCheck: Info Map check complete: 0 Error(s), 0 Warning(s), took 38.544ms to complete.
[2021.01.04-19.05.31:326][  0]LogFileHelpers: Loading map 'Menu' took 0.118
[2021.01.04-19.05.31:448][  0]LogCollectionManager: Loaded 0 collections in 0.000875 seconds
[2021.01.04-19.05.31:516][  0]LogFileCache: Scanning file cache for directory 'D:/CLASE/VIDEOJUEGOS/LAB/JUEGO LIBRE UNREAL/Supervivencia/Saved/Collections/' took 0.01s
[2021.01.04-19.05.31:516][  0]LogFileCache: Scanning file cache for directory 'D:/CLASE/VIDEOJUEGOS/LAB/JUEGO LIBRE UNREAL/Supervivencia/Content/Developers/Sofía/Collections/' took 0.01s
[2021.01.04-19.05.31:516][  0]LogFileCache: Scanning file cache for directory 'D:/CLASE/VIDEOJUEGOS/LAB/JUEGO LIBRE UNREAL/Supervivencia/Content/Collections/' took 0.01s
[2021.01.04-19.05.31:516][  0]LogCollectionManager: Rebuilt the GUID cache for 0 collections in 0.000001 seconds
[2021.01.04-19.05.31:524][  0]LogContentBrowser: Native class hierarchy populated in 0.0080 seconds. Added 2329 classes and 491 folders.
[2021.01.04-19.05.31:574][  0]LogContentBrowser: Native class hierarchy updated for 'WidgetCarousel' in 0.0006 seconds. Added 0 classes and 0 folders.
[2021.01.04-19.05.31:615][  0]LogContentBrowser: Native class hierarchy updated for 'AddContentDialog' in 0.0006 seconds. Added 0 classes and 0 folders.
[2021.01.04-19.05.31:649][  0]LogContentBrowser: Native class hierarchy updated for 'SceneOutliner' in 0.0006 seconds. Added 1 classes and 2 folders.
[2021.01.04-19.05.31:678][  0]LogCrashTracker: Crashtracker disabled due to settings.
[2021.01.04-19.05.31:684][  0]LogUObjectGlobals:Warning: Failed to find object 'Class None.'
[2021.01.04-19.05.31:741][  0]LogContentBrowser: Native class hierarchy updated for 'HierarchicalLODOutliner' in 0.0006 seconds. Added 1 classes and 2 folders.
[2021.01.04-19.05.31:741][  0]LogLoad: (Engine Initialization) Total time: 13.34 seconds
[2021.01.04-19.05.31:741][  0]LogLoad: (Engine Initialization) Total Blueprint compile time: 0.04 seconds
[2021.01.04-19.05.31:741][  0]LogExternalProfiler: No external profilers were discovered.  External profiling features will not be available.
[2021.01.04-19.05.32:080][  0]LogOcInput: OculusInput pre-init called
[2021.01.04-19.05.32:080][  0]LogHMD: Starting GearVRController plugin
[2021.01.04-19.05.32:110][  0]LogContentStreaming: Texture pool size now 1000 MB
[2021.01.04-19.05.32:111][  0]LogSlate: Took 0.000203 seconds to synchronously load lazily loaded font '../../../Engine/Content/Slate/Fonts/Roboto-Regular.ttf' (155K)
[2021.01.04-19.05.32:112][  0]LogSlate: Took 0.000127 seconds to synchronously load lazily loaded font '../../../Engine/Content/Slate/Fonts/Roboto-Bold.ttf' (160K)
[2021.01.04-19.05.32:115][  0]LogSlate: Took 0.000145 seconds to synchronously load lazily loaded font '../../../Engine/Content/Editor/Slate/Fonts/FontAwesome.ttf' (139K)
[2021.01.04-19.05.32:185][  0]LogSlate: Took 0.000228 seconds to synchronously load lazily loaded font '../../../Engine/Content/Slate/Fonts/Roboto-Light.ttf' (159K)
[2021.01.04-19.05.32:413][  1]LogRenderer: Reallocating scene render targets to support 724x280 NumSamples 1 (Frame:1).
[2021.01.04-19.05.32:413][  1]LogFileCache: Retrieving MD5 hashes for directory 'D:/CLASE/VIDEOJUEGOS/LAB/JUEGO LIBRE UNREAL/Supervivencia/Content/' took 0.32s
[2021.01.04-19.05.32:424][  1]LogAssetRegistry: Asset discovery search completed in 8.2574 seconds
[2021.01.04-19.05.32:425][  1]LogCollectionManager: Rebuilt the object cache for 0 collections in 0.000001 seconds (found 0 objects)
[2021.01.04-19.05.32:425][  1]LogCollectionManager: Fixed up redirectors for 0 collections in 0.000016 seconds (updated 0 objects)
[2021.01.04-19.05.51:743][932]LogSlate: Took 0.000176 seconds to synchronously load lazily loaded font '../../../Engine/Content/Slate/Fonts/Roboto-Light.ttf' (159K)
[2021.01.04-19.05.52:690][932]LogAIModule: Creating AISystem for world Level2
[2021.01.04-19.05.52:734][932]Cmd: MAP LOAD FILE="../../../../../../CLASE/VIDEOJUEGOS/LAB/JUEGO LIBRE UNREAL/Supervivencia/Content/Levels/Level2.umap" TEMPLATE=0 SHOWPROGRESS=1 FEATURELEVEL=3
[2021.01.04-19.05.52:734][932]LightingResults: New page: Lighting Build
[2021.01.04-19.05.52:735][932]LoadErrors: New page: Loading map: Level2.umap
[2021.01.04-19.05.52:745][932]MapCheck: New page: Map Check
[2021.01.04-19.05.52:745][932]LightingResults: New page: Lighting Build
[2021.01.04-19.05.52:798][932]LogEditorServer: Finished looking for orphan Actors (0.000 secs)
[2021.01.04-19.05.52:833][932]Cmd: MAP CHECKDEP NOCLEARLOG
[2021.01.04-19.05.52:895][932]MapCheck: Info Map check complete: 0 Error(s), 0 Warning(s), took 62.034ms to complete.
[2021.01.04-19.05.52:895][932]LogFileHelpers: Loading map 'Level2' took 0.161
[2021.01.04-19.05.56:250][311]LogTemp: Repeting last play command: Selected Viewport
[2021.01.04-19.05.56:389][311]LogPlayLevel: PlayLevel: No blueprints needed recompiling
[2021.01.04-19.05.56:390][311]PIE: New page: PIE session: Level2 (Jan 4, 2021, 9:05:56 PM)
[2021.01.04-19.05.56:390][311]LogPlayLevel: Creating play world package: /Game/Levels/UEDPIE_0_Level2
[2021.01.04-19.05.56:403][311]LogPlayLevel: PIE: StaticDuplicateObject took: (0.013150s)
[2021.01.04-19.05.56:403][311]LogAIModule: Creating AISystem for world Level2
[2021.01.04-19.05.56:404][311]LogPlayLevel: PIE: World Init took: (0.000549s)
[2021.01.04-19.05.56:404][311]LogPlayLevel: PIE: Created PIE world by copying editor world from /Game/Levels/Level2.Level2 to /Game/Levels/UEDPIE_0_Level2.Level2 (0.013858s)
[2021.01.04-19.05.56:414][311]LogInit: XAudio2 using 'cascos (Realtek(R) Audio)' : 2 channels at 48 kHz using 32 bits per sample (channel mask 0x3)
[2021.01.04-19.05.56:425][311]LogInit: FAudioDevice initialized.
[2021.01.04-19.05.56:463][311]LogLoad: Game class is 'ModoSupervivencia_C'
[2021.01.04-19.05.56:469][311]LogWorld: Bringing World /Game/Levels/UEDPIE_0_Level2.Level2 up for play (max tick rate 0) at 2021.01.04-20.05.56
[2021.01.04-19.05.56:469][311]LogWorld: Bringing up level for play took: 0.005159
[2021.01.04-19.05.56:500][311]LogContentBrowser: Native class hierarchy updated for 'MovieSceneCapture' in 0.0006 seconds. Added 11 classes and 0 folders.
[2021.01.04-19.05.56:503][311]PIE: Info Play in editor start time for /Game/Levels/UEDPIE_0_Level2 0.723
[2021.01.04-19.05.57:633][445]LogBlueprintUserMessages: [Shape_Cube_DM_Blueprint4] colision true
[2021.01.04-19.05.57:633][445]LogBlueprintUserMessages: [Shape_Cube_DM_Blueprint_2] colision true
[2021.01.04-19.05.57:666][449]LogBlueprintUserMessages: [Shape_Cube_DM_Blueprint7] colision true
[2021.01.04-19.05.57:683][451]LogBlueprintUserMessages: [Shape_Cube_DM_Blueprint6] colision true
[2021.01.04-19.06.00:575][798]LogBlueprintUserMessages: [Shape_Cube_DM_Blueprint5] colision true
[2021.01.04-19.06.00:608][802]LogBlueprintUserMessages: [Shape_Cube_DM_Blueprint2] colision true
[2021.01.04-19.06.00:767][821]LogBlueprintUserMessages: [Shape_Cube_DM_Blueprint3] colision true
[2021.01.04-19.11.20:579][926]LogTemp: Repeting last play command: Selected Viewport
[2021.01.04-19.11.20:592][926]LogPlayLevel: PlayLevel: No blueprints needed recompiling
[2021.01.04-19.11.20:592][926]PIE: New page: PIE session: Level2 (Jan 4, 2021, 9:11:20 PM)
[2021.01.04-19.11.20:592][926]LogPlayLevel: Creating play world package: /Game/Levels/UEDPIE_0_Level2
[2021.01.04-19.11.20:605][926]LogPlayLevel: PIE: StaticDuplicateObject took: (0.012613s)
[2021.01.04-19.11.20:605][926]LogAIModule: Creating AISystem for world Level2
[2021.01.04-19.11.20:605][926]LogPlayLevel: PIE: World Init took: (0.000586s)
[2021.01.04-19.11.20:606][926]LogPlayLevel: PIE: Created PIE world by copying editor world from /Game/Levels/Level2.Level2 to /Game/Levels/UEDPIE_0_Level2.Level2 (0.013357s)
[2021.01.04-19.11.20:617][926]LogInit: XAudio2 using 'cascos (Realtek(R) Audio)' : 2 channels at 48 kHz using 32 bits per sample (channel mask 0x3)
[2021.01.04-19.11.20:629][926]LogInit: FAudioDevice initialized.
[2021.01.04-19.11.20:659][926]LogLoad: Game class is 'ModoSupervivencia_C'
[2021.01.04-19.11.20:664][926]LogWorld: Bringing World /Game/Levels/UEDPIE_0_Level2.Level2 up for play (max tick rate 0) at 2021.01.04-20.11.20
[2021.01.04-19.11.20:664][926]LogWorld: Bringing up level for play took: 0.004303
[2021.01.04-19.11.20:666][926]PIE: Info Play in editor start time for /Game/Levels/UEDPIE_0_Level2 0.887
[2021.01.04-19.11.22:387][131]LogBlueprintUserMessages: [Shape_Cube_DM_Blueprint4] colision true
[2021.01.04-19.11.22:396][132]LogBlueprintUserMessages: [Shape_Cube_DM_Blueprint_2] colision true
[2021.01.04-19.11.22:420][135]LogBlueprintUserMessages: [Shape_Cube_DM_Blueprint7] colision true
[2021.01.04-19.11.22:437][137]LogBlueprintUserMessages: [Shape_Cube_DM_Blueprint6] colision true
[2021.01.04-19.11.27:120][699]LogCharacterMovement: Enemigo_2 is stuck and failed to move! Velocity: X=-6.64 Y=22.86 Z=0.00 Location: X=-7404.00 Y=6311.99 Z=327.96 Normal: X=-0.96 Y=-0.30 Z=-0.00 PenetrationDepth:7.018 Actor:Shape_Cube_DM_Blueprint6 Component:DestructibleComponent0 BoneName:Part15 (0 other events since notify)
[2021.01.04-19.12.06:102][367]LogRenderer: Reallocating scene render targets to support 1076x436 NumSamples 1 (Frame:1597).
[2021.01.04-19.12.13:732][238]LogContentBrowser: Native class hierarchy updated for 'BlueprintGraph' in 0.0009 seconds. Added 112 classes and 0 folders.
[2021.01.04-19.12.14:181][238]LogSlate: Took 0.000221 seconds to synchronously load lazily loaded font '../../../Engine/Content/Slate/Fonts/Roboto-Regular.ttf' (155K)
[2021.01.04-19.12.14:304][238]LogSlate: Took 0.011542 seconds to synchronously load lazily loaded font '../../../Engine/Content/Editor/Slate/Fonts/Roboto-BoldCondensed.ttf' (158K)
[2021.01.04-19.12.14:485][239]LogSlate: Took 0.001801 seconds to synchronously load lazily loaded font '../../../Engine/Content/Editor/Slate/Fonts/Roboto-Italic.ttf' (157K)
[2021.01.04-19.13.27:320][291]LogTemp: Repeting last play command: Selected Viewport
[2021.01.04-19.13.27:342][291]LogPlayLevel: PlayLevel: No blueprints needed recompiling
[2021.01.04-19.13.27:343][291]PIE: New page: PIE session: Level2 (Jan 4, 2021, 9:13:27 PM)
[2021.01.04-19.13.27:343][291]LogPlayLevel: Creating play world package: /Game/Levels/UEDPIE_0_Level2
[2021.01.04-19.13.27:355][291]LogPlayLevel: PIE: StaticDuplicateObject took: (0.012427s)
[2021.01.04-19.13.27:356][291]LogAIModule: Creating AISystem for world Level2
[2021.01.04-19.13.27:356][291]LogPlayLevel: PIE: World Init took: (0.000635s)
[2021.01.04-19.13.27:356][291]LogPlayLevel: PIE: Created PIE world by copying editor world from /Game/Levels/Level2.Level2 to /Game/Levels/UEDPIE_0_Level2.Level2 (0.013278s)
[2021.01.04-19.13.27:374][291]LogInit: XAudio2 using 'cascos (Realtek(R) Audio)' : 2 channels at 48 kHz using 32 bits per sample (channel mask 0x3)
[2021.01.04-19.13.27:385][291]LogInit: FAudioDevice initialized.
[2021.01.04-19.13.27:416][291]LogLoad: Game class is 'ModoSupervivencia_C'
[2021.01.04-19.13.27:421][291]LogWorld: Bringing World /Game/Levels/UEDPIE_0_Level2.Level2 up for play (max tick rate 0) at 2021.01.04-20.13.27
[2021.01.04-19.13.27:422][291]LogWorld: Bringing up level for play took: 0.004204
[2021.01.04-19.13.27:424][291]PIE: Info Play in editor start time for /Game/Levels/UEDPIE_0_Level2 -0.357
[2021.01.04-19.13.31:731][806]LogBlueprintUserMessages: [Shape_Cube_DM_Blueprint2] colision true
[2021.01.04-19.13.31:740][807]LogBlueprintUserMessages: [Shape_Cube_DM_Blueprint4] colision true
[2021.01.04-19.13.31:740][807]LogBlueprintUserMessages: [Shape_Cube_DM_Blueprint_2] colision true
[2021.01.04-19.13.31:748][808]LogBlueprintUserMessages: [Shape_Cube_DM_Blueprint7] colision true
[2021.01.04-19.13.32:607][911]LogBlueprintUserMessages: [Shape_Cube_DM_Blueprint6] colision true
[2021.01.04-19.13.32:732][926]LogBlueprintUserMessages: [Shape_Cube_DM_Blueprint5] colision true
[2021.01.04-19.14.14:053][831]LogRenderer: Reallocating scene render targets to support 1096x712 NumSamples 1 (Frame:1).
[2021.01.04-19.14.20:121][543]BlueprintLog: New page: Compile Jugador
[2021.01.04-19.14.20:806][578]Cmd: OBJ SAVEPACKAGE PACKAGE="/Game/Characters/Jugador" FILE="../../../../../../CLASE/VIDEOJUEGOS/LAB/JUEGO LIBRE UNREAL/Supervivencia/Content/Characters/Jugador.uasset" SILENT=true
[2021.01.04-19.14.20:923][578]LogSavePackage: Save=108.59ms
[2021.01.04-19.14.20:923][578]LogSavePackage: Moving '../../../../../../CLASE/VIDEOJUEGOS/LAB/JUEGO LIBRE UNREAL/Supervivencia/Saved/Jugador8333344643BB064E94CF2BB07DFCE21E.tmp' to '../../../../../../CLASE/VIDEOJUEGOS/LAB/JUEGO LIBRE UNREAL/Supervivencia/Content/Characters/Jugador.uasset'
[2021.01.04-19.14.20:926][578]LogSavePackage:Display: Finished SavePackage ../../../../../../CLASE/VIDEOJUEGOS/LAB/JUEGO LIBRE UNREAL/Supervivencia/Content/Characters/Jugador.uasset
[2021.01.04-19.14.22:246][728]LogTemp: Repeting last play command: Selected Viewport
[2021.01.04-19.14.22:262][728]LogPlayLevel: PlayLevel: No blueprints needed recompiling
[2021.01.04-19.14.22:263][728]PIE: New page: PIE session: Level2 (Jan 4, 2021, 9:14:22 PM)
[2021.01.04-19.14.22:263][728]LogPlayLevel: Creating play world package: /Game/Levels/UEDPIE_0_Level2
[2021.01.04-19.14.22:275][728]LogPlayLevel: PIE: StaticDuplicateObject took: (0.012516s)
[2021.01.04-19.14.22:276][728]LogAIModule: Creating AISystem for world Level2
[2021.01.04-19.14.22:276][728]LogPlayLevel: PIE: World Init took: (0.000536s)
[2021.01.04-19.14.22:276][728]LogPlayLevel: PIE: Created PIE world by copying editor world from /Game/Levels/Level2.Level2 to /Game/Levels/UEDPIE_0_Level2.Level2 (0.013213s)
[2021.01.04-19.14.22:291][728]LogInit: XAudio2 using 'cascos (Realtek(R) Audio)' : 2 channels at 48 kHz using 32 bits per sample (channel mask 0x3)
[2021.01.04-19.14.22:302][728]LogInit: FAudioDevice initialized.
[2021.01.04-19.14.22:330][728]LogLoad: Game class is 'ModoSupervivencia_C'
[2021.01.04-19.14.22:335][728]LogWorld: Bringing World /Game/Levels/UEDPIE_0_Level2.Level2 up for play (max tick rate 0) at 2021.01.04-20.14.22
[2021.01.04-19.14.22:336][728]LogWorld: Bringing up level for play took: 0.004249
[2021.01.04-19.14.22:338][728]PIE: Info Play in editor start time for /Game/Levels/UEDPIE_0_Level2 0.557
[2021.01.04-19.14.24:119][940]LogBlueprintUserMessages: [Shape_Cube_DM_Blueprint7] colision true
[2021.01.04-19.14.24:119][940]LogBlueprintUserMessages: [Shape_Cube_DM_Blueprint6] colision true
[2021.01.04-19.14.36:291][361]LogSlate: Took 0.000186 seconds to synchronously load lazily loaded font '../../../Engine/Content/Slate/Fonts/Roboto-Light.ttf' (159K)
[2021.01.04-19.14.46:701][282]BlueprintLog: New page: Compile SupervivenciaHUD
[2021.01.04-19.14.46:820][282]BlueprintEditorCompileResults: Info Fast Template Successfully Created.
[2021.01.04-19.14.47:445][339]Cmd: OBJ SAVEPACKAGE PACKAGE="/Game/HUDS/SupervivenciaHUD" FILE="../../../../../../CLASE/VIDEOJUEGOS/LAB/JUEGO LIBRE UNREAL/Supervivencia/Content/HUDS/SupervivenciaHUD.uasset" SILENT=true
[2021.01.04-19.14.47:491][339]LogSavePackage: Save=38.64ms
[2021.01.04-19.14.47:491][339]LogSavePackage: Moving '../../../../../../CLASE/VIDEOJUEGOS/LAB/JUEGO LIBRE UNREAL/Supervivencia/Saved/SupervivenciaHUDBB30070942D50A99B5EC0CA466ED09AC.tmp' to '../../../../../../CLASE/VIDEOJUEGOS/LAB/JUEGO LIBRE UNREAL/Supervivencia/Content/HUDS/SupervivenciaHUD.uasset'
[2021.01.04-19.14.47:493][339]LogSavePackage:Display: Finished SavePackage ../../../../../../CLASE/VIDEOJUEGOS/LAB/JUEGO LIBRE UNREAL/Supervivencia/Content/HUDS/SupervivenciaHUD.uasset
[2021.01.04-19.14.49:173][518]LogTemp: Repeting last play command: Selected Viewport
[2021.01.04-19.14.49:190][518]LogPlayLevel: PlayLevel: No blueprints needed recompiling
[2021.01.04-19.14.49:190][518]PIE: New page: PIE session: Level2 (Jan 4, 2021, 9:14:49 PM)
[2021.01.04-19.14.49:190][518]LogPlayLevel: Creating play world package: /Game/Levels/UEDPIE_0_Level2
[2021.01.04-19.14.49:202][518]LogPlayLevel: PIE: StaticDuplicateObject took: (0.012233s)
[2021.01.04-19.14.49:203][518]LogAIModule: Creating AISystem for world Level2
[2021.01.04-19.14.49:203][518]LogPlayLevel: PIE: World Init took: (0.000670s)
[2021.01.04-19.14.49:203][518]LogPlayLevel: PIE: Created PIE world by copying editor world from /Game/Levels/Level2.Level2 to /Game/Levels/UEDPIE_0_Level2.Level2 (0.013104s)
[2021.01.04-19.14.49:219][518]LogInit: XAudio2 using 'cascos (Realtek(R) Audio)' : 2 channels at 48 kHz using 32 bits per sample (channel mask 0x3)
[2021.01.04-19.14.49:230][518]LogInit: FAudioDevice initialized.
[2021.01.04-19.14.49:256][518]LogLoad: Game class is 'ModoSupervivencia_C'
[2021.01.04-19.14.49:261][518]LogWorld: Bringing World /Game/Levels/UEDPIE_0_Level2.Level2 up for play (max tick rate 0) at 2021.01.04-20.14.49
[2021.01.04-19.14.49:262][518]LogWorld: Bringing up level for play took: 0.004276
[2021.01.04-19.14.49:264][518]PIE: Info Play in editor start time for /Game/Levels/UEDPIE_0_Level2 -0.516
[2021.01.04-19.14.55:271][237]LogBlueprintUserMessages: [Shape_Cube_DM_Blueprint_2] colision true
[2021.01.04-19.14.55:288][239]LogBlueprintUserMessages: [Shape_Cube_DM_Blueprint7] colision true
[2021.01.04-19.14.55:313][242]LogBlueprintUserMessages: [Shape_Cube_DM_Blueprint6] colision true
[2021.01.04-19.15.04:291][ 89]BlueprintLog: New page: Compile SupervivenciaHUD
[2021.01.04-19.15.04:395][ 89]BlueprintEditorCompileResults: Info Fast Template Successfully Created.
[2021.01.04-19.15.05:454][189]Cmd: OBJ SAVEPACKAGE PACKAGE="/Game/HUDS/SupervivenciaHUD" FILE="../../../../../../CLASE/VIDEOJUEGOS/LAB/JUEGO LIBRE UNREAL/Supervivencia/Content/HUDS/SupervivenciaHUD.uasset" SILENT=true
[2021.01.04-19.15.05:496][189]LogSavePackage: Save=39.09ms
[2021.01.04-19.15.05:496][189]LogSavePackage: Moving '../../../../../../CLASE/VIDEOJUEGOS/LAB/JUEGO LIBRE UNREAL/Supervivencia/Saved/SupervivenciaHUDA1F9565849CB09A0BAF0BEB4EAE01E86.tmp' to '../../../../../../CLASE/VIDEOJUEGOS/LAB/JUEGO LIBRE UNREAL/Supervivencia/Content/HUDS/SupervivenciaHUD.uasset'
[2021.01.04-19.15.05:498][189]LogSavePackage:Display: Finished SavePackage ../../../../../../CLASE/VIDEOJUEGOS/LAB/JUEGO LIBRE UNREAL/Supervivencia/Content/HUDS/SupervivenciaHUD.uasset
[2021.01.04-19.15.06:452][290]LogTemp: Repeting last play command: Selected Viewport
[2021.01.04-19.15.06:465][290]LogPlayLevel: PlayLevel: No blueprints needed recompiling
[2021.01.04-19.15.06:465][290]PIE: New page: PIE session: Level2 (Jan 4, 2021, 9:15:06 PM)
[2021.01.04-19.15.06:465][290]LogPlayLevel: Creating play world package: /Game/Levels/UEDPIE_0_Level2
[2021.01.04-19.15.06:478][290]LogPlayLevel: PIE: StaticDuplicateObject took: (0.012165s)
[2021.01.04-19.15.06:478][290]LogAIModule: Creating AISystem for world Level2
[2021.01.04-19.15.06:478][290]LogPlayLevel: PIE: World Init took: (0.000620s)
[2021.01.04-19.15.06:478][290]LogPlayLevel: PIE: Created PIE world by copying editor world from /Game/Levels/Level2.Level2 to /Game/Levels/UEDPIE_0_Level2.Level2 (0.013001s)
[2021.01.04-19.15.06:495][290]LogInit: XAudio2 using 'cascos (Realtek(R) Audio)' : 2 channels at 48 kHz using 32 bits per sample (channel mask 0x3)
[2021.01.04-19.15.06:506][290]LogInit: FAudioDevice initialized.
[2021.01.04-19.15.06:539][290]LogLoad: Game class is 'ModoSupervivencia_C'
[2021.01.04-19.15.06:544][290]LogWorld: Bringing World /Game/Levels/UEDPIE_0_Level2.Level2 up for play (max tick rate 0) at 2021.01.04-20.15.06
[2021.01.04-19.15.06:545][290]LogWorld: Bringing up level for play took: 0.004206
[2021.01.04-19.15.06:547][290]PIE: Info Play in editor start time for /Game/Levels/UEDPIE_0_Level2 0.766
[2021.01.04-19.15.24:703][467]LogBlueprintUserMessages: [Shape_Cube_DM_Blueprint6] colision true
[2021.01.04-19.15.49:871][487]LogBlueprintUserMessages: [Shape_Cube_DM_Blueprint4] colision true
[2021.01.04-19.15.49:879][488]LogBlueprintUserMessages: [Shape_Cube_DM_Blueprint2] colision true
[2021.01.04-19.15.49:913][492]LogBlueprintUserMessages: [Shape_Cube_DM_Blueprint5] colision true
[2021.01.04-19.15.49:938][495]LogBlueprintUserMessages: [Shape_Cube_DM_Blueprint3] colision true
[2021.01.04-19.15.56:503][275]LogTemp: Repeting last play command: Selected Viewport
[2021.01.04-19.15.56:517][275]LogPlayLevel: PlayLevel: No blueprints needed recompiling
[2021.01.04-19.15.56:518][275]PIE: New page: PIE session: Level2 (Jan 4, 2021, 9:15:56 PM)
[2021.01.04-19.15.56:518][275]LogPlayLevel: Creating play world package: /Game/Levels/UEDPIE_0_Level2
[2021.01.04-19.15.56:530][275]LogPlayLevel: PIE: StaticDuplicateObject took: (0.012195s)
[2021.01.04-19.15.56:531][275]LogAIModule: Creating AISystem for world Level2
[2021.01.04-19.15.56:531][275]LogPlayLevel: PIE: World Init took: (0.000650s)
[2021.01.04-19.15.56:531][275]LogPlayLevel: PIE: Created PIE world by copying editor world from /Game/Levels/Level2.Level2 to /Game/Levels/UEDPIE_0_Level2.Level2 (0.013060s)
[2021.01.04-19.15.56:545][275]LogInit: XAudio2 using 'cascos (Realtek(R) Audio)' : 2 channels at 48 kHz using 32 bits per sample (channel mask 0x3)
[2021.01.04-19.15.56:556][275]LogInit: FAudioDevice initialized.
[2021.01.04-19.15.56:588][275]LogLoad: Game class is 'ModoSupervivencia_C'
[2021.01.04-19.15.56:593][275]LogWorld: Bringing World /Game/Levels/UEDPIE_0_Level2.Level2 up for play (max tick rate 0) at 2021.01.04-20.15.56
[2021.01.04-19.15.56:594][275]LogWorld: Bringing up level for play took: 0.004200
[2021.01.04-19.15.56:596][275]PIE: Info Play in editor start time for /Game/Levels/UEDPIE_0_Level2 0.815
[2021.01.04-19.15.58:894][549]LogBlueprintUserMessages: [Shape_Cube_DM_Blueprint5] colision true
[2021.01.04-19.15.58:895][549]LogBlueprintUserMessages: [Shape_Cube_DM_Blueprint3] colision true
[2021.01.04-19.15.58:895][549]LogBlueprintUserMessages: [Shape_Cube_DM_Blueprint4] colision true
[2021.01.04-19.15.58:895][549]LogBlueprintUserMessages: [Shape_Cube_DM_Blueprint2] colision true
[2021.01.04-19.15.58:895][549]LogBlueprintUserMessages: [Shape_Cube_DM_Blueprint_2] colision true
[2021.01.04-19.16.25:511][743]LogBlueprintUserMessages: [Shape_Cube_DM_Blueprint6] colision true
[2021.01.04-19.16.25:744][771]LogBlueprintUserMessages: [Shape_Cube_DM_Blueprint7] colision true
[2021.01.04-19.24.23:648][110]LogAudio:Warning: Current Audio Device with ID {0.0.0.00000000}.{3cbbca7a-665d-4811-85cc-fb7e4777090c} was removed. Shutting down audio device.
[2021.01.04-19.25.35:623][565]Cmd: QUIT_EDITOR
