Log file open, 01/11/21 00:39:26
LogInit:Display: Running engine for game: Supervivencia
LogPlatformFile: Not using cached read wrapper
LogInit:Display: RandInit(-1826219435) SRandInit(-1826219435).
LogTaskGraph: Started task graph with 5 named threads and 10 total threads with 1 sets of task threads.
LogStats: Stats thread started at 0.133322
LogInit: Using libcurl 7.47.1
LogInit:  - built for x86_64-pc-win32
LogInit:  - supports SSL with OpenSSL/1.0.2g
LogInit:  - supports HTTP deflate (compression) using libz 1.2.8
LogInit:  - other features:
LogInit:      CURL_VERSION_SSL
LogInit:      CURL_VERSION_LIBZ
LogInit:      CURL_VERSION_IPV6
LogInit:      CURL_VERSION_ASYNCHDNS
LogInit:      CURL_VERSION_LARGEFILE
LogInit:      CURL_VERSION_IDN
LogInit:  CurlRequestOptions (configurable via config and command line):
LogInit:  - bVerifyPeer = false  - Libcurl will NOT verify peer certificate
LogInit:  - bUseHttpProxy = false  - Libcurl will NOT use HTTP proxy
LogInit:  - bDontReuseConnections = false  - Libcurl will reuse connections
LogInit:  - CertBundlePath = nullptr  - Libcurl will use whatever was configured at build time.
LogInit: Build: ++UE4+Release-4.16-CL-3561208
LogInit: Engine Version: 4.16.3-3561208+++UE4+Release-4.16
LogInit: Compatible Engine Version: 4.16.0-3452394+++UE4+Release-4.16
LogInit: Net CL: 3452394
LogDevObjectVersion: Number of dev versions registered: 16
LogDevObjectVersion:   Dev-Blueprints (B0D832E4-1F89-4F0D-ACCF-7EB736FD4AA2): 9
LogDevObjectVersion:   Dev-Build (E1C64328-A22C-4D53-A36C-8E866417BD8C): 0
LogDevObjectVersion:   Dev-Core (375EC13C-06E4-48FB-B500-84F0262A717E): 2
LogDevObjectVersion:   Dev-Editor (E4B068ED-F494-42E9-A231-DA0B2E46BB41): 17
LogDevObjectVersion:   Dev-Framework (CFFC743F-43B0-4480-9391-14DF171D2073): 23
LogDevObjectVersion:   Dev-Mobile (B02B49B5-BB20-44E9-A304-32B752E40360): 0
LogDevObjectVersion:   Dev-Networking (A4E4105C-59A1-49B5-A7C5-40C4547EDFEE): 0
LogDevObjectVersion:   Dev-Online (39C831C9-5AE6-47DC-9A44-9C173E1C8E7C): 0
LogDevObjectVersion:   Dev-Physics (78F01B33-EBEA-4F98-B9B4-84EACCB95AA2): 0
LogDevObjectVersion:   Dev-Platform (6631380F-2D4D-43E0-8009-CF276956A95A): 0
LogDevObjectVersion:   Dev-Rendering (12F88B9F-8875-4AFC-A67C-D90C383ABD29): 15
LogDevObjectVersion:   Dev-Sequencer (7B5AE74C-D270-4C10-A958-57980B212A5A): 4
LogDevObjectVersion:   Dev-VR (D7296918-1DD6-4BDD-9DE2-64A83CC13884): 0
LogDevObjectVersion:   Dev-LoadTimes (C2A15278-BFE7-4AFE-6C17-90FF531DF755): 1
LogDevObjectVersion:   Private-Geometry (6EACA3D4-40EC-4CC1-B786-8BED09428FC5): 1
LogDevObjectVersion:   Dev-AnimPhys (29E575DD-E0A3-4627-9D10-D276232CDCEA): 3
LogInit: Compiled (64-bit): Jul 28 2017 11:49:47
LogInit: Compiled with Visual C++: 19.00.24215.01
LogInit: Build Configuration: Development
LogInit: Branch Name: ++UE4+Release-4.16
LogInit: Command line: 
LogInit: Base directory: D:/PROGRAMAS/UNREAL/UE_4.16/Engine/Binaries/Win64/
LogInit: Installed Engine Build: 1
LogInit: Presizing for max 8388607 objects, including 0 objects not considered by GC, pre-allocating 0 bytes for permanent pool.
LogInit: Object subsystem initialized
[2021.01.10-23.39.26:460][  0]LogInit: Selected Device Profile: [Windows]
[2021.01.10-23.39.26:460][  0]LogInit: Applying CVar settings loaded from the selected device profile: [Windows]
[2021.01.10-23.39.26:471][  0]LogInit: Computer: DESKTOP-IQLRGCS
[2021.01.10-23.39.26:471][  0]LogInit: User: Sofía
[2021.01.10-23.39.26:471][  0]LogInit: CPU Page size=4096, Cores=6
[2021.01.10-23.39.26:471][  0]LogInit: High frequency timer resolution =10.000000 MHz
[2021.01.10-23.39.26:471][  0]LogMemory: Memory total: Physical=16.0GB (16GB approx)
[2021.01.10-23.39.26:471][  0]LogMemory: Platform Memory Stats for Windows
[2021.01.10-23.39.26:471][  0]LogMemory: Process Physical Memory: 274.36 MB used, 274.37 MB peak
[2021.01.10-23.39.26:471][  0]LogMemory: Process Virtual Memory: 267.26 MB used, 267.26 MB peak
[2021.01.10-23.39.26:471][  0]LogMemory: Physical Memory: 4705.54 MB used,  11628.08 MB free, 16333.62 MB total
[2021.01.10-23.39.26:471][  0]LogMemory: Virtual Memory: 4767.56 MB used,  11628.08 MB free, 134217728.00 MB total
[2021.01.10-23.39.26:529][  0]LogInit: Overriding language with editor language configuration option (en).
[2021.01.10-23.39.26:529][  0]LogInit: Overriding locale with editor locale configuration option (en).
[2021.01.10-23.39.27:330][  0]LogD3D11RHI: D3D11 adapters:
[2021.01.10-23.39.27:419][  0]LogD3D11RHI:    0. 'NVIDIA GeForce GTX 1650 SUPER' (Feature Level 11_0)
[2021.01.10-23.39.27:419][  0]LogD3D11RHI:       3955/0/8166 MB DedicatedVideo/DedicatedSystem/SharedSystem, Outputs:1, VendorId:0x10de
[2021.01.10-23.39.27:420][  0]LogD3D11RHI:    1. 'Microsoft Basic Render Driver' (Feature Level 11_0)
[2021.01.10-23.39.27:420][  0]LogD3D11RHI:       0/0/8166 MB DedicatedVideo/DedicatedSystem/SharedSystem, Outputs:0, VendorId:0x1414
[2021.01.10-23.39.27:420][  0]LogD3D11RHI: Chosen D3D11 Adapter: 0
[2021.01.10-23.39.27:425][  0]LogD3D11RHI: Creating new Direct3DDevice
[2021.01.10-23.39.27:425][  0]LogD3D11RHI:     GPU DeviceId: 0x2187 (for the marketing name, search the web for "GPU Device Id")
[2021.01.10-23.39.27:425][  0]LogWindows: EnumDisplayDevices:
[2021.01.10-23.39.27:425][  0]LogWindows:    0. 'NVIDIA GeForce GTX 1650 SUPER' (P:1 D:1)
[2021.01.10-23.39.27:425][  0]LogWindows:    1. 'NVIDIA GeForce GTX 1650 SUPER' (P:0 D:0)
[2021.01.10-23.39.27:425][  0]LogWindows:    2. 'NVIDIA GeForce GTX 1650 SUPER' (P:0 D:0)
[2021.01.10-23.39.27:426][  0]LogWindows:    3. 'NVIDIA GeForce GTX 1650 SUPER' (P:0 D:0)
[2021.01.10-23.39.27:426][  0]LogWindows: DebugString: GetVideoDriverDetailsInvalid PrimaryIsNotTheChoosenAdapter GetVideoDriverDetailsInvalid PrimaryIsNotTheChoosenAdapter GetVideoDriverDetailsInvalid PrimaryIsNotTheChoosenAdapter GetVideoDriverDetailsInvalid PrimaryIsNotTheChoosenAdapter FoundDriverCount:0 
[2021.01.10-23.39.27:426][  0]LogD3D11RHI:     Adapter Name: NVIDIA GeForce GTX 1650 SUPER
[2021.01.10-23.39.27:426][  0]LogD3D11RHI:   Driver Version: Unknown (internal:Unknown, unified:Unknown)
[2021.01.10-23.39.27:426][  0]LogD3D11RHI:      Driver Date: Unknown
[2021.01.10-23.39.27:426][  0]LogRHI: Texture pool is 1361 MB (70% of 1945 MB)
[2021.01.10-23.39.27:495][  0]LogD3D11RHI: Async texture creation enabled
[2021.01.10-23.39.27:508][  0]LogD3D11RHI: GPU Timing Frequency: 1000.000000 (Debug: 2 1)
[2021.01.10-23.39.27:510][  0]LogShaderCompilers: Guid format shader working directory is -27 characters bigger than the processId version (../../../../../../CLASE/VIDEOJUEGOS/LAB/JUEGO LIBRE UNREAL/Supervivencia/Intermediate/Shaders/WorkingDirectory/20028/).
[2021.01.10-23.39.27:510][  0]LogShaderCompilers: Cleaned the shader compiler working directory 'C:/Users/Sofía/AppData/Local/Temp/UnrealShaderWorkingDir/8924C90C43B3BEF7F25C7FA353C14B33/'.
[2021.01.10-23.39.27:510][  0]LogShaderCompilers:Display: Using Local Shader Compiler.
[2021.01.10-23.39.28:287][  0]LogTemp:Display: Loaded TP AllDesktopTargetPlatform
[2021.01.10-23.39.28:326][  0]LogTemp:Display: Loaded TP MacClientTargetPlatform
[2021.01.10-23.39.28:364][  0]LogTemp:Display: Loaded TP MacNoEditorTargetPlatform
[2021.01.10-23.39.28:402][  0]LogTemp:Display: Loaded TP MacServerTargetPlatform
[2021.01.10-23.39.28:441][  0]LogTemp:Display: Loaded TP MacTargetPlatform
[2021.01.10-23.39.28:479][  0]LogTemp:Display: Loaded TP WindowsClientTargetPlatform
[2021.01.10-23.39.28:518][  0]LogTemp:Display: Loaded TP WindowsNoEditorTargetPlatform
[2021.01.10-23.39.28:556][  0]LogTemp:Display: Loaded TP WindowsServerTargetPlatform
[2021.01.10-23.39.28:589][  0]LogTemp:Display: Loaded TP WindowsTargetPlatform
[2021.01.10-23.39.28:627][  0]LogTemp:Display: Loaded TP AndroidTargetPlatform
[2021.01.10-23.39.28:668][  0]LogTemp:Display: Loaded TP Android_ASTCTargetPlatform
[2021.01.10-23.39.28:713][  0]LogTemp:Display: Loaded TP Android_ATCTargetPlatform
[2021.01.10-23.39.28:756][  0]LogTemp:Display: Loaded TP Android_DXTTargetPlatform
[2021.01.10-23.39.28:799][  0]LogTemp:Display: Loaded TP Android_ETC1TargetPlatform
[2021.01.10-23.39.28:839][  0]LogTemp:Display: Loaded TP Android_ETC2TargetPlatform
[2021.01.10-23.39.28:920][  0]LogTemp:Display: Loaded TP Android_MultiTargetPlatform
[2021.01.10-23.39.28:920][  0]LogTemp:Display: Loaded TP Android_PVRTCTargetPlatform
[2021.01.10-23.39.28:955][  0]LogTemp:Display: Loaded TP HTML5TargetPlatform
[2021.01.10-23.39.29:032][  0]LogTemp:Display: Loaded TP IOSTargetPlatform
[2021.01.10-23.39.29:055][  0]LogTemp:Display: Loaded TP TVOSTargetPlatform
[2021.01.10-23.39.29:094][  0]LogTemp:Display: Loaded TP LinuxClientTargetPlatform
[2021.01.10-23.39.29:133][  0]LogTemp:Display: Loaded TP LinuxNoEditorTargetPlatform
[2021.01.10-23.39.29:172][  0]LogTemp:Display: Loaded TP LinuxServerTargetPlatform
[2021.01.10-23.39.29:212][  0]LogTemp:Display: Loaded TP LinuxTargetPlatform
[2021.01.10-23.39.29:212][  0]LogTargetPlatformManager:Display: Building Assets For Windows
[2021.01.10-23.39.29:585][  0]LogDerivedDataCache:Display: Max Cache Size: 512 MB
[2021.01.10-23.39.29:639][  0]LogDerivedDataCache: Loaded boot cache 0.05s 90MB C:/Users/Sofía/AppData/Local/UnrealEngine/4.16/DerivedDataCache/Boot.ddc.
[2021.01.10-23.39.29:639][  0]LogDerivedDataCache:Display: Loaded Boot cache: C:/Users/Sofía/AppData/Local/UnrealEngine/4.16/DerivedDataCache/Boot.ddc
[2021.01.10-23.39.29:639][  0]LogDerivedDataCache: FDerivedDataBackendGraph:  Pak pak cache file ../../../../../../CLASE/VIDEOJUEGOS/LAB/JUEGO LIBRE UNREAL/Supervivencia/DerivedDataCache/DDC.ddp not found, will not use a pak cache.
[2021.01.10-23.39.29:639][  0]LogDerivedDataCache: Unable to find inner node Pak for hierarchical cache Hierarchy.
[2021.01.10-23.39.29:639][  0]LogDerivedDataCache: FDerivedDataBackendGraph:  CompressedPak pak cache file ../../../../../../CLASE/VIDEOJUEGOS/LAB/JUEGO LIBRE UNREAL/Supervivencia/DerivedDataCache/Compressed.ddp not found, will not use a pak cache.
[2021.01.10-23.39.29:640][  0]LogDerivedDataCache: Unable to find inner node CompressedPak for hierarchical cache Hierarchy.
[2021.01.10-23.39.29:655][  0]LogDerivedDataCache:Display: Pak cache opened for reading ../../../Engine/DerivedDataCache/Compressed.ddp.
[2021.01.10-23.39.29:667][  0]LogDerivedDataCache: Using Local data cache path C:/Users/Sofía/AppData/Local/UnrealEngine/Common/DerivedDataCache: Writable
[2021.01.10-23.39.29:674][  0]LogMaterial: Verifying Global Shaders for PCD3D_SM5
[2021.01.10-23.39.29:675][  0]LogSlate: Using Freetype 2.6.0
[2021.01.10-23.39.29:675][  0]LogSlate: SlateFontCache - WITH_FREETYPE: 1, WITH_HARFBUZZ: 1
[2021.01.10-23.39.29:675][  0]LogSlate: SlateFontCache - WITH_FREETYPE: 1, WITH_HARFBUZZ: 1
[2021.01.10-23.39.29:941][  0]LogInit: Selected Device Profile: [Windows]
[2021.01.10-23.39.29:988][  0]LogContentStreaming: Texture pool size is 0.00 MB
[2021.01.10-23.39.30:102][  0]LogMeshUtilities: Using QuadricMeshReduction for automatic static mesh reduction
[2021.01.10-23.39.30:135][  0]LogSimplygon: Simplygon DLL not present - disabling.
[2021.01.10-23.39.30:172][  0]LogMeshUtilities: Using SimplygonSwarm for distributed automatic mesh merging
[2021.01.10-23.39.30:172][  0]LogMeshUtilities: No automatic skeletal mesh reduction module available
[2021.01.10-23.39.30:172][  0]LogMeshUtilities: No automatic mesh merging module available
[2021.01.10-23.39.30:567][  0]LogNetVersion: Supervivencia , NetCL: 3452394, EngineNetVer: 2, GameNetVer: 0 (Checksum: 1556410374)
[2021.01.10-23.39.30:618][  0]LogAssetRegistry: FAssetRegistry took 0.0248 seconds to start up
[2021.01.10-23.39.30:679][  0]LogPackageLocalizationCache: Processed 4 localized package path(s) for 1 prioritized culture(s) in 0.044317 seconds
[2021.01.10-23.39.30:684][  0]LogUObjectArray: 34194 objects as part of root set at end of initial load.
[2021.01.10-23.39.30:684][  0]LogUObjectAllocator: 7260416 out of 0 bytes used by permanent object pool.
[2021.01.10-23.39.30:684][  0]LogUObjectArray: CloseDisregardForGC: 0/0 objects in disregard for GC pool
[2021.01.10-23.39.30:730][  0]LogInit: WinSock: version 1.1 (2.2), MaxSocks=32767, MaxUdp=65467
[2021.01.10-23.39.32:584][  0]LogTcpMessaging: Initializing TcpMessaging bridge
[2021.01.10-23.39.32:619][  0]LogUdpMessaging: Initializing bridge on interface 0.0.0.0:0 to multicast group 230.0.0.1:6666.
[2021.01.10-23.39.33:040][  0]LogMaterial: Uniform references updated for custom material expression Custom.
[2021.01.10-23.39.33:339][  0]SourceControl: Info Source control is disabled
[2021.01.10-23.39.33:340][  0]SourceControl: Info Source control is disabled
[2021.01.10-23.39.33:379][  0]SourceControl: Info Source control is disabled
[2021.01.10-23.39.33:418][  0]SourceControl: Info Source control is disabled
[2021.01.10-23.39.33:959][  0]LogAndroidPermission: UAndroidPermissionCallbackProxy::GetInstance
[2021.01.10-23.39.34:428][  0]LogEngine: Initializing Engine...
[2021.01.10-23.39.34:429][  0]LogHMD: Failed to initialize OpenVR with code 110
[2021.01.10-23.39.34:547][  0]LogStats: UGameplayTagsManager::ConstructGameplayTagTree: Construct from data asset -  0.000 s
[2021.01.10-23.39.34:547][  0]LogStats: UGameplayTagsManager::ConstructGameplayTagTree: GameplayTagTreeChangedEvent.Broadcast -  0.000 s
[2021.01.10-23.39.34:640][  0]LogAIModule: Creating AISystem for world Untitled
[2021.01.10-23.39.34:651][  0]LogInit: XAudio2 using 'cascos (Realtek(R) Audio)' : 2 channels at 48 kHz using 32 bits per sample (channel mask 0x3)
[2021.01.10-23.39.34:667][  0]LogInit: FAudioDevice initialized.
[2021.01.10-23.39.34:709][  0]LogDerivedDataCache: Saved boot cache 0.04s 90MB C:/Users/Sofía/AppData/Local/UnrealEngine/4.16/DerivedDataCache/Boot.ddc.
[2021.01.10-23.39.34:723][  0]LogInit: Texture streaming: Enabled
[2021.01.10-23.39.34:802][  0]LogEngineSessionManager: EngineSessionManager initialized
[2021.01.10-23.39.35:010][  0]LogInit: Transaction tracking system initialized
[2021.01.10-23.39.35:280][  0]BlueprintLog: New page: Editor Load
[2021.01.10-23.39.36:025][  0]LocalizationService: Info Localization service is disabled
[2021.01.10-23.39.36:634][  0]LogConsoleResponse:Display: 
[2021.01.10-23.39.36:744][  0]LogCook:Display: Max memory allowance for cook 16384mb min free memory 0mb
[2021.01.10-23.39.36:744][  0]LogCook:Display: Mobile HDR setting 1
[2021.01.10-23.39.37:575][  0]LogFileCache: Scanning file cache for directory 'D:/CLASE/VIDEOJUEGOS/LAB/JUEGO LIBRE UNREAL/Supervivencia/Content/' took 0.04s
[2021.01.10-23.39.37:610][  0]SourceControl: Info Source control is disabled
[2021.01.10-23.39.37:610][  0]Cmd: MAP LOAD FILE="../../../../../../CLASE/VIDEOJUEGOS/LAB/JUEGO LIBRE UNREAL/Supervivencia/Content/Levels/Menu.umap" TEMPLATE=0 SHOWPROGRESS=1 FEATURELEVEL=3
[2021.01.10-23.39.37:611][  0]LightingResults: New page: Lighting Build
[2021.01.10-23.39.37:643][  0]MapCheck: New page: Map Check
[2021.01.10-23.39.37:643][  0]LightingResults: New page: Lighting Build
[2021.01.10-23.39.37:668][  0]LogAIModule: Creating AISystem for world Menu
[2021.01.10-23.39.37:669][  0]LogEditorServer: Finished looking for orphan Actors (0.000 secs)
[2021.01.10-23.39.37:675][  0]Cmd: MAP CHECKDEP NOCLEARLOG
[2021.01.10-23.39.37:714][  0]MapCheck: Info Map check complete: 0 Error(s), 0 Warning(s), took 39.384ms to complete.
[2021.01.10-23.39.37:714][  0]LogFileHelpers: Loading map 'Menu' took 0.104
[2021.01.10-23.39.37:834][  0]LogCollectionManager: Loaded 0 collections in 0.000861 seconds
[2021.01.10-23.39.37:902][  0]LogFileCache: Scanning file cache for directory 'D:/CLASE/VIDEOJUEGOS/LAB/JUEGO LIBRE UNREAL/Supervivencia/Saved/Collections/' took 0.01s
[2021.01.10-23.39.37:902][  0]LogFileCache: Scanning file cache for directory 'D:/CLASE/VIDEOJUEGOS/LAB/JUEGO LIBRE UNREAL/Supervivencia/Content/Developers/Sofía/Collections/' took 0.01s
[2021.01.10-23.39.37:902][  0]LogFileCache: Scanning file cache for directory 'D:/CLASE/VIDEOJUEGOS/LAB/JUEGO LIBRE UNREAL/Supervivencia/Content/Collections/' took 0.01s
[2021.01.10-23.39.37:902][  0]LogCollectionManager: Rebuilt the GUID cache for 0 collections in 0.000001 seconds
[2021.01.10-23.39.37:910][  0]LogContentBrowser: Native class hierarchy populated in 0.0079 seconds. Added 2329 classes and 491 folders.
[2021.01.10-23.39.37:960][  0]LogContentBrowser: Native class hierarchy updated for 'WidgetCarousel' in 0.0006 seconds. Added 0 classes and 0 folders.
[2021.01.10-23.39.38:001][  0]LogContentBrowser: Native class hierarchy updated for 'AddContentDialog' in 0.0006 seconds. Added 0 classes and 0 folders.
[2021.01.10-23.39.38:035][  0]LogContentBrowser: Native class hierarchy updated for 'SceneOutliner' in 0.0006 seconds. Added 1 classes and 2 folders.
[2021.01.10-23.39.38:063][  0]LogCrashTracker: Crashtracker disabled due to settings.
[2021.01.10-23.39.38:070][  0]LogSlate: Took 0.000294 seconds to synchronously load lazily loaded font '../../../Engine/Content/Slate/Fonts/Roboto-Regular.ttf' (155K)
[2021.01.10-23.39.38:072][  0]LogSlate: Took 0.000219 seconds to synchronously load lazily loaded font '../../../Engine/Content/Slate/Fonts/Roboto-Bold.ttf' (160K)
[2021.01.10-23.39.38:075][  0]LogSlate: Took 0.000167 seconds to synchronously load lazily loaded font '../../../Engine/Content/Editor/Slate/Fonts/FontAwesome.ttf' (139K)
[2021.01.10-23.39.38:077][  0]LogSlate: Took 0.000122 seconds to synchronously load lazily loaded font '../../../Engine/Content/Editor/Slate/Fonts/DroidSansMono.ttf' (77K)
[2021.01.10-23.39.38:151][  0]LogRenderer: Reallocating scene render targets to support 1076x424 NumSamples 1 (Frame:1).
[2021.01.10-23.39.38:254][  0]LogUObjectGlobals:Warning: Failed to find object 'Class None.'
[2021.01.10-23.39.38:311][  0]LogContentBrowser: Native class hierarchy updated for 'HierarchicalLODOutliner' in 0.0008 seconds. Added 1 classes and 2 folders.
[2021.01.10-23.39.38:312][  0]LogLoad: (Engine Initialization) Total time: 13.38 seconds
[2021.01.10-23.39.38:312][  0]LogLoad: (Engine Initialization) Total Blueprint compile time: 0.04 seconds
[2021.01.10-23.39.38:312][  0]LogExternalProfiler: No external profilers were discovered.  External profiling features will not be available.
[2021.01.10-23.39.38:652][  0]LogOcInput: OculusInput pre-init called
[2021.01.10-23.39.38:652][  0]LogHMD: Starting GearVRController plugin
[2021.01.10-23.39.38:681][  0]LogContentStreaming: Texture pool size now 1000 MB
[2021.01.10-23.39.38:716][  0]LogSlate: Took 0.000221 seconds to synchronously load lazily loaded font '../../../Engine/Content/Slate/Fonts/Roboto-Light.ttf' (159K)
[2021.01.10-23.39.38:984][  1]LogFileCache: Retrieving MD5 hashes for directory 'D:/CLASE/VIDEOJUEGOS/LAB/JUEGO LIBRE UNREAL/Supervivencia/Content/' took 0.32s
[2021.01.10-23.39.38:995][  1]LogAssetRegistry: Asset discovery search completed in 8.3991 seconds
[2021.01.10-23.39.38:999][  1]LogCollectionManager: Rebuilt the object cache for 0 collections in 0.000000 seconds (found 0 objects)
[2021.01.10-23.39.38:999][  1]LogCollectionManager: Fixed up redirectors for 0 collections in 0.000111 seconds (updated 0 objects)
[2021.01.10-23.39.39:653][  3]LogSlate: Took 0.000205 seconds to synchronously load lazily loaded font '../../../Engine/Content/Slate/Fonts/Roboto-Light.ttf' (159K)
[2021.01.10-23.39.58:724][598]LogSlate: Took 0.000183 seconds to synchronously load lazily loaded font '../../../Engine/Content/Slate/Fonts/Roboto-Light.ttf' (159K)
[2021.01.10-23.39.59:685][598]LogAIModule: Creating AISystem for world Level2
[2021.01.10-23.39.59:714][598]Cmd: MAP LOAD FILE="../../../../../../CLASE/VIDEOJUEGOS/LAB/JUEGO LIBRE UNREAL/Supervivencia/Content/Levels/Level2.umap" TEMPLATE=0 SHOWPROGRESS=1 FEATURELEVEL=3
[2021.01.10-23.39.59:714][598]LightingResults: New page: Lighting Build
[2021.01.10-23.39.59:714][598]LoadErrors: New page: Loading map: Level2.umap
[2021.01.10-23.39.59:715][598]MapCheck: New page: Map Check
[2021.01.10-23.39.59:715][598]LightingResults: New page: Lighting Build
[2021.01.10-23.39.59:740][598]LogEditorServer: Finished looking for orphan Actors (0.000 secs)
[2021.01.10-23.39.59:786][598]Cmd: MAP CHECKDEP NOCLEARLOG
[2021.01.10-23.39.59:844][598]MapCheck: Info Map check complete: 0 Error(s), 0 Warning(s), took 57.347ms to complete.
[2021.01.10-23.39.59:844][598]LogFileHelpers: Loading map 'Level2' took 0.131
[2021.01.10-23.40.00:940][726]LogTemp: Repeting last play command: Selected Viewport
[2021.01.10-23.40.01:067][726]LogPlayLevel: PlayLevel: No blueprints needed recompiling
[2021.01.10-23.40.01:067][726]PIE: New page: PIE session: Level2 (Jan 11, 2021, 1:40:01 AM)
[2021.01.10-23.40.01:068][726]LogPlayLevel: Creating play world package: /Game/Levels/UEDPIE_0_Level2
[2021.01.10-23.40.01:083][726]LogPlayLevel: PIE: StaticDuplicateObject took: (0.015170s)
[2021.01.10-23.40.01:084][726]LogAIModule: Creating AISystem for world Level2
[2021.01.10-23.40.01:084][726]LogPlayLevel: PIE: World Init took: (0.000590s)
[2021.01.10-23.40.01:084][726]LogPlayLevel: PIE: Created PIE world by copying editor world from /Game/Levels/Level2.Level2 to /Game/Levels/UEDPIE_0_Level2.Level2 (0.016173s)
[2021.01.10-23.40.01:095][726]LogInit: XAudio2 using 'cascos (Realtek(R) Audio)' : 2 channels at 48 kHz using 32 bits per sample (channel mask 0x3)
[2021.01.10-23.40.01:106][726]LogInit: FAudioDevice initialized.
[2021.01.10-23.40.01:149][726]LogLoad: Game class is 'ModoSupervivencia_C'
[2021.01.10-23.40.01:154][726]LogWorld: Bringing World /Game/Levels/UEDPIE_0_Level2.Level2 up for play (max tick rate 0) at 2021.01.11-00.40.01
[2021.01.10-23.40.01:155][726]LogWorld: Bringing up level for play took: 0.005014
[2021.01.10-23.40.01:187][726]LogContentBrowser: Native class hierarchy updated for 'MovieSceneCapture' in 0.0011 seconds. Added 11 classes and 0 folders.
[2021.01.10-23.40.01:190][726]PIE: Info Play in editor start time for /Game/Levels/UEDPIE_0_Level2 0.034
[2021.01.10-23.40.03:731][ 28]LogBlueprintUserMessages: [Shape_Cube_DM_Blueprint4] colision true
[2021.01.10-23.40.03:731][ 28]LogBlueprintUserMessages: [Shape_Cube_DM_Blueprint2] colision true
[2021.01.10-23.40.03:739][ 29]LogBlueprintUserMessages: [Shape_Cube_DM_Blueprint_2] colision true
[2021.01.10-23.40.03:757][ 31]LogBlueprintUserMessages: [Shape_Cube_DM_Blueprint7] colision true
[2021.01.10-23.40.03:766][ 32]LogBlueprintUserMessages: [Shape_Cube_DM_Blueprint6] colision true
[2021.01.10-23.40.17:936][732]LogBlueprintUserMessages: [Shape_Cube_DM_Blueprint5] colision true
[2021.01.10-23.40.18:119][754]LogBlueprintUserMessages: [Shape_Cube_DM_Blueprint3] colision true
[2021.01.10-23.40.18:319][778]LogBlueprintUserMessages: [Shape_Cube_DM_Blueprint8] colision true
[2021.01.10-23.40.25:746][669]LogBlueprintUserMessages: [bomb_Blueprint_C_0] exploded
[2021.01.10-23.40.33:021][535]LogTemp: Repeting last play command: Selected Viewport
[2021.01.10-23.40.33:044][535]LogPlayLevel: PlayLevel: No blueprints needed recompiling
[2021.01.10-23.40.33:045][535]PIE: New page: PIE session: Level2 (Jan 11, 2021, 1:40:33 AM)
[2021.01.10-23.40.33:045][535]LogPlayLevel: Creating play world package: /Game/Levels/UEDPIE_0_Level2
[2021.01.10-23.40.33:059][535]LogPlayLevel: PIE: StaticDuplicateObject took: (0.013946s)
[2021.01.10-23.40.33:060][535]LogAIModule: Creating AISystem for world Level2
[2021.01.10-23.40.33:060][535]LogPlayLevel: PIE: World Init took: (0.000643s)
[2021.01.10-23.40.33:060][535]LogPlayLevel: PIE: Created PIE world by copying editor world from /Game/Levels/Level2.Level2 to /Game/Levels/UEDPIE_0_Level2.Level2 (0.015060s)
[2021.01.10-23.40.33:071][535]LogInit: XAudio2 using 'cascos (Realtek(R) Audio)' : 2 channels at 48 kHz using 32 bits per sample (channel mask 0x3)
[2021.01.10-23.40.33:082][535]LogInit: FAudioDevice initialized.
[2021.01.10-23.40.33:109][535]LogLoad: Game class is 'ModoSupervivencia_C'
[2021.01.10-23.40.33:114][535]LogWorld: Bringing World /Game/Levels/UEDPIE_0_Level2.Level2 up for play (max tick rate 0) at 2021.01.11-00.40.33
[2021.01.10-23.40.33:115][535]LogWorld: Bringing up level for play took: 0.004374
[2021.01.10-23.40.33:117][535]PIE: Info Play in editor start time for /Game/Levels/UEDPIE_0_Level2 -0.039
[2021.01.10-23.40.34:938][751]LogBlueprintUserMessages: [Shape_Cube_DM_Blueprint2] colision true
[2021.01.10-23.40.34:946][752]LogBlueprintUserMessages: [Shape_Cube_DM_Blueprint4] colision true
[2021.01.10-23.40.34:963][754]LogBlueprintUserMessages: [Shape_Cube_DM_Blueprint_2] colision true
[2021.01.10-23.40.34:981][756]LogBlueprintUserMessages: [Shape_Cube_DM_Blueprint7] colision true
[2021.01.10-23.40.35:007][759]LogBlueprintUserMessages: [Shape_Cube_DM_Blueprint6] colision true
[2021.01.10-23.40.48:919][428]LogBlueprintUserMessages: [bomb_Blueprint_C_0] exploded
[2021.01.10-23.40.57:402][446]LogBlueprintUserMessages: [Shape_Cube_DM_Blueprint5] colision true
[2021.01.10-23.40.59:019][640]LogBlueprintUserMessages: [Shape_Cube_DM_Blueprint3] colision true
[2021.01.10-23.41.12:159][171]LogContentBrowser: Native class hierarchy updated for 'BlueprintGraph' in 0.0009 seconds. Added 112 classes and 0 folders.
[2021.01.10-23.41.12:568][171]LogSlate: Took 0.000165 seconds to synchronously load lazily loaded font '../../../Engine/Content/Slate/Fonts/Roboto-Regular.ttf' (155K)
[2021.01.10-23.41.12:607][171]LogSlate: Took 0.000235 seconds to synchronously load lazily loaded font '../../../Engine/Content/Editor/Slate/Fonts/Roboto-BoldCondensed.ttf' (158K)
[2021.01.10-23.41.12:660][172]LogSlate: Took 0.000219 seconds to synchronously load lazily loaded font '../../../Engine/Content/Editor/Slate/Fonts/Roboto-Italic.ttf' (157K)
[2021.01.10-23.41.42:997][549]BlueprintLog: New page: Compile mina_blueprint
[2021.01.10-23.41.44:388][695]LogTemp: Repeting last play command: Selected Viewport
[2021.01.10-23.41.44:418][695]LogPlayLevel: PlayLevel: No blueprints needed recompiling
[2021.01.10-23.41.44:418][695]PIE: New page: PIE session: Level2 (Jan 11, 2021, 1:41:44 AM)
[2021.01.10-23.41.44:419][695]LogPlayLevel: Creating play world package: /Game/Levels/UEDPIE_0_Level2
[2021.01.10-23.41.44:433][695]LogPlayLevel: PIE: StaticDuplicateObject took: (0.014278s)
[2021.01.10-23.41.44:434][695]LogAIModule: Creating AISystem for world Level2
[2021.01.10-23.41.44:434][695]LogPlayLevel: PIE: World Init took: (0.000734s)
[2021.01.10-23.41.44:434][695]LogPlayLevel: PIE: Created PIE world by copying editor world from /Game/Levels/Level2.Level2 to /Game/Levels/UEDPIE_0_Level2.Level2 (0.015425s)
[2021.01.10-23.41.44:451][695]LogInit: XAudio2 using 'cascos (Realtek(R) Audio)' : 2 channels at 48 kHz using 32 bits per sample (channel mask 0x3)
[2021.01.10-23.41.44:462][695]LogInit: FAudioDevice initialized.
[2021.01.10-23.41.44:491][695]LogLoad: Game class is 'ModoSupervivencia_C'
[2021.01.10-23.41.44:496][695]LogWorld: Bringing World /Game/Levels/UEDPIE_0_Level2.Level2 up for play (max tick rate 0) at 2021.01.11-00.41.44
[2021.01.10-23.41.44:497][695]LogWorld: Bringing up level for play took: 0.004390
[2021.01.10-23.41.44:499][695]PIE: Info Play in editor start time for /Game/Levels/UEDPIE_0_Level2 -0.657
[2021.01.10-23.41.48:929][224]LogBlueprintUserMessages: [Shape_Cube_DM_Blueprint7] colision true
[2021.01.10-23.41.48:929][224]LogBlueprintUserMessages: [Shape_Cube_DM_Blueprint6] colision true
[2021.01.10-23.41.53:634][779]Cmd: OBJ SAVEPACKAGE PACKAGE="/Game/Levels/Level2" FILE="../../../../../../CLASE/VIDEOJUEGOS/LAB/JUEGO LIBRE UNREAL/Supervivencia/Content/Levels/Level2.umap" SILENT=true AUTOSAVING=false KEEPDIRTY=false
[2021.01.10-23.41.53:834][779]LogSavePackage: Save=183.30ms
[2021.01.10-23.41.53:834][779]LogSavePackage: Moving '../../../../../../CLASE/VIDEOJUEGOS/LAB/JUEGO LIBRE UNREAL/Supervivencia/Saved/Level2B784C8C54D5033ECAFAC5D998FDE7D30.tmp' to '../../../../../../CLASE/VIDEOJUEGOS/LAB/JUEGO LIBRE UNREAL/Supervivencia/Content/Levels/Level2.umap'
[2021.01.10-23.41.53:840][779]LogSavePackage:Display: Finished SavePackage ../../../../../../CLASE/VIDEOJUEGOS/LAB/JUEGO LIBRE UNREAL/Supervivencia/Content/Levels/Level2.umap
[2021.01.10-23.41.53:873][779]Cmd: OBJ SAVEPACKAGE PACKAGE="/Game/Levels/Level2_BuiltData" FILE="../../../../../../CLASE/VIDEOJUEGOS/LAB/JUEGO LIBRE UNREAL/Supervivencia/Content/Levels/Level2_BuiltData.uasset" SILENT=true
[2021.01.10-23.41.54:079][779]LogSavePackage: Save=200.32ms
[2021.01.10-23.41.54:080][779]LogSavePackage: Moving '../../../../../../CLASE/VIDEOJUEGOS/LAB/JUEGO LIBRE UNREAL/Supervivencia/Saved/Level2_BuiltDataB91814304626FA08C9EB17990E9FFF0D.tmp' to '../../../../../../CLASE/VIDEOJUEGOS/LAB/JUEGO LIBRE UNREAL/Supervivencia/Content/Levels/Level2_BuiltData.uasset'
[2021.01.10-23.41.54:082][779]LogSavePackage:Display: Finished SavePackage ../../../../../../CLASE/VIDEOJUEGOS/LAB/JUEGO LIBRE UNREAL/Supervivencia/Content/Levels/Level2_BuiltData.uasset
[2021.01.10-23.42.15:203][294]Cmd: OBJ SAVEPACKAGE PACKAGE="/Game/Levels/Level2" FILE="../../../../../../CLASE/VIDEOJUEGOS/LAB/JUEGO LIBRE UNREAL/Supervivencia/Content/Levels/Level2.umap" SILENT=true AUTOSAVING=false KEEPDIRTY=false
[2021.01.10-23.42.15:397][294]LogSavePackage: Save=177.46ms
[2021.01.10-23.42.15:397][294]LogSavePackage: Moving '../../../../../../CLASE/VIDEOJUEGOS/LAB/JUEGO LIBRE UNREAL/Supervivencia/Saved/Level21ABB943541BF17CE954367A9E6A2F2CA.tmp' to '../../../../../../CLASE/VIDEOJUEGOS/LAB/JUEGO LIBRE UNREAL/Supervivencia/Content/Levels/Level2.umap'
[2021.01.10-23.42.15:399][294]LogSavePackage:Display: Finished SavePackage ../../../../../../CLASE/VIDEOJUEGOS/LAB/JUEGO LIBRE UNREAL/Supervivencia/Content/Levels/Level2.umap
[2021.01.10-23.42.15:431][294]Cmd: OBJ SAVEPACKAGE PACKAGE="/Game/Levels/Level2_BuiltData" FILE="../../../../../../CLASE/VIDEOJUEGOS/LAB/JUEGO LIBRE UNREAL/Supervivencia/Content/Levels/Level2_BuiltData.uasset" SILENT=true
[2021.01.10-23.42.15:585][294]LogSavePackage: Save=147.50ms
[2021.01.10-23.42.15:585][294]LogSavePackage: Moving '../../../../../../CLASE/VIDEOJUEGOS/LAB/JUEGO LIBRE UNREAL/Supervivencia/Saved/Level2_BuiltData250768344FCDF461AFB9F189DFF6A14C.tmp' to '../../../../../../CLASE/VIDEOJUEGOS/LAB/JUEGO LIBRE UNREAL/Supervivencia/Content/Levels/Level2_BuiltData.uasset'
[2021.01.10-23.42.15:587][294]LogSavePackage:Display: Finished SavePackage ../../../../../../CLASE/VIDEOJUEGOS/LAB/JUEGO LIBRE UNREAL/Supervivencia/Content/Levels/Level2_BuiltData.uasset
[2021.01.10-23.42.17:652][334]Cmd: OBJ SAVEPACKAGE PACKAGE="/Game/mina/mina_blueprint" FILE="../../../../../../CLASE/VIDEOJUEGOS/LAB/JUEGO LIBRE UNREAL/Supervivencia/Content/mina/mina_blueprint.uasset" SILENT=true
[2021.01.10-23.42.17:693][334]LogSavePackage: Save=24.92ms
[2021.01.10-23.42.17:693][334]LogSavePackage: Moving '../../../../../../CLASE/VIDEOJUEGOS/LAB/JUEGO LIBRE UNREAL/Supervivencia/Saved/mina_blueprintBD61D3A44236B81C62CA42A5C9FBFE3A.tmp' to '../../../../../../CLASE/VIDEOJUEGOS/LAB/JUEGO LIBRE UNREAL/Supervivencia/Content/mina/mina_blueprint.uasset'
[2021.01.10-23.42.17:696][334]LogSavePackage:Display: Finished SavePackage ../../../../../../CLASE/VIDEOJUEGOS/LAB/JUEGO LIBRE UNREAL/Supervivencia/Content/mina/mina_blueprint.uasset
[2021.01.10-23.42.17:785][334]LogWindowsTextInputMethodSystem:Display: IME system now deactivated.
[2021.01.10-23.42.17:948][335]Cmd: QUIT_EDITOR
[2021.01.10-23.42.18:353][335]LogExit: Preparing to exit.
[2021.01.10-23.42.18:819][335]LogDirectoryWatcher: A directory notification for 'D:/CLASE/VIDEOJUEGOS/LAB/JUEGO LIBRE UNREAL/Supervivencia/Content/' was aborted.
[2021.01.10-23.42.18:849][335]LogExit: Editor shut down
[2021.01.10-23.42.18:852][335]LogExit: Transaction tracking system shut down
[2021.01.10-23.42.18:930][335]LogObj: Freed 0b from 0 cluster array pools.
[2021.01.10-23.42.18:930][335]LogExit: Object subsystem successfully closed.
[2021.01.10-23.42.18:957][335]LogD3D11RHI: Shutdown
[2021.01.10-23.42.18:957][335]LogD3D11RHI: CleanupD3DDevice
[2021.01.10-23.42.19:024][335]LogD3D11RHI: ~FD3D11DynamicRHI
[2021.01.10-23.42.19:029][335]LogModuleManager: Shutting down and abandoning module BlueprintGraph (530)
[2021.01.10-23.42.19:029][335]LogModuleManager: Shutting down and abandoning module BlueprintProfiler (528)
[2021.01.10-23.42.19:029][335]LogModuleManager: Shutting down and abandoning module MovieSceneCapture (526)
[2021.01.10-23.42.19:029][335]LogModuleManager: Shutting down and abandoning module HierarchicalLODOutliner (524)
[2021.01.10-23.42.19:029][335]LogModuleManager: Shutting down and abandoning module CrashTracker (522)
[2021.01.10-23.42.19:029][335]LogModuleManager: Shutting down and abandoning module SceneOutliner (520)
[2021.01.10-23.42.19:029][335]LogModuleManager: Shutting down and abandoning module AddContentDialog (518)
[2021.01.10-23.42.19:029][335]LogDirectoryWatcher: A directory notification for 'D:/PROGRAMAS/UNREAL/UE_4.16/FeaturePacks/' was aborted.
[2021.01.10-23.42.19:030][335]LogModuleManager: Shutting down and abandoning module WidgetCarousel (517)
[2021.01.10-23.42.19:030][335]LogModuleManager: Shutting down and abandoning module EditorWidgets (514)
[2021.01.10-23.42.19:030][335]LogModuleManager: Shutting down and abandoning module CollectionManager (512)
[2021.01.10-23.42.19:030][335]LogDirectoryWatcher: A directory notification for 'D:/CLASE/VIDEOJUEGOS/LAB/JUEGO LIBRE UNREAL/Supervivencia/Content/Collections/' was aborted.
[2021.01.10-23.42.19:030][335]LogDirectoryWatcher: A directory notification for 'D:/CLASE/VIDEOJUEGOS/LAB/JUEGO LIBRE UNREAL/Supervivencia/Content/Developers/Sofía/Collections/' was aborted.
[2021.01.10-23.42.19:030][335]LogDirectoryWatcher: A directory notification for 'D:/CLASE/VIDEOJUEGOS/LAB/JUEGO LIBRE UNREAL/Supervivencia/Saved/Collections/' was aborted.
[2021.01.10-23.42.19:030][335]LogModuleManager: Shutting down and abandoning module StatsViewer (510)
[2021.01.10-23.42.19:030][335]LogModuleManager: Shutting down and abandoning module FoliageEdit (508)
[2021.01.10-23.42.19:030][335]LogModuleManager: Shutting down and abandoning module LandscapeEditor (506)
[2021.01.10-23.42.19:030][335]LogModuleManager: Shutting down and abandoning module MeshPaintMode (504)
[2021.01.10-23.42.19:030][335]LogModuleManager: Shutting down and abandoning module SceneDepthPickerMode (502)
[2021.01.10-23.42.19:030][335]LogModuleManager: Shutting down and abandoning module ActorPickerMode (500)
[2021.01.10-23.42.19:030][335]LogModuleManager: Shutting down and abandoning module GeometryMode (498)
[2021.01.10-23.42.19:030][335]LogModuleManager: Shutting down and abandoning module TextureAlignMode (496)
[2021.01.10-23.42.19:030][335]LogModuleManager: Shutting down and abandoning module BspMode (494)
[2021.01.10-23.42.19:030][335]LogModuleManager: Shutting down and abandoning module HardwareSurvey (492)
[2021.01.10-23.42.19:030][335]LogModuleManager: Shutting down and abandoning module SequenceRecorderSections (490)
[2021.01.10-23.42.19:030][335]LogModuleManager: Shutting down and abandoning module AutomationWorker (488)
[2021.01.10-23.42.19:030][335]LogModuleManager: Shutting down and abandoning module MatineeToLevelSequence (486)
[2021.01.10-23.42.19:030][335]LogModuleManager: Shutting down and abandoning module LevelSequenceEditor (484)
[2021.01.10-23.42.19:030][335]LogModuleManager: Shutting down and abandoning module PlacementMode (483)
[2021.01.10-23.42.19:030][335]LogModuleManager: Shutting down and abandoning module WmfMediaFactory (480)
[2021.01.10-23.42.19:030][335]LogModuleManager: Shutting down and abandoning module WmfMediaEditor (478)
[2021.01.10-23.42.19:030][335]LogModuleManager: Shutting down and abandoning module AvfMediaFactory (476)
[2021.01.10-23.42.19:030][335]LogModuleManager: Shutting down and abandoning module AvfMediaEditor (474)
[2021.01.10-23.42.19:030][335]LogModuleManager: Shutting down and abandoning module AndroidMediaFactory (472)
[2021.01.10-23.42.19:030][335]LogModuleManager: Shutting down and abandoning module Media (471)
[2021.01.10-23.42.19:030][335]LogModuleManager: Shutting down and abandoning module AndroidMediaEditor (468)
[2021.01.10-23.42.19:030][335]LogModuleManager: Shutting down and abandoning module CharacterAI (466)
[2021.01.10-23.42.19:030][335]LogModuleManager: Shutting down and abandoning module AudioCapture (464)
[2021.01.10-23.42.19:030][335]LogModuleManager: Shutting down and abandoning module SequenceRecorder (463)
[2021.01.10-23.42.19:030][335]LogModuleManager: Shutting down and abandoning module SmartSnapping (460)
[2021.01.10-23.42.19:030][335]LogModuleManager: Shutting down and abandoning module SessionServices (458)
[2021.01.10-23.42.19:030][335]LogModuleManager: Shutting down and abandoning module ViewportSnapping (456)
[2021.01.10-23.42.19:030][335]LogModuleManager: Shutting down and abandoning module ViewportInteraction (454)
[2021.01.10-23.42.19:030][335]LogModuleManager: Shutting down and abandoning module ClothPainter (452)
[2021.01.10-23.42.19:030][335]LogModuleManager: Shutting down and abandoning module LogVisualizer (450)
[2021.01.10-23.42.19:030][335]LogModuleManager: Shutting down and abandoning module IntroTutorials (448)
[2021.01.10-23.42.19:030][335]LogModuleManager: Shutting down and abandoning module GameProjectGeneration (447)
[2021.01.10-23.42.19:030][335]LogModuleManager: Shutting down and abandoning module EditorLiveStreaming (444)
[2021.01.10-23.42.19:030][335]LogModuleManager: Shutting down and abandoning module IOSPlatformEditor (442)
[2021.01.10-23.42.19:030][335]LogModuleManager: Shutting down and abandoning module HTML5PlatformEditor (440)
[2021.01.10-23.42.19:030][335]LogModuleManager: Shutting down and abandoning module AndroidPlatformEditor (438)
[2021.01.10-23.42.19:030][335]LogModuleManager: Shutting down and abandoning module AndroidDeviceDetection (437)
[2021.01.10-23.42.19:378][335]LogModuleManager: Shutting down and abandoning module IOSRuntimeSettings (434)
[2021.01.10-23.42.19:378][335]LogModuleManager: Shutting down and abandoning module AndroidRuntimeSettings (432)
[2021.01.10-23.42.19:378][335]LogModuleManager: Shutting down and abandoning module InputBindingEditor (430)
[2021.01.10-23.42.19:378][335]LogModuleManager: Shutting down and abandoning module MergeActors (428)
[2021.01.10-23.42.19:378][335]LogModuleManager: Shutting down and abandoning module SizeMap (426)
[2021.01.10-23.42.19:378][335]LogModuleManager: Shutting down and abandoning module TreeMap (424)
[2021.01.10-23.42.19:378][335]LogModuleManager: Shutting down and abandoning module ReferenceViewer (422)
[2021.01.10-23.42.19:378][335]LogModuleManager: Shutting down and abandoning module LocalizationDashboard (420)
[2021.01.10-23.42.19:378][335]LogModuleManager: Shutting down and abandoning module LocalizationService (419)
[2021.01.10-23.42.19:378][335]LogModuleManager: Shutting down and abandoning module HardwareTargeting (416)
[2021.01.10-23.42.19:378][335]LogModuleManager: Shutting down and abandoning module DeviceProfileEditor (414)
[2021.01.10-23.42.19:378][335]LogModuleManager: Shutting down and abandoning module UndoHistory (412)
[2021.01.10-23.42.19:378][335]LogModuleManager: Shutting down and abandoning module UserFeedback (410)
[2021.01.10-23.42.19:378][335]LogModuleManager: Shutting down and abandoning module XmlParser (408)
[2021.01.10-23.42.19:378][335]LogModuleManager: Shutting down and abandoning module Blutility (406)
[2021.01.10-23.42.19:378][335]LogModuleManager: Shutting down and abandoning module ProjectSettingsViewer (404)
[2021.01.10-23.42.19:378][335]LogModuleManager: Shutting down and abandoning module ProjectTargetPlatformEditor (403)
[2021.01.10-23.42.19:378][335]LogModuleManager: Shutting down and abandoning module EditorSettingsViewer (400)
[2021.01.10-23.42.19:379][335]LogModuleManager: Shutting down and abandoning module SettingsEditor (398)
[2021.01.10-23.42.19:379][335]LogModuleManager: Shutting down and abandoning module ProjectLauncher (396)
[2021.01.10-23.42.19:379][335]LogModuleManager: Shutting down and abandoning module SessionFrontend (394)
[2021.01.10-23.42.19:379][335]LogModuleManager: Shutting down and abandoning module ProfilerClient (392)
[2021.01.10-23.42.19:379][335]LogModuleManager: Shutting down and abandoning module DeviceManager (390)
[2021.01.10-23.42.19:379][335]LogModuleManager: Shutting down and abandoning module TargetDeviceServices (389)
[2021.01.10-23.42.19:423][335]LogModuleManager: Shutting down and abandoning module AutomationController (386)
[2021.01.10-23.42.19:423][335]LogModuleManager: Shutting down and abandoning module AutomationWindow (384)
[2021.01.10-23.42.19:423][335]LogModuleManager: Shutting down and abandoning module Layers (382)
[2021.01.10-23.42.19:423][335]LogModuleManager: Shutting down and abandoning module ComponentVisualizers (380)
[2021.01.10-23.42.19:423][335]LogModuleManager: Shutting down and abandoning module DetailCustomizations (378)
[2021.01.10-23.42.19:423][335]LogModuleManager: Shutting down and abandoning module PackagesDialog (376)
[2021.01.10-23.42.19:423][335]LogModuleManager: Shutting down and abandoning module Persona (374)
[2021.01.10-23.42.19:423][335]LogModuleManager: Shutting down and abandoning module AdvancedPreviewScene (373)
[2021.01.10-23.42.19:423][335]LogModuleManager: Shutting down and abandoning module AnimGraph (371)
[2021.01.10-23.42.19:423][335]LogModuleManager: Shutting down and abandoning module Kismet (368)
[2021.01.10-23.42.19:428][335]LogModuleManager: Shutting down and abandoning module ClassViewer (366)
[2021.01.10-23.42.19:428][335]LogModuleManager: Shutting down and abandoning module Toolbox (364)
[2021.01.10-23.42.19:428][335]LogModuleManager: Shutting down and abandoning module ModuleUI (362)
[2021.01.10-23.42.19:428][335]LogModuleManager: Shutting down and abandoning module MovieSceneTools (360)
[2021.01.10-23.42.19:428][335]LogModuleManager: Shutting down and abandoning module OutputLog (358)
[2021.01.10-23.42.19:428][335]LogModuleManager: Shutting down and abandoning module GammaUI (356)
[2021.01.10-23.42.19:428][335]LogModuleManager: Shutting down and abandoning module Documentation (354)
[2021.01.10-23.42.19:429][335]LogModuleManager: Shutting down and abandoning module MovieSceneTracks (352)
[2021.01.10-23.42.19:429][335]LogModuleManager: Shutting down and abandoning module MovieScene (350)
[2021.01.10-23.42.19:429][335]LogModuleManager: Shutting down and abandoning module Niagara (348)
[2021.01.10-23.42.19:429][335]LogModuleManager: Shutting down and abandoning module NiagaraEditor (347)
[2021.01.10-23.42.19:429][335]LogModuleManager: Shutting down and abandoning module StreamingPauseRendering (344)
[2021.01.10-23.42.19:429][335]LogModuleManager: Shutting down and abandoning module AnalyticsET (342)
[2021.01.10-23.42.19:429][335]LogModuleManager: Shutting down and abandoning module PortalServices (340)
[2021.01.10-23.42.19:429][335]LogModuleManager: Shutting down and abandoning module PortalRpc (338)
[2021.01.10-23.42.19:429][335]LogModuleManager: Shutting down and abandoning module MessagingRpc (336)
[2021.01.10-23.42.19:429][335]LogModuleManager: Shutting down and abandoning module AIModule (334)
[2021.01.10-23.42.19:429][335]LogModuleManager: Shutting down and abandoning module GameplayDebugger (333)
[2021.01.10-23.42.19:429][335]LogModuleManager: Shutting down and abandoning module AITestSuite (331)
[2021.01.10-23.42.19:429][335]LogModuleManager: Shutting down and abandoning module ProfilerService (328)
[2021.01.10-23.42.19:589][335]LogModuleManager: Shutting down and abandoning module TaskGraph (326)
[2021.01.10-23.42.19:589][335]LogModuleManager: Shutting down and abandoning module SteamVRController (324)
[2021.01.10-23.42.19:589][335]LogModuleManager: Shutting down and abandoning module SteamVR (322)
[2021.01.10-23.42.19:589][335]LogModuleManager: Shutting down and abandoning module ProceduralMeshComponentEditor (320)
[2021.01.10-23.42.19:589][335]LogModuleManager: Shutting down and abandoning module ProceduralMeshComponent (318)
[2021.01.10-23.42.19:589][335]LogModuleManager: Shutting down and abandoning module OculusLibrary (316)
[2021.01.10-23.42.19:589][335]LogModuleManager: Shutting down and abandoning module OculusInput (314)
[2021.01.10-23.42.19:589][335]LogModuleManager: Shutting down and abandoning module MobilePatchingUtils (312)
[2021.01.10-23.42.19:589][335]LogModuleManager: Shutting down and abandoning module CustomMeshComponent (310)
[2021.01.10-23.42.19:589][335]LogModuleManager: Shutting down and abandoning module CableComponent (308)
[2021.01.10-23.42.19:589][335]LogModuleManager: Shutting down and abandoning module ArchVisCharacter (306)
[2021.01.10-23.42.19:589][335]LogModuleManager: Shutting down and abandoning module AndroidPermission (304)
[2021.01.10-23.42.19:589][335]LogModuleManager: Shutting down and abandoning module MediaPlayerEditor (300)
[2021.01.10-23.42.19:589][335]LogModuleManager: Shutting down and abandoning module HTML5Networking (298)
[2021.01.10-23.42.19:589][335]LogModuleManager: Shutting down and abandoning module AlembicImporter (296)
[2021.01.10-23.42.19:589][335]LogModuleManager: Shutting down and abandoning module AlembicLibrary (295)
[2021.01.10-23.42.19:589][335]LogModuleManager: Shutting down and abandoning module GeometryCache (294)
[2021.01.10-23.42.19:589][335]LogModuleManager: Shutting down and abandoning module GeometryCacheEd (293)
[2021.01.10-23.42.19:589][335]LogModuleManager: Shutting down and abandoning module SuperSearchEditor (288)
[2021.01.10-23.42.19:589][335]LogModuleManager: Shutting down and abandoning module SuperSearch (287)
[2021.01.10-23.42.19:589][335]LogModuleManager: Shutting down and abandoning module SpeedTreeImporter (284)
[2021.01.10-23.42.19:589][335]LogModuleManager: Shutting down and abandoning module PluginBrowser (282)
[2021.01.10-23.42.19:589][335]LogModuleManager: Shutting down and abandoning module MobileLauncherProfileWizard (280)
[2021.01.10-23.42.19:589][335]LogModuleManager: Shutting down and abandoning module VisualStudioSourceCodeAccess (278)
[2021.01.10-23.42.19:589][335]LogModuleManager: Shutting down and abandoning module DesktopPlatform (277)
[2021.01.10-23.42.19:589][335]LogModuleManager: Shutting down and abandoning module UObjectPlugin (274)
[2021.01.10-23.42.19:589][335]LogModuleManager: Shutting down and abandoning module SubversionSourceControl (272)
[2021.01.10-23.42.19:589][335]LogModuleManager: Shutting down and abandoning module PerforceSourceControl (270)
[2021.01.10-23.42.19:589][335]LogModuleManager: Shutting down and abandoning module GitSourceControl (268)
[2021.01.10-23.42.19:589][335]LogModuleManager: Shutting down and abandoning module SourceControl (267)
[2021.01.10-23.42.19:589][335]LogModuleManager: Shutting down and abandoning module LightPropagationVolumeEditor (264)
[2021.01.10-23.42.19:589][335]LogModuleManager: Shutting down and abandoning module PaperTiledImporter (262)
[2021.01.10-23.42.19:589][335]LogModuleManager: Shutting down and abandoning module PaperSpriteSheetImporter (260)
[2021.01.10-23.42.19:589][335]LogModuleManager: Shutting down and abandoning module Paper2DEditor (258)
[2021.01.10-23.42.19:589][335]LogModuleManager: Shutting down and abandoning module MeshPaint (257)
[2021.01.10-23.42.19:589][335]LogModuleManager: Shutting down and abandoning module LevelEditor (255)
[2021.01.10-23.42.19:590][335]LogModuleManager: Shutting down and abandoning module PixelInspectorModule (254)
[2021.01.10-23.42.19:590][335]LogModuleManager: Shutting down and abandoning module MainFrame (252)
[2021.01.10-23.42.19:590][335]LogModuleManager: Shutting down and abandoning module HotReload (251)
[2021.01.10-23.42.19:590][335]LogModuleManager: Shutting down and abandoning module PhysXVehiclesEditor (246)
[2021.01.10-23.42.19:590][335]LogModuleManager: Shutting down and abandoning module PhysXVehicles (244)
[2021.01.10-23.42.19:590][335]LogModuleManager: Shutting down and abandoning module LocationServicesBPLibrary (242)
[2021.01.10-23.42.19:590][335]LogModuleManager: Shutting down and abandoning module ImmediatePhysicsEditor (240)
[2021.01.10-23.42.19:590][335]LogModuleManager: Shutting down and abandoning module ImmediatePhysics (238)
[2021.01.10-23.42.19:590][335]LogModuleManager: Shutting down and abandoning module UdpMessaging (236)
[2021.01.10-23.42.19:691][335]LogModuleManager: Shutting down and abandoning module TcpMessaging (234)
[2021.01.10-23.42.19:792][335]LogModuleManager: Shutting down and abandoning module GameplayTagsEditor (232)
[2021.01.10-23.42.19:792][335]LogModuleManager: Shutting down and abandoning module FacialAnimationEditor (230)
[2021.01.10-23.42.19:792][335]LogModuleManager: Shutting down and abandoning module FacialAnimation (228)
[2021.01.10-23.42.19:792][335]LogModuleManager: Shutting down and abandoning module AssetManagerEditor (226)
[2021.01.10-23.42.19:792][335]LogModuleManager: Shutting down and abandoning module GraphEditor (225)
[2021.01.10-23.42.19:792][335]LogModuleManager: Shutting down and abandoning module ContentBrowser (223)
[2021.01.10-23.42.19:792][335]LogModuleManager: Shutting down and abandoning module LightPropagationVolumeRuntime (220)
[2021.01.10-23.42.19:792][335]LogModuleManager: Shutting down and abandoning module Paper2D (218)
[2021.01.10-23.42.19:792][335]LogModuleManager: Shutting down and abandoning module WindowsMoviePlayer (216)
[2021.01.10-23.42.19:792][335]LogModuleManager: Shutting down and abandoning module WmfMedia (214)
[2021.01.10-23.42.19:793][335]LogModuleManager: Shutting down and abandoning module ClothingSystemEditor (212)
[2021.01.10-23.42.19:793][335]LogModuleManager: Shutting down and abandoning module ClothingSystemRuntime (210)
[2021.01.10-23.42.19:793][335]LogModuleManager: Shutting down and abandoning module MediaAssets (208)
[2021.01.10-23.42.19:793][335]LogModuleManager: Shutting down and abandoning module GameLiveStreaming (206)
[2021.01.10-23.42.19:794][335]LogModuleManager: Shutting down and abandoning module VREditor (204)
[2021.01.10-23.42.19:794][335]LogModuleManager: Shutting down and abandoning module StringTableEditor (202)
[2021.01.10-23.42.19:794][335]LogModuleManager: Shutting down and abandoning module GameplayTasksEditor (200)
[2021.01.10-23.42.19:794][335]LogModuleManager: Shutting down and abandoning module BehaviorTreeEditor (198)
[2021.01.10-23.42.19:794][335]LogModuleManager: Shutting down and abandoning module FunctionalTesting (196)
[2021.01.10-23.42.19:794][335]LogModuleManager: Shutting down and abandoning module CollisionAnalyzer (194)
[2021.01.10-23.42.19:794][335]LogModuleManager: Shutting down and abandoning module UMG (192)
[2021.01.10-23.42.19:794][335]LogModuleManager: Shutting down and abandoning module UMGEditor (191)
[2021.01.10-23.42.19:794][335]LogModuleManager: Shutting down and abandoning module Sequencer (190)
[2021.01.10-23.42.19:794][335]LogModuleManager: Shutting down and abandoning module AssetTools (188)
[2021.01.10-23.42.19:794][335]LogModuleManager: Shutting down and abandoning module MessageLog (187)
[2021.01.10-23.42.19:794][335]LogModuleManager: Shutting down and abandoning module WorkspaceMenuStructure (186)
[2021.01.10-23.42.19:794][335]LogModuleManager: Shutting down and abandoning module SlateReflector (180)
[2021.01.10-23.42.19:794][335]LogModuleManager: Shutting down and abandoning module Slate (178)
[2021.01.10-23.42.19:794][335]LogModuleManager: Shutting down and abandoning module EditorStyle (176)
[2021.01.10-23.42.19:795][335]LogModuleManager: Shutting down and abandoning module SourceCodeAccess (174)
[2021.01.10-23.42.19:795][335]LogModuleManager: Shutting down and abandoning module HeadMountedDisplay (172)
[2021.01.10-23.42.19:795][335]LogModuleManager: Shutting down and abandoning module XAudio2 (170)
[2021.01.10-23.42.19:795][335]LogModuleManager: Shutting down and abandoning module Networking (168)
[2021.01.10-23.42.19:795][335]LogModuleManager: Shutting down and abandoning module Core (164)
[2021.01.10-23.42.19:795][335]LogModuleManager: Shutting down and abandoning module AssetRegistry (162)
[2021.01.10-23.42.19:924][335]LogDirectoryWatcher: A directory notification for '../../../Engine/Content/' was aborted.
[2021.01.10-23.42.19:924][335]LogDirectoryWatcher: A directory notification for '../../../../../../CLASE/VIDEOJUEGOS/LAB/JUEGO LIBRE UNREAL/Supervivencia/Content/' was aborted.
[2021.01.10-23.42.19:924][335]LogDirectoryWatcher: A directory notification for '../../../Engine/Plugins/2D/Paper2D/Content/' was aborted.
[2021.01.10-23.42.19:924][335]LogDirectoryWatcher: A directory notification for '../../../Engine/Plugins/Runtime/GearVR/Content/' was aborted.
[2021.01.10-23.42.19:928][335]LogModuleManager: Shutting down and abandoning module DirectoryWatcher (161)
[2021.01.10-23.42.19:928][335]LogModuleManager: Shutting down and abandoning module KismetCompiler (158)
[2021.01.10-23.42.19:928][335]LogModuleManager: Shutting down and abandoning module LevelSequence (156)
[2021.01.10-23.42.19:928][335]LogModuleManager: Shutting down and abandoning module PhysXFormats (154)
[2021.01.10-23.42.19:928][335]LogModuleManager: Shutting down and abandoning module MeshUtilities (152)
[2021.01.10-23.42.19:929][335]LogModuleManager: Shutting down and abandoning module SimplygonSwarm (151)
[2021.01.10-23.42.19:929][335]LogModuleManager: Shutting down and abandoning module SimplygonMeshReduction (149)
[2021.01.10-23.42.19:929][335]LogModuleManager: Shutting down and abandoning module QuadricMeshReduction (147)
[2021.01.10-23.42.19:929][335]LogModuleManager: Shutting down and abandoning module DerivedDataCache (144)
[2021.01.10-23.42.19:986][335]LogDerivedDataCache: Shutdown
[2021.01.10-23.42.19:986][335]LogModuleManager: Shutting down and abandoning module TargetPlatform (142)
[2021.01.10-23.42.19:986][335]LogModuleManager: Shutting down and abandoning module VulkanShaderFormat (141)
[2021.01.10-23.42.19:986][335]LogModuleManager: Shutting down and abandoning module ShaderFormatVectorVM (139)
[2021.01.10-23.42.19:986][335]LogModuleManager: Shutting down and abandoning module ShaderFormatOpenGL (137)
[2021.01.10-23.42.19:986][335]LogModuleManager: Shutting down and abandoning module ShaderFormatD3D (135)
[2021.01.10-23.42.19:986][335]LogModuleManager: Shutting down and abandoning module MetalShaderFormat (133)
[2021.01.10-23.42.19:986][335]LogModuleManager: Shutting down and abandoning module TextureFormatUncompressed (131)
[2021.01.10-23.42.19:986][335]LogModuleManager: Shutting down and abandoning module TextureFormatPVR (129)
[2021.01.10-23.42.19:986][335]LogModuleManager: Shutting down and abandoning module TextureFormatDXT (127)
[2021.01.10-23.42.19:986][335]LogModuleManager: Shutting down and abandoning module TextureFormatIntelISPCTexComp (125)
[2021.01.10-23.42.19:986][335]LogModuleManager: Shutting down and abandoning module TextureFormatASTC (123)
[2021.01.10-23.42.19:986][335]LogModuleManager: Shutting down and abandoning module ImageWrapper (122)
[2021.01.10-23.42.19:986][335]LogModuleManager: Shutting down and abandoning module TextureFormatAndroid (119)
[2021.01.10-23.42.19:986][335]LogModuleManager: Shutting down and abandoning module AudioFormatOpus (117)
[2021.01.10-23.42.19:986][335]LogModuleManager: Shutting down and abandoning module AudioFormatOgg (115)
[2021.01.10-23.42.19:986][335]LogModuleManager: Shutting down and abandoning module AudioFormatADPCM (113)
[2021.01.10-23.42.19:986][335]LogModuleManager: Shutting down and abandoning module LinuxTargetPlatform (111)
[2021.01.10-23.42.19:986][335]LogModuleManager: Shutting down and abandoning module LinuxServerTargetPlatform (109)
[2021.01.10-23.42.19:986][335]LogModuleManager: Shutting down and abandoning module LinuxNoEditorTargetPlatform (107)
[2021.01.10-23.42.19:986][335]LogModuleManager: Shutting down and abandoning module LinuxClientTargetPlatform (105)
[2021.01.10-23.42.19:986][335]LogModuleManager: Shutting down and abandoning module TVOSTargetPlatform (103)
[2021.01.10-23.42.19:986][335]LogModuleManager: Shutting down and abandoning module Messaging (101)
[2021.01.10-23.42.19:986][335]LogModuleManager: Shutting down and abandoning module IOSTargetPlatform (99)
[2021.01.10-23.42.19:986][335]LogModuleManager: Shutting down and abandoning module HTML5TargetPlatform (97)
[2021.01.10-23.42.19:986][335]LogModuleManager: Shutting down and abandoning module Android_PVRTCTargetPlatform (95)
[2021.01.10-23.42.19:986][335]LogModuleManager: Shutting down and abandoning module Android_MultiTargetPlatform (93)
[2021.01.10-23.42.19:986][335]LogModuleManager: Shutting down and abandoning module Android_ETC2TargetPlatform (91)
[2021.01.10-23.42.19:986][335]LogModuleManager: Shutting down and abandoning module Android_ETC1TargetPlatform (89)
[2021.01.10-23.42.19:986][335]LogModuleManager: Shutting down and abandoning module Android_DXTTargetPlatform (87)
[2021.01.10-23.42.19:986][335]LogModuleManager: Shutting down and abandoning module Android_ATCTargetPlatform (85)
[2021.01.10-23.42.19:986][335]LogModuleManager: Shutting down and abandoning module Android_ASTCTargetPlatform (83)
[2021.01.10-23.42.19:986][335]LogModuleManager: Shutting down and abandoning module AndroidTargetPlatform (81)
[2021.01.10-23.42.19:986][335]LogModuleManager: Shutting down and abandoning module WindowsTargetPlatform (79)
[2021.01.10-23.42.19:986][335]LogModuleManager: Shutting down and abandoning module WindowsServerTargetPlatform (77)
[2021.01.10-23.42.19:986][335]LogModuleManager: Shutting down and abandoning module WindowsNoEditorTargetPlatform (75)
[2021.01.10-23.42.19:986][335]LogModuleManager: Shutting down and abandoning module WindowsClientTargetPlatform (73)
[2021.01.10-23.42.19:986][335]LogModuleManager: Shutting down and abandoning module MacTargetPlatform (71)
[2021.01.10-23.42.19:986][335]LogModuleManager: Shutting down and abandoning module MacServerTargetPlatform (69)
[2021.01.10-23.42.19:986][335]LogModuleManager: Shutting down and abandoning module MacNoEditorTargetPlatform (67)
[2021.01.10-23.42.19:986][335]LogModuleManager: Shutting down and abandoning module MacClientTargetPlatform (65)
[2021.01.10-23.42.19:986][335]LogModuleManager: Shutting down and abandoning module AllDesktopTargetPlatform (63)
[2021.01.10-23.42.19:986][335]LogModuleManager: Shutting down and abandoning module InputCore (60)
[2021.01.10-23.42.19:986][335]LogModuleManager: Shutting down and abandoning module Settings (58)
[2021.01.10-23.42.19:986][335]LogModuleManager: Shutting down and abandoning module OculusRift (56)
[2021.01.10-23.42.19:986][335]LogModuleManager: Shutting down and abandoning module GearVRController (54)
[2021.01.10-23.42.19:986][335]LogModuleManager: Shutting down and abandoning module GearVR (52)
[2021.01.10-23.42.19:986][335]LogModuleManager: Shutting down and abandoning module ExampleDeviceProfileSelector (50)
[2021.01.10-23.42.19:986][335]LogModuleManager: Shutting down and abandoning module OnlineBlueprintSupport (48)
[2021.01.10-23.42.19:986][335]LogModuleManager: Shutting down and abandoning module OnlineSubsystem (44)
[2021.01.10-23.42.19:986][335]LogOnline:Display: Unloading online subsystem: NULL
[2021.01.10-23.42.19:986][335]LogModuleManager: Shutting down and abandoning module XMPP (43)
[2021.01.10-23.42.19:986][335]LogModuleManager: Shutting down and abandoning module HTTP (41)
[2021.01.10-23.42.19:987][335]LogHttp:Display: Http module shutting down, but needs to wait on 1 outstanding Http requests:
[2021.01.10-23.42.19:987][335]LogHttp:Display: 	verb=[POST] url=[https://datarouter.ol.epicgames.com/datarouter/api/v1/public/data?SessionID=%7B88316B8A-4513-9401-8F56-E080FD149281%7D&AppID=UEEditor.Rocket.Release&AppVersion=4.16.3-3561208%2B%2B%2BUE4%2BRelease-4.16&UserID=e501a7c44c841f62f7de50abe6de14c6%7C277c8d9923434d3bb8920cc7c789e26e%7C7a263120-b56e-4687-b57b-11107039a0b9&AppEnvironment=datacollector-binary&UploadType=eteventstream] status=Processing
[2021.01.10-23.42.20:008][335]LogModuleManager: Shutting down and abandoning module SSL (40)
[2021.01.10-23.42.20:009][335]LogModuleManager: Shutting down and abandoning module HTTPChunkInstaller (36)
[2021.01.10-23.42.20:009][335]LogModuleManager: Shutting down and abandoning module AnimationModifiers (34)
[2021.01.10-23.42.20:009][335]LogModuleManager: Shutting down and abandoning module PropertyEditor (33)
[2021.01.10-23.42.20:009][335]LogModuleManager: Shutting down and abandoning module AudioEditor (30)
[2021.01.10-23.42.20:009][335]LogModuleManager: Shutting down and abandoning module TextureCompressor (28)
[2021.01.10-23.42.20:010][335]LogModuleManager: Shutting down and abandoning module ShaderCore (26)
[2021.01.10-23.42.20:010][335]LogModuleManager: Shutting down and abandoning module Landscape (24)
[2021.01.10-23.42.20:010][335]LogModuleManager: Shutting down and abandoning module SlateRHIRenderer (22)
[2021.01.10-23.42.20:010][335]LogModuleManager: Shutting down and abandoning module OpenGLDrv (20)
[2021.01.10-23.42.20:010][335]LogModuleManager: Shutting down and abandoning module D3D11RHI (18)
[2021.01.10-23.42.20:010][335]LogModuleManager: Shutting down and abandoning module AnimGraphRuntime (16)
[2021.01.10-23.42.20:010][335]LogModuleManager: Shutting down and abandoning module Renderer (14)
[2021.01.10-23.42.20:010][335]LogModuleManager: Shutting down and abandoning module Engine (12)
[2021.01.10-23.42.20:010][335]LogModuleManager: Shutting down and abandoning module CoreUObject (10)
[2021.01.10-23.42.20:010][335]LogModuleManager: Shutting down and abandoning module NetworkFile (8)
[2021.01.10-23.42.20:010][335]LogModuleManager: Shutting down and abandoning module StreamingFile (6)
[2021.01.10-23.42.20:010][335]LogModuleManager: Shutting down and abandoning module SandboxFile (4)
[2021.01.10-23.42.20:010][335]LogModuleManager: Shutting down and abandoning module PakFile (2)
[2021.01.10-23.42.20:012][335]LogExit: Exiting.
[2021.01.10-23.42.20:028][335]Log file closed, 01/11/21 00:42:20
